[10:19:16] This is Prokka 1.14.6
[10:19:16] Written by Torsten Seemann <torsten.seemann@gmail.com>
[10:19:16] Homepage is https://github.com/tseemann/prokka
[10:19:16] Local time is Tue May  7 10:19:16 2024
[10:19:16] You are nathanieldavies
[10:19:16] Operating system is darwin
[10:19:16] You have BioPerl 1.7.8
[10:19:16] System has 11 cores.
[10:19:16] Will use maximum of 8 cores.
[10:19:16] Annotating as >>> Bacteria <<<
[10:19:16] Generating locus_tag from 'AbyssOutput/mtuberculosis-8.fa' contents.
[10:19:16] Setting --locustag AJBIFGEO from MD5 a3b2f0e81a8416e802f367977c31736d
[10:19:16] Creating new output folder: prokkaGAA
[10:19:16] Running: mkdir -p prokkaGAA
[10:19:16] Using filename prefix: mtuberculosis.XXX
[10:19:16] Setting HMMER_NCPU=1
[10:19:16] Writing log to: prokkaGAA/mtuberculosis.log
[10:19:16] Command: /Users/nathanieldavies/miniforge3/envs/genomeassembly/bin/Prokka --outdir prokkaGAA --prefix mtuberculosis AbyssOutput/mtuberculosis-8.fa
[10:19:16] Appending to PATH: /Users/nathanieldavies/miniforge3/envs/genomeassembly/bin
[10:19:16] Looking for 'aragorn' - found /Users/nathanieldavies/miniforge3/envs/genomeassembly/bin/aragorn
[10:19:16] Determined aragorn version is 001002 from 'ARAGORN v1.2.41 Dean Laslett'
[10:19:16] Looking for 'barrnap' - found /Users/nathanieldavies/miniforge3/envs/genomeassembly/bin/barrnap
[10:19:16] Determined barrnap version is 000009 from 'barrnap 0.9'
[10:19:16] Looking for 'blastp' - found /Users/nathanieldavies/miniforge3/envs/genomeassembly/bin/blastp
[10:19:16] Determined blastp version is 002015 from 'blastp: 2.15.0+'
[10:19:16] Looking for 'cmpress' - found /Users/nathanieldavies/miniforge3/envs/genomeassembly/bin/cmpress
[10:19:17] Determined cmpress version is 001001 from '# INFERNAL 1.1.5 (Sep 2023)'
[10:19:17] Looking for 'cmscan' - found /Users/nathanieldavies/miniforge3/envs/genomeassembly/bin/cmscan
[10:19:17] Determined cmscan version is 001001 from '# INFERNAL 1.1.5 (Sep 2023)'
[10:19:17] Looking for 'egrep' - found /usr/bin/egrep
[10:19:17] Looking for 'find' - found /usr/bin/find
[10:19:17] Looking for 'grep' - found /usr/bin/grep
[10:19:17] Looking for 'hmmpress' - found /Users/nathanieldavies/miniforge3/envs/genomeassembly/bin/hmmpress
[10:19:17] Determined hmmpress version is 003004 from '# HMMER 3.4 (Aug 2023); http://hmmer.org/'
[10:19:17] Looking for 'hmmscan' - found /Users/nathanieldavies/miniforge3/envs/genomeassembly/bin/hmmscan
[10:19:17] Determined hmmscan version is 003004 from '# HMMER 3.4 (Aug 2023); http://hmmer.org/'
[10:19:17] Looking for 'java' - found /usr/bin/java
[10:19:17] Looking for 'makeblastdb' - found /Users/nathanieldavies/miniforge3/envs/genomeassembly/bin/makeblastdb
[10:19:17] Determined makeblastdb version is 002015 from 'makeblastdb: 2.15.0+'
[10:19:17] Looking for 'minced' - found /Users/nathanieldavies/miniforge3/envs/genomeassembly/bin/minced
[10:19:18] Determined minced version is 004002 from 'minced 0.4.2'
[10:19:18] Looking for 'parallel' - found /Users/nathanieldavies/miniforge3/envs/genomeassembly/bin/parallel
[10:19:18] Determined parallel version is 20240122 from 'GNU parallel 20240122'
[10:19:18] Looking for 'prodigal' - found /Users/nathanieldavies/miniforge3/envs/genomeassembly/bin/prodigal
[10:19:18] Determined prodigal version is 002006 from 'Prodigal V2.6.3: February, 2016'
[10:19:18] Looking for 'prokka-genbank_to_fasta_db' - found /Users/nathanieldavies/miniforge3/envs/genomeassembly/bin/prokka-genbank_to_fasta_db
[10:19:18] Looking for 'sed' - found /usr/bin/sed
[10:19:18] Looking for 'tbl2asn' - found /Users/nathanieldavies/miniforge3/envs/genomeassembly/bin/tbl2asn
[10:19:18] Determined tbl2asn version is 025007 from 'tbl2asn 25.7   arguments:'
[10:19:18] Using genetic code table 11.
[10:19:18] Loading and checking input file: AbyssOutput/mtuberculosis-8.fa
[10:19:18] Wrote 1624 contigs totalling 4628404 bp.
[10:19:18] Predicting tRNAs and tmRNAs
[10:19:18] Running: aragorn -l -gc11  -w prokkaGAA\/mtuberculosis\.fna
[10:19:19] 1 tRNA-Ala c[1808,1890] 39 (ggc)
[10:19:19] 1 tRNA-Glu [9,82] 35 (ctc)
[10:19:19] 1 tRNA-His [5216,5291] 34 (gtg)
[10:19:19] 1 tRNA-Met c[5881,5957] 35 (cat)
[10:19:19] 1 tRNA-His [761,860] 38 (gtg)
[10:19:19] 1 tRNA-Leu c[9984,10068] 35 (tag)
[10:19:19] 1 tRNA-Ser c[3868,3957] 35 (cga)
[10:19:19] 1 tRNA-Pro [2220,2295] 35 (cgg)
[10:19:19] 1 tRNA-Pro [10773,10865] 35 (ggg)
[10:19:19] 1 tRNA-Leu c[21725,21811] 34 (gag)
[10:19:19] 1 tRNA-Ser [5176,5265] 35 (gct)
[10:19:19] 2 tRNA-Arg [5295,5368] 34 (acg)
[10:19:19] 1 tRNA-Arg [23351,23425] 35 (tct)
[10:19:19] 1 tRNA-Thr c[3747,3819] 33 (tgt)
[10:19:19] 1 tRNA-Leu c[92,166] 35 (taa)
[10:19:19] 1 tRNA-Val c[7472,7544] 33 (cac)
[10:19:19] 2 tRNA-Gly [7729,7802] 34 (gcc)
[10:19:19] 3 tRNA-Cys [7831,7904] 33 (gca)
[10:19:19] 4 tRNA-Val [7918,7992] 33 (gac)
[10:19:19] 1 tRNA-Gly c[3856,3927] 33 (tcc)
[10:19:19] 2 tRNA-Pro [4064,4140] 35 (tgg)
[10:19:19] 1 tRNA-Asn c[371,444] 34 (gtt)
[10:19:19] 1 tRNA-Ser [1907,1994] 35 (tga)
[10:19:19] 1 tRNA-Val c[40539,40612] 33 (tac)
[10:19:19] 1 tRNA-Phe c[1085,1161] 35 (gaa)
[10:19:19] 2 tRNA-Asp c[1188,1264] 35 (gtc)
[10:19:19] 3 tRNA-Glu c[1300,1375] 36 (ttc)
[10:19:19] 4 tRNA-Lys [1499,1572] 34 (ttt)
[10:19:19] 1 tRNA-Thr c[34015,34090] 34 (cgt)
[10:19:19] 1 tRNA-Thr [6274,6347] 34 (ggt)
[10:19:19] 2 tRNA-Met [6383,6457] 35 (cat)
[10:19:19] 3 tRNA-Trp [8304,8377] 34 (cca)
[10:19:19] 1 tRNA-Tyr c[11063,11146] 35 (gta)
[10:19:21] 1 tRNA-Thr [4172,4246] 33 (ggt)
[10:19:21] 1 tRNA-Arg c[32487,32583] 37 (ccg)
[10:19:21] 1 tRNA-Gly [26690,26782] 33 (gcc)
[10:19:21] 1 tRNA-Lys [5668,5741] 34 (ctt)
[10:19:21] 1 tRNA-Met [32203,32277] 35 (cat)
[10:19:21] 1 tRNA-Pro [18400,18474] 35 (ggg)
[10:19:21] 1 tRNA-Glu c[90351,90424] 35 (ctc)
[10:19:21] 2 tRNA-Gln c[90463,90535] 34 (ctg)
[10:19:21] 1 tRNA-Leu [13049,13135] 32 (aag)
[10:19:21] 1 tRNA-Arg [1767,1840] 34 (cct)
[10:19:21] 1 tRNA-Ala [11838,11913] 34 (cgc)
[10:19:21] 2 tRNA-Gln c[36361,36433] 34 (ttg)
[10:19:21] 1 tRNA-Ala [8186,8259] 34 (ggc)
[10:19:21] 1 tRNA-Ser [37915,38003] 35 (gga)
[10:19:21] 1 tRNA-Gly c[13005,13077] 33 (ccc)
[10:19:21] 1 tRNA-Arg [23293,23366] 34 (ccg)
[10:19:21] 1 tRNA-Leu [36076,36152] 35 (caa)
[10:19:21] 1 tRNA-Leu [3819,3903] 34 (cag)
[10:19:21] 1 tRNA-Ile [17773,17847] 35 (gat)
[10:19:21] 2 tRNA-Ala [17998,18071] 34 (tgc)
[10:19:21] 1 tmRNA [13116,13482] 95,133 ADSHQRDYALAA*
[10:19:21] Found 54 tRNAs
[10:19:21] Predicting Ribosomal RNAs
[10:19:21] Running Barrnap with 8 threads
[10:19:21] 1 11615 11502 5S ribosomal RNA (partial)
[10:19:21] 2 11615 11691 23S ribosomal RNA
[10:19:21] 3 11615 15100 16S ribosomal RNA
[10:19:21] Found 3 rRNAs
[10:19:21] Skipping ncRNA search, enable with --rfam if desired.
[10:19:21] Total of 56 tRNA + rRNA features
[10:19:21] Searching for CRISPR repeats
[10:19:21] CRISPR1 3097 2166 with 18 spacers
[10:19:22] CRISPR2 11263 974 with 8 spacers
[10:19:22] CRISPR3 11552 31804 with 29 spacers
[10:19:22] CRISPR4 11588 9420 with 30 spacers
[10:19:22] Found 4 CRISPRs
[10:19:22] Predicting coding sequences
[10:19:22] Contigs total 4628404 bp, so using single mode
[10:19:22] Running: prodigal -i prokkaGAA\/mtuberculosis\.fna -c -m -g 11 -p single -f sco -q
[10:19:24] Excluding CDS which overlaps existing RNA (tRNA) at 565:407..2410 on - strand
[10:19:24] Excluding CDS which overlaps existing RNA (repeat_region) at 3097:819..2993 on - strand
[10:19:24] Excluding CDS which overlaps existing RNA (tRNA) at 11242:748..888 on + strand
[10:19:24] Excluding CDS which overlaps existing RNA (repeat_region) at 11263:557..1621 on - strand
[10:19:25] Excluding CDS which overlaps existing RNA (repeat_region) at 11552:31924..32160 on - strand
[10:19:25] Excluding CDS which overlaps existing RNA (repeat_region) at 11552:32210..32965 on - strand
[10:19:25] Excluding CDS which overlaps existing RNA (repeat_region) at 11552:33126..33767 on - strand
[10:19:25] Excluding CDS which overlaps existing RNA (tRNA) at 11572:1172..1339 on + strand
[10:19:25] Excluding CDS which overlaps existing RNA (repeat_region) at 11588:9771..10421 on + strand
[10:19:25] Excluding CDS which overlaps existing RNA (repeat_region) at 11588:10432..10599 on + strand
[10:19:25] Excluding CDS which overlaps existing RNA (repeat_region) at 11588:11291..11524 on + strand
[10:19:25] Excluding CDS which overlaps existing RNA (tRNA) at 11592:3869..5179 on + strand
[10:19:25] Excluding CDS which overlaps existing RNA (tRNA) at 11595:32441..33562 on - strand
[10:19:25] Excluding CDS which overlaps existing RNA (tRNA) at 11601:26612..27631 on + strand
[10:19:25] Excluding CDS which overlaps existing RNA (rRNA) at 11615:16191..16421 on + strand
[10:19:26] Excluding CDS which overlaps existing RNA (tRNA) at 11621:12483..13307 on + strand
[10:19:26] Excluding CDS which overlaps existing RNA (tRNA) at 11656:3861..4190 on + strand
[10:19:26] Excluding CDS which overlaps existing RNA (tRNA) at 11669:18009..18227 on - strand
[10:19:26] Found 4352 CDS
[10:19:26] Connecting features back to sequences
[10:19:26] Not using genus-specific database. Try --usegenus to enable it.
[10:19:26] Annotating CDS, please be patient.
[10:19:26] Will use 8 CPUs for similarity searching.
[10:19:27] There are still 4352 unannotated CDS left (started with 4352)
[10:19:27] Will use blast to search against /Users/nathanieldavies/miniforge3/envs/genomeassembly/db/kingdom/Bacteria/IS with 8 CPUs
[10:19:27] Running: cat prokkaGAA\/mtuberculosis\.IS\.tmp\.44689\.faa | parallel --gnu --plain -j 8 --block 80425 --recstart '>' --pipe blastp -query - -db /Users/nathanieldavies/miniforge3/envs/genomeassembly/db/kingdom/Bacteria/IS -evalue 1e-30 -qcov_hsp_perc 90 -num_threads 1 -num_descriptions 1 -num_alignments 1 -seg no > prokkaGAA\/mtuberculosis\.IS\.tmp\.44689\.blast 2> /dev/null
[10:19:35] Deleting unwanted file: prokkaGAA/mtuberculosis.IS.tmp.44689.faa
[10:19:35] Deleting unwanted file: prokkaGAA/mtuberculosis.IS.tmp.44689.blast
[10:19:36] There are still 4319 unannotated CDS left (started with 4352)
[10:19:36] Will use blast to search against /Users/nathanieldavies/miniforge3/envs/genomeassembly/db/kingdom/Bacteria/AMR with 8 CPUs
[10:19:36] Running: cat prokkaGAA\/mtuberculosis\.AMR\.tmp\.44689\.faa | parallel --gnu --plain -j 8 --block 79887 --recstart '>' --pipe blastp -query - -db /Users/nathanieldavies/miniforge3/envs/genomeassembly/db/kingdom/Bacteria/AMR -evalue 1e-300 -qcov_hsp_perc 90 -num_threads 1 -num_descriptions 1 -num_alignments 1 -seg no > prokkaGAA\/mtuberculosis\.AMR\.tmp\.44689\.blast 2> /dev/null
[10:19:41] Deleting unwanted file: prokkaGAA/mtuberculosis.AMR.tmp.44689.faa
[10:19:41] Deleting unwanted file: prokkaGAA/mtuberculosis.AMR.tmp.44689.blast
[10:19:42] There are still 4319 unannotated CDS left (started with 4352)
[10:19:42] Will use blast to search against /Users/nathanieldavies/miniforge3/envs/genomeassembly/db/kingdom/Bacteria/sprot with 8 CPUs
[10:19:42] Running: cat prokkaGAA\/mtuberculosis\.sprot\.tmp\.44689\.faa | parallel --gnu --plain -j 8 --block 79887 --recstart '>' --pipe blastp -query - -db /Users/nathanieldavies/miniforge3/envs/genomeassembly/db/kingdom/Bacteria/sprot -evalue 1e-09 -qcov_hsp_perc 80 -num_threads 1 -num_descriptions 1 -num_alignments 1 -seg no > prokkaGAA\/mtuberculosis\.sprot\.tmp\.44689\.blast 2> /dev/null
[10:20:16] Modify product: Probable polyketide biosynthesis zinc-dependent hydrolase BaeB => putative polyketide biosynthesis zinc-dependent hydrolase BaeB
[10:20:16] Modify product: Uncharacterized protein Rv0634A => putative proteinA
[10:20:16] Modify product: UPF0336 protein Rv0635 => hypothetical protein
[10:20:16] Modify product: UPF0336 protein Rv0637 => hypothetical protein
[10:20:16] Modify product: Uncharacterized protein Rv0647c => putative protein
[10:20:16] Modify product: Probable ribonucleotide transport ATP-binding protein mkl => putative ribonucleotide transport ATP-binding protein mkl
[10:20:16] Modify product: Probable endoribonuclease MazF2 => putative endoribonuclease MazF2
[10:20:16] Modify product: Probable endonuclease 4 => putative endonuclease 4
[10:20:16] Modify product: Uncharacterized HTH-type transcriptional regulator Rv0494 => putative HTH-type transcriptional regulator
[10:20:16] Modify product: Uncharacterized protein Rv0495c => putative protein
[10:20:16] Modify product: Uncharacterized protein Rv0497 => putative protein
[10:20:16] Modify product: Uncharacterized protein Rv0498 => putative protein
[10:20:16] Modify product: Uncharacterized protein Rv0499 => putative protein
[10:20:16] Modify product: Putative DNA-binding protein Rv0500A => Putative DNA-binding proteinA
[10:20:16] Modify product: Uncharacterized protein Rv0501 => putative protein
[10:20:16] Modify product: Uncharacterized protein Rv0502 => putative protein
[10:20:16] Modify product: UPF0336 protein Rv0504c => hypothetical protein
[10:20:16] Modify product: Probable transport accessory protein MmpS2 => putative transport accessory protein MmpS2
[10:20:16] Modify product: Probable transport protein MmpL2 => putative transport protein MmpL2
[10:20:16] Modify product: Uncharacterized protein Rv0508 => putative protein
[10:20:16] Modify product: Uncharacterized HTH-type transcriptional regulator Rv1395 => putative HTH-type transcriptional regulator
[10:20:16] Modify product: Uncharacterized PPE family protein PPE20 => putative PPE family protein PPE20
[10:20:16] Modify product: Uncharacterized protein BCG_0605c => putative protein
[10:20:16] Modify product: Glycolipid sulfotransferase Rv1373 => Glycolipid sulfotransferase
[10:20:16] Modify product: Uncharacterized protein Rv1367c => putative protein
[10:20:16] Modify product: Uncharacterized protein Rv1366 => putative protein
[10:20:16] Modify product: Probable sulfate transporter Rv1739c => putative sulfate transporter
[10:20:16] Modify product: Probable nitrate/nitrite transporter NarK2 => putative nitrate/nitrite transporter NarK2
[10:20:16] Modify product: Uncharacterized membrane protein Rv1735c => putative membrane protein
[10:20:16] Modify product: Uncharacterized protein Rv1734c => putative protein
[10:20:16] Modify product: Probable membrane protein Rv1733c => putative membrane protein
[10:20:16] Modify product: Probable ATP-dependent helicase DinG homolog => putative ATP-dependent helicase DinG 
[10:20:16] Modify product: Uncharacterized protein Rv1332 => putative protein
[10:20:16] Modify product: Uncharacterized aminopeptidase Rv1333 => putative aminopeptidase
[10:20:16] Modify product: Uncharacterized protein Rv1339 => putative protein
[10:20:16] Modify product: Uncharacterized protein Rv1342c => putative protein
[10:20:16] Modify product: Uncharacterized protein Rv1260 => putative protein
[10:20:16] Modify product: Probable polyglutamine synthesis accessory protein Rv0574c => putative polyglutamine synthesis accessory protein
[10:20:16] Modify product: Uncharacterized protein Rv0569 => putative protein
[10:20:16] Modify product: UPF0234 protein Rv0566c => hypothetical protein
[10:20:16] Modify product: Probable glycerol-3-phosphate dehydrogenase 2 [NAD(P)+] => putative glycerol-3-phosphate dehydrogenase 2 [NAD(P)+]
[10:20:16] Modify product: Protease HtpX homolog => Protease HtpX 
[10:20:16] Modify product: Uncharacterized protein BCG_0605c => putative protein
[10:20:16] Modify product: Uncharacterized protein Rv0559c => putative protein
[10:20:16] Modify product: Probable 2-succinylbenzoate--CoA ligase => putative 2-succinylbenzoate--CoA ligase
[10:20:16] Modify product: Uncharacterized glycosyltransferase Rv0539 => putative glycosyltransferase
[10:20:16] Modify product: Probable transport accessory protein MmpS3 => putative transport accessory protein MmpS3
[10:20:16] Modify product: Uncharacterized protein Rv2197c => putative protein
[10:20:16] Modify product: Probable cytochrome c oxidase subunit 3 => putative cytochrome c oxidase subunit 3
[10:20:16] Modify product: Uncharacterized protein HI_1048 => putative protein
[10:20:16] Modify product: Probable multidrug ABC transporter ATP-binding protein YbhF => putative multidrug ABC transporter ATP-binding protein YbhF
[10:20:16] Modify product: Probable enoyl-CoA hydratase echA8 => putative enoyl-CoA hydratase echA8
[10:20:16] Modify product: Uncharacterized protein Rv1155A => putative proteinA
[10:20:16] Modify product: F420H(2)-dependent reductase Rv1155 => F420H(2)-dependent reductase
[10:20:16] Modify product: Uncharacterized protein Rv2574 => putative protein
[10:20:16] Modify product: Uncharacterized protein Rv2571c => putative protein
[10:20:16] Modify product: Uncharacterized protein Rv2569c => putative protein
[10:20:16] Modify product: Uncharacterized protein Rv2568c => putative protein
[10:20:16] Modify product: Uncharacterized protein Rv2567 => putative protein
[10:20:16] Modify product: Uncharacterized NTE family protein Rv2565 => putative NTE family protein
[10:20:16] Modify product: Uncharacterized ABC transporter ATP-binding protein Rv2564 => putative ABC transporter ATP-binding protein
[10:20:16] Modify product: Uncharacterized ABC transporter permease Rv2563 => putative ABC transporter permease
[10:20:16] Modify product: Uncharacterized protein Rv2560 => putative protein
[10:20:16] Modify product: Uncharacterized protein Rv1954A => putative proteinA
[10:20:16] Modify product: Probable endoribonuclease HigB1 => putative endoribonuclease HigB1
[10:20:16] Modify product: SecB-like chaperone Rv1957 => SecB-like chaperone
[10:20:16] Modify product: Uncharacterized transporter Rv1979c => putative transporter
[10:20:16] Modify product: Uncharacterized PPE family protein PPE40 => putative PPE family protein PPE40
[10:20:16] Modify product: Probable propionyl-CoA carboxylase beta chain 5 => putative propionyl-CoA carboxylase beta chain 5
[10:20:16] Modify product: Uncharacterized SufE-like protein Rv3284 => putative SufE-like protein
[10:20:16] Modify product: Probable L-lysine-epsilon aminotransferase => putative L-lysine-epsilon aminotransferase
[10:20:16] Modify product: Uncharacterized protein Rv3292 => putative protein
[10:20:16] Modify product: Uncharacterized protein Rv2008c => putative protein
[10:20:16] Modify product: Phosphate-specific transport system accessory protein PhoU homolog 1 => Phosphate-specific transport system accessory protein PhoU 
[10:20:16] Modify product: Probable phosphomannomutase => putative phosphomannomutase
[10:20:16] Modify product: GDSL lipase Rv0518 => GDSL lipase
[10:20:16] Modify product: Uncharacterized protein Rv0525 => putative protein
[10:20:16] Modify product: Uncharacterized protein Rv0049 => putative protein
[10:20:16] Modify product: Uncharacterized protein Rv0048c => putative protein
[10:20:16] Modify product: Uncharacterized HTH-type transcriptional regulator Rv0043c => putative HTH-type transcriptional regulator
[10:20:16] Modify product: Uncharacterized MFS-type transporter Rv0037c => putative MFS-type transporter
[10:20:16] Modify product: Uncharacterized protein Rv0036c => putative protein
[10:20:16] Modify product: Uncharacterized protein Rv2047c => putative protein
[10:20:16] Modify product: HTH-type transcriptional regulator Rv2034 => HTH-type transcriptional regulator
[10:20:16] Modify product: Uncharacterized protein Rv2030c => putative protein
[10:20:16] Modify product: Putative O-phosphotransferase Rv2636 => Putative O-phosphotransferase
[10:20:16] Modify product: Uncharacterized membrane protein Rv2637 => putative membrane protein
[10:20:16] Modify product: UPF0060 membrane protein YnfA => hypothetical protein
[10:20:16] Modify product: Uncharacterized protein Rv2645 => putative protein
[10:20:16] Modify product: Toxin Rv2653c => Toxin
[10:20:16] Modify product: Antitoxin Rv2654c => Antitoxin
[10:20:16] Modify product: Uncharacterized protein Rv2658c => putative protein
[10:20:16] Modify product: Uncharacterized protein Rv0080 => putative protein
[10:20:16] Modify product: Uncharacterized HTH-type transcriptional regulator Rv0081 => putative HTH-type transcriptional regulator
[10:20:16] Modify product: Thioredoxin-like reductase Rv2466c => Thioredoxin-like reductase
[10:20:16] Modify product: Uncharacterized MFS-type transporter Rv2456c => putative MFS-type transporter
[10:20:16] Modify product: Probable molybdenum cofactor guanylyltransferase => putative molybdenum cofactor guanylyltransferase
[10:20:16] Modify product: Putative trans-acting enoyl reductase Rv2449c => Putative trans-acting enoyl reductase
[10:20:16] Modify product: UPF0603 protein Rv2345 => hypothetical protein
[10:20:16] Modify product: Uncharacterized protein Rv3778c => putative protein
[10:20:16] Modify product: Uncharacterized protein Rv2923c => putative protein
[10:20:16] Modify product: Uncharacterized protein Rv2915c => putative protein
[10:20:16] Modify product: Uncharacterized protein Rv2913c => putative protein
[10:20:16] Modify product: Uncharacterized HTH-type transcriptional regulator Rv2912c => putative HTH-type transcriptional regulator
[10:20:16] Modify product: Uncharacterized PPE family protein PPE40 => putative PPE family protein PPE40
[10:20:16] Modify product: Probable cation efflux system protein Rv2025c => putative cation efflux system protein
[10:20:16] Modify product: Uncharacterized protein Rv2277c => putative protein
[10:20:16] Modify product: Uncharacterized protein Rv2272 => putative protein
[10:20:16] Modify product: Uncharacterized protein Rv2271 => putative protein
[10:20:16] Modify product: Probable enoyl-CoA hydratase 1 => putative enoyl-CoA hydratase 1
[10:20:16] Modify product: Putative monooxygenase Rv0793 => Putative monooxygenase
[10:20:16] Modify product: TVP38/TMEM64 family membrane protein Rv0625c => TVP38/TMEM64 family membrane protein
[10:20:16] Modify product: Uncharacterized protein Rv0628c => putative protein
[10:20:16] Modify product: Uncharacterized protein YqeY => putative protein YqeY
[10:20:16] Modify product: Probable adenylyltransferase/sulfurtransferase MoeZ => putative adenylyltransferase/sulfurtransferase MoeZ
[10:20:16] Modify product: Uncharacterized protein Rv0814c => putative protein
[10:20:16] Modify product: Probable transcriptional regulator WhiB6 => putative transcriptional regulator WhiB6
[10:20:16] Modify product: Putative HTH-type transcriptional regulator Rv0890c => Putative HTH-type transcriptional regulator
[10:20:16] Modify product: Multidrug efflux system permease protein Rv1217c => Multidrug efflux system permease protein
[10:20:16] Modify product: Multidrug efflux system ATP-binding protein Rv1218c => Multidrug efflux system ATP-binding protein
[10:20:16] Modify product: UPF0053 protein Rv2366c => hypothetical protein
[10:20:16] Modify product: Uncharacterized protein Rv0953c => putative protein
[10:20:16] Modify product: Probable peptidoglycan glycosyltransferase FtsW => putative peptidoglycan glycosyltransferase FtsW
[10:20:16] Modify product: UPF0098 protein Rv2140c => hypothetical protein
[10:20:16] Modify product: Uncharacterized protein Rv1899c => putative protein
[10:20:16] Modify product: UPF0045 protein Rv1898 => hypothetical protein
[10:20:16] Modify product: Putative S-adenosyl-L-methionine-dependent methyltransferase Rv1896c => Putative S-adenosyl-L-methionine-dependent methyltransferase
[10:20:16] Modify product: Probable zinc-binding alcohol dehydrogenase Rv1895 => putative zinc-binding alcohol dehydrogenase
[10:20:16] Modify product: Putative monooxygenase Rv1533 => Putative monooxygenase
[10:20:16] Modify product: Uncharacterized PPE family protein PPE38 => putative PPE family protein PPE38
[10:20:16] Modify product: Probable phosphoadenosine phosphosulfate reductase => putative phosphoadenosine phosphosulfate reductase
[10:20:16] Modify product: Probable aminotransferase Rv3329 => putative aminotransferase
[10:20:16] Modify product: Uncharacterized protein Rv2715 => putative protein
[10:20:16] Modify product: Uncharacterized methyltransferase Rv3342 => putative methyltransferase
[10:20:16] Modify product: Probable enoyl-CoA hydratase echA8 => putative enoyl-CoA hydratase echA8
[10:20:16] Modify product: Putative S-adenosyl-L-methionine-dependent methyltransferase Rv3767c => Putative S-adenosyl-L-methionine-dependent methyltransferase
[10:20:16] Modify product: Uncharacterized protein Rv3766 => putative protein
[10:20:16] Modify product: Probable transcriptional regulatory protein TcrX => putative transcriptional regulatory protein TcrX
[10:20:16] Modify product: Probable sensor histidine kinase TcrY => putative sensor histidine kinase TcrY
[10:20:16] Modify product: Antitoxin Rv0298 => Antitoxin
[10:20:16] Modify product: Toxin Rv0299 => Toxin
[10:20:16] Modify product: UPF0749 protein Rv1823 => hypothetical protein
[10:20:16] Modify product: UPF0749 protein Rv1825 => hypothetical protein
[10:20:16] Modify product: Uncharacterized protein Mb1858 => putative protein
[10:20:16] Modify product: Uncharacterized HTH-type transcriptional regulator Rv1828 => putative HTH-type transcriptional regulator
[10:20:16] Modify product: Uncharacterized protein Rv1829 => putative protein
[10:20:16] Modify product: Uncharacterized HTH-type transcriptional regulator Rv1830 => putative HTH-type transcriptional regulator
[10:20:16] Modify product: Probable glycine dehydrogenase (decarboxylating) => putative glycine dehydrogenase (decarboxylating)
[10:20:16] Modify product: Putative serine esterase Rv1835c => Putative serine esterase
[10:20:16] Modify product: Uncharacterized protein Rv1836c => putative protein
[10:20:16] Modify product: Putative peptidoglycan hydrolase Rv2525c => Putative peptidoglycan hydrolase
[10:20:16] Modify product: Uncharacterized protein Rv0493c => putative protein
[10:20:16] Modify product: Uncharacterized GMC-type oxidoreductase Rv0492c => putative GMC-type oxidoreductase
[10:20:16] Modify product: Uncharacterized protein Rv0487 => putative protein
[10:20:16] Modify product: Transcriptional regulator Rv0485 => Transcriptional regulator
[10:20:16] Modify product: Uncharacterized oxidoreductase Rv0484c => putative oxidoreductase
[10:20:16] Modify product: Uncharacterized protein Rv0481c => putative protein
[10:20:16] Modify product: Hydrolase Rv0480c => Hydrolase
[10:20:16] Modify product: Uncharacterized protein Rv0479c => putative protein
[10:20:16] Modify product: Uncharacterized protein Rv0477 => putative protein
[10:20:16] Modify product: Uncharacterized HTH-type transcriptional regulator Rv0474 => putative HTH-type transcriptional regulator
[10:20:16] Modify product: Uncharacterized HTH-type transcriptional regulator Rv0472c => putative HTH-type transcriptional regulator
[10:20:16] Modify product: Uncharacterized protein Rv2001 => putative protein
[10:20:16] Modify product: Probable aldehyde dehydrogenase => putative aldehyde dehydrogenase
[10:20:16] Modify product: Uncharacterized PPE family protein PPE20 => putative PPE family protein PPE20
[10:20:16] Modify product: Uncharacterized PPE family protein PPE10 => putative PPE family protein PPE10
[10:20:16] Modify product: Uncharacterized protein Rv0441c => putative protein
[10:20:16] Modify product: Probable cobalt/nickel-exporting P-type ATPase => putative cobalt/nickel-exporting P-type ATPase
[10:20:16] Modify product: Probable enoyl-CoA hydratase echA12 => putative enoyl-CoA hydratase echA12
[10:20:16] Modify product: Uncharacterized ABC transporter ATP-binding protein YbiT => putative ABC transporter ATP-binding protein YbiT
[10:20:16] Modify product: HTH-type transcriptional repressor Rv1474c => HTH-type transcriptional repressor
[10:20:16] Modify product: Uncharacterized protein Rv1480 => putative protein
[10:20:16] Modify product: UPF0353 protein Rv1481 => hypothetical protein
[10:20:16] Modify product: Uncharacterized protein Rv1486c => putative protein
[10:20:16] Modify product: Uncharacterized protein Rv1488 => putative protein
[10:20:16] Modify product: Probable methylmalonyl-CoA mutase large subunit => putative methylmalonyl-CoA mutase large subunit
[10:20:16] Modify product: Probable methylmalonyl-CoA mutase small subunit => putative methylmalonyl-CoA mutase small subunit
[10:20:16] Modify product: Probable methylmalonyl-CoA mutase large subunit => putative methylmalonyl-CoA mutase large subunit
[10:20:16] Modify product: Probable GTPase Rv1496 => putative GTPase
[10:20:16] Modify product: Uncharacterized protein Rv1498c => putative protein
[10:20:16] Modify product: Uncharacterized protein Rv1501 => putative protein
[10:20:16] Modify product: Uncharacterized protein Rv1502 => putative protein
[10:20:16] Modify product: Uncharacterized protein Rv1502 => putative protein
[10:20:16] Modify product: Uncharacterized protein Rv1507c => putative protein
[10:20:16] Modify product: Uncharacterized protein Rv2082 => putative protein
[10:20:16] Modify product: Putative S-adenosyl-L-methionine-dependent methyltransferase Rv0281 => Putative S-adenosyl-L-methionine-dependent methyltransferase
[10:20:16] Modify product: Uncharacterized PPE family protein PPE3 => putative PPE family protein PPE3
[10:20:16] Modify product: UPF0109 protein Rv2908c => hypothetical protein
[10:20:16] Modify product: Uncharacterized protein Rv2910c => putative protein
[10:20:16] Modify product: Uncharacterized HTH-type transcriptional regulator Rv2912c => putative HTH-type transcriptional regulator
[10:20:16] Modify product: Apoptosis inhibitor Rv3654c => Apoptosis inhibitor
[10:20:16] Modify product: Apoptosis inhibitor Rv3655c => Apoptosis inhibitor
[10:20:16] Modify product: Putative conjugal transfer protein Rv3659c => Putative conjugal transfer protein
[10:20:16] Modify product: Uncharacterized protein Rv3660c => putative protein
[10:20:16] Modify product: Probable phosphatase Rv3661 => putative phosphatase
[10:20:16] Modify product: Uncharacterized zinc protease Rv2782c => putative zinc protease
[10:20:16] Modify product: Uncharacterized protein Rv2886c => putative protein
[10:20:16] Modify product: Probable ECF RNA polymerase sigma factor SigI => putative ECF RNA polymerase sigma factor SigI
[10:20:16] Modify product: Uncharacterized PPE family protein PPE17 => putative PPE family protein PPE17
[10:20:16] Modify product: Uncharacterized HTH-type transcriptional regulator Rv1556 => putative HTH-type transcriptional regulator
[10:20:16] Modify product: Probable monoacyl phosphatidylinositol tetramannoside-binding protein LpqW => putative monoacyl phosphatidylinositol tetramannoside-binding protein LpqW
[10:20:16] Modify product: Uncharacterized HTH-type transcriptional regulator Rv1556 => putative HTH-type transcriptional regulator
[10:20:16] Modify product: Uncharacterized oxidoreductase SA2266 => putative oxidoreductase
[10:20:16] Modify product: Uncharacterized protein Rv2008c => putative protein
[10:20:16] Modify product: Uncharacterized protein Rv2206 => putative protein
[10:20:16] Modify product: Uncharacterized protein Rv2212 => putative protein
[10:20:16] Modify product: Probable cytosol aminopeptidase => putative cytosol aminopeptidase
[10:20:16] Modify product: Probable oxidoreductase EphD => putative oxidoreductase EphD
[10:20:16] Modify product: Epimerase family protein Rv2216 => Epimerase family protein
[10:20:16] Modify product: Uncharacterized protein Rv2219 => putative protein
[10:20:16] Modify product: Uncharacterized protein Rv2226 => putative protein
[10:20:16] Modify product: Bifunctional protein Rv2228c => Bifunctional protein
[10:20:16] Modify product: Uncharacterized protein Rv2229c => putative protein
[10:20:16] Modify product: GTP cyclohydrolase 1 type 2 homolog => GTP cyclohydrolase 1 type 2 
[10:20:16] Modify product: Uncharacterized aminotransferase Rv2231c => putative aminotransferase
[10:20:16] Modify product: Uncharacterized protein Rv2232 => putative protein
[10:20:16] Modify product: Probable low molecular weight protein-tyrosine-phosphatase => putative low molecular weight protein-tyrosine-phosphatase
[10:20:16] Modify product: Uncharacterized SURF1-like protein Rv2235 => putative SURF1-like protein
[10:20:16] Modify product: Uncharacterized protein Rv2237 => putative protein
[10:20:16] Modify product: Uncharacterized protein Rv2239c => putative protein
[10:20:16] Modify product: Uncharacterized protein Rv2240c => putative protein
[10:20:16] Modify product: Uncharacterized protein Rv2242 => putative protein
[10:20:16] Modify product: Probable propionyl-CoA carboxylase beta chain 6 => putative propionyl-CoA carboxylase beta chain 6
[10:20:16] Modify product: Uncharacterized HTH-type transcriptional regulator Rv2250c => putative HTH-type transcriptional regulator
[10:20:16] Modify product: Putative S-adenosyl-L-methionine-dependent methyltransferase Rv0830 => Putative S-adenosyl-L-methionine-dependent methyltransferase
[10:20:16] Modify product: Probable tRNA-dihydrouridine synthase => putative tRNA-dihydrouridine synthase
[10:20:16] Modify product: Phosphate-specific transport system accessory protein PhoU homolog 2 => Phosphate-specific transport system accessory protein PhoU 
[10:20:16] Modify product: UPF0047 protein Rv2556c => hypothetical protein
[10:20:16] Modify product: Uncharacterized protein Rv2557 => putative protein
[10:20:16] Modify product: Uncharacterized protein Rv2558 => putative protein
[10:20:16] Modify product: Uncharacterized AAA domain-containing protein Rv2559c => putative AAA domain-containing protein
[10:20:16] Modify product: Carboxypeptidase Rv3627c => Carboxypeptidase
[10:20:16] Modify product: Uncharacterized protein Rv1510 => putative protein
[10:20:16] Modify product: Uncharacterized protein Rv3633 => putative protein
[10:20:16] Modify product: Probable protein adenylyltransferase Fic => putative protein adenylyltransferase Fic
[10:20:16] Modify product: Uncharacterized protein Rv1318c => putative protein
[10:20:16] Modify product: Probable cold shock protein A => putative cold shock protein A
[10:20:16] Modify product: Uncharacterized PE-PGRS family protein PE_PGRS24 => putative PE-PGRS family protein PE_PGRS24
[10:20:16] Modify product: Putative short-chain type dehydrogenase/reductase Rv0148 => Putative short-chain type dehydrogenase/reductase
[10:20:16] Modify product: Uncharacterized PPE family protein PPE29 => putative PPE family protein PPE29
[10:20:16] Modify product: Uncharacterized PPE family protein PPE32 => putative PPE family protein PPE32
[10:20:16] Modify product: Uncharacterized PPE family protein PPE33 => putative PPE family protein PPE33
[10:20:16] Modify product: NADH dehydrogenase-like protein MT1860 => NADH dehydrogenase-like protein
[10:20:16] Modify product: Uncharacterized protein Rv1813c => putative protein
[10:20:16] Modify product: Uncharacterized protein Rv1815 => putative protein
[10:20:16] Modify product: Uncharacterized HTH-type transcriptional regulator Rv1816 => putative HTH-type transcriptional regulator
[10:20:16] Modify product: Putative oxidoreductase Rv1856c => Putative oxidoreductase
[10:20:16] Modify product: NADH dehydrogenase-like protein SAOUHSC_00878 => NADH dehydrogenase-like protein
[10:20:16] Modify product: Putative esterase Rv1847 => Putative esterase
[10:20:16] Modify product: Uncharacterized oxidoreductase Rv1843c => putative oxidoreductase
[10:20:16] Modify product: UPF0053 protein Rv1842c => hypothetical protein
[10:20:16] Modify product: Uncharacterized protein Rv1841c => putative protein
[10:20:16] Modify product: Uncharacterized protein Rv2886c => putative protein
[10:20:16] Modify product: Uncharacterized oxidoreductase Rv0927c => putative oxidoreductase
[10:20:16] Modify product: Uncharacterized protein Rv0940c => putative protein
[10:20:16] Modify product: Uncharacterized formamidopyrimidine-DNA glycosylase-like protein => putative formamidopyrimidine-DNA glycosylase-like protein
[10:20:16] Modify product: Uncharacterized oxidoreductase Rv0945 => putative oxidoreductase
[10:20:16] Modify product: Uncharacterized tRNA/rRNA methyltransferase Rv3579c => putative tRNA/rRNA methyltransferase
[10:20:16] Modify product: Alpha-(1->6)-mannopyranosyltransferase Rv1459c => Alpha-(1->6)-mannopyranosyltransferase
[10:20:16] Modify product: UPF0051 protein Rv1461 => hypothetical protein
[10:20:16] Modify product: UPF0051 protein Rv1462 => hypothetical protein
[10:20:16] Modify product: Probable cysteine desulfurase => putative cysteine desulfurase
[10:20:16] Modify product: Nucleotide-binding protein Rv1421 => Nucleotide-binding protein
[10:20:16] Modify product: Probable cell division protein WhiA => putative cell division protein WhiA
[10:20:16] Modify product: Uncharacterized protein Rv1424c => putative protein
[10:20:16] Modify product: Putative diacyglycerol O-acyltransferase Rv1425 => Putative diacyglycerol O-acyltransferase
[10:20:16] Modify product: Uncharacterized protein Rv0502 => putative protein
[10:20:16] Modify product: Probable L,D-transpeptidase 3 => putative L,D-transpeptidase 3
[10:20:16] Modify product: Probable helicase HelY => putative helicase HelY
[10:20:16] Modify product: Uncharacterized protein Rv2091c => putative protein
[10:20:16] Modify product: Probable dipeptidase PepE => putative dipeptidase PepE
[10:20:16] Modify product: Uncharacterized protein Rv2084 => putative protein
[10:20:16] Modify product: Uncharacterized protein Rv2082 => putative protein
[10:20:16] Modify product: Putative O-methyltransferase Rv1220c => Putative O-methyltransferase
[10:20:16] Modify product: Uncharacterized MFS-type transporter EfpA => putative MFS-type transporter EfpA
[10:20:16] Modify product: Uncharacterized protein Rv2850c => putative protein
[10:20:16] Modify product: UPF0039 protein Rv2851c => hypothetical protein
[10:20:16] Modify product: Probable malate:quinone oxidoreductase => putative malate:quinone oxidoreductase
[10:20:16] Modify product: Probable succinyl-CoA:3-ketoacid coenzyme A transferase subunit B => putative succinyl-CoA:3-ketoacid coenzyme A transferase subunit B
[10:20:16] Modify product: Probable succinyl-CoA:3-ketoacid coenzyme A transferase subunit A => putative succinyl-CoA:3-ketoacid coenzyme A transferase subunit A
[10:20:16] Modify product: Uncharacterized protein Rv1265 => putative protein
[10:20:16] Modify product: pH-sensitive adenylate cyclase Rv1264 => pH-sensitive adenylate cyclase
[10:20:16] Modify product: F420H(2)-dependent quinone reductase Rv1261c => F420H(2)-dependent quinone reductase
[10:20:16] Modify product: Uncharacterized protein Rv1260 => putative protein
[10:20:16] Modify product: Uncharacterized FAD-linked oxidoreductase Rv2280 => putative FAD-linked oxidoreductase
[10:20:16] Modify product: Uncharacterized HTH-type transcriptional regulator Rv1255c => putative HTH-type transcriptional regulator
[10:20:16] Modify product: Uncharacterized oxidoreductase Rv1350 => putative oxidoreductase
[10:20:16] Modify product: Uncharacterized PPE family protein PPE40 => putative PPE family protein PPE40
[10:20:16] Modify product: Putative CoA-transferase subunit beta Rv3552 => Putative CoA-transferase subunit beta
[10:20:16] Modify product: Putative CoA-transferase subunit alpha Rv3551 => Putative CoA-transferase subunit alpha
[10:20:16] Modify product: Probable 2,4-dienoyl-CoA reductase => putative 2,4-dienoyl-CoA reductase
[10:20:16] Modify product: Putative short-chain type dehydrogenase/reductase Rv0148 => Putative short-chain type dehydrogenase/reductase
[10:20:17] Modify product: Uncharacterized PPE family protein PPE40 => putative PPE family protein PPE40
[10:20:17] Modify product: Uncharacterized PPE family protein PPE51 => putative PPE family protein PPE51
[10:20:17] Modify product: Probable transcriptional regulatory protein NarL => putative transcriptional regulatory protein NarL
[10:20:17] Modify product: Probable sensor histidine kinase NarS => putative sensor histidine kinase NarS
[10:20:17] Modify product: Probable N-succinyldiaminopimelate aminotransferase DapC => putative N-succinyldiaminopimelate aminotransferase DapC
[10:20:17] Modify product: Putative acyltransferase Rv0859 => Putative acyltransferase
[10:20:17] Modify product: Probable aspartate aminotransferase => putative aspartate aminotransferase
[10:20:17] Modify product: Putative diacyglycerol O-acyltransferase Rv1760 => Putative diacyglycerol O-acyltransferase
[10:20:17] Modify product: Uncharacterized PE-PGRS family protein PE_PGRS24 => putative PE-PGRS family protein PE_PGRS24
[10:20:17] Modify product: DNA-binding protein Rv2175c => DNA-binding protein
[10:20:17] Modify product: Uncharacterized membrane protein Rv3760 => putative membrane protein
[10:20:17] Modify product: Uncharacterized protein Rv2468c => putative protein
[10:20:17] Modify product: Putative diacyglycerol O-acyltransferase Rv2484c => Putative diacyglycerol O-acyltransferase
[10:20:17] Modify product: Probable enoyl-CoA hydratase echA14 => putative enoyl-CoA hydratase echA14
[10:20:17] Modify product: Uncharacterized protein Rv1290c => putative protein
[10:20:17] Modify product: Uncharacterized protein Rv1289 => putative protein
[10:20:17] Modify product: Uncharacterized protein Rv1288 => putative protein
[10:20:17] Modify product: Putative HTH-type transcriptional regulator Rv1287 => Putative HTH-type transcriptional regulator
[10:20:17] Modify product: Putative peptide transport permease protein Rv1283c => Putative peptide transport permease protein
[10:20:17] Modify product: Putative peptide transport permease protein Rv1282c => Putative peptide transport permease protein
[10:20:17] Modify product: Uncharacterized ABC transporter ATP-binding protein Rv1281c => putative ABC transporter ATP-binding protein
[10:20:17] Modify product: Uncharacterized protein Rv1280c => putative protein
[10:20:17] Modify product: Uncharacterized GMC-type oxidoreductase Rv1279 => putative GMC-type oxidoreductase
[10:20:17] Modify product: Uncharacterized protein Rv1278 => putative protein
[10:20:17] Modify product: Uncharacterized protein Rv1276c => putative protein
[10:20:17] Modify product: Uncharacterized ABC transporter ATP-binding protein Rv1273c => putative ABC transporter ATP-binding protein
[10:20:17] Modify product: Protein Rv1269c => Protein
[10:20:17] Modify product: Uncharacterized PPE family protein PPE40 => putative PPE family protein PPE40
[10:20:17] Modify product: Probable transcriptional regulatory protein TcrX => putative transcriptional regulatory protein TcrX
[10:20:17] Modify product: Probable sensor histidine kinase TcrY => putative sensor histidine kinase TcrY
[10:20:17] Modify product: Uncharacterized HIT-like protein Rv0759c => putative HIT-like protein
[10:20:17] Modify product: Uncharacterized HTH-type transcriptional regulator Rv0767c => putative HTH-type transcriptional regulator
[10:20:17] Modify product: Uncharacterized oxidoreductase Rv0769 => putative oxidoreductase
[10:20:17] Modify product: Uncharacterized oxidoreductase Rv0770 => putative oxidoreductase
[10:20:17] Modify product: KsdD-like steroid dehydrogenase Rv0785 => KsdD-like steroid dehydrogenase
[10:20:17] Modify product: Uncharacterized protein Rv0953c => putative protein
[10:20:17] Modify product: Uncharacterized protein Rv2203 => putative protein
[10:20:17] Modify product: Protein Mb2227c => Protein
[10:20:17] Modify product: Uncharacterized protein Rv2205c => putative protein
[10:20:17] Modify product: Uncharacterized NTE family protein Rv1063c => putative NTE family protein
[10:20:17] Modify product: Probable enoyl-CoA hydratase echA8 => putative enoyl-CoA hydratase echA8
[10:20:17] Modify product: GDSL-like esterase Rv1075c => GDSL-like esterase
[10:20:17] Modify product: Putative cystathionine beta-synthase Rv1077 => Putative cystathionine beta-synthase
[10:20:17] Modify product: Probable transport protein MmpL9 => putative transport protein MmpL9
[10:20:17] Modify product: Uncharacterized protein Rv3421c => putative protein
[10:20:17] Modify product: Uncharacterized protein Rv3412 => putative protein
[10:20:17] Modify product: Uncharacterized oxidoreductase Rv3410c => putative oxidoreductase
[10:20:17] Modify product: HTH-type transcriptional repressor Rv3405c => HTH-type transcriptional repressor
[10:20:17] Modify product: Protein Rv3402c => Protein
[10:20:17] Modify product: Uncharacterized glycosyl hydrolase Rv3401 => putative glycosyl hydrolase
[10:20:17] Modify product: Uncharacterized protein Rv3400 => putative protein
[10:20:17] Modify product: Putative S-adenosyl-L-methionine-dependent methyltransferase Rv3399 => Putative S-adenosyl-L-methionine-dependent methyltransferase
[10:20:17] Modify product: Uncharacterized protein Rv3395c => putative protein
[10:20:17] Modify product: Chloramphenicol efflux pump Rv0191 => Chloramphenicol efflux pump
[10:20:17] Modify product: Probable 1,4-alpha-glucan branching enzyme Rv3031 => putative 1,4-alpha-glucan branching enzyme
[10:20:17] Modify product: Chloramphenicol efflux pump Rv0191 => Chloramphenicol efflux pump
[10:20:17] Modify product: Uncharacterized protein Rv2203 => putative protein
[10:20:17] Modify product: Probable trans-aconitate 2-methyltransferase => putative trans-aconitate 2-methyltransferase
[10:20:17] Modify product: Probable 3-hydroxyisobutyrate dehydrogenase => putative 3-hydroxyisobutyrate dehydrogenase
[10:20:17] Modify product: Uncharacterized protein Rv0740 => putative protein
[10:20:17] Modify product: ABC transporter ATP-binding/permease protein Rv1747 => ABC transporter ATP-binding/permease protein
[10:20:17] Modify product: Probable cutinase Rv1984c => putative cutinase
[10:20:17] Modify product: Uncharacterized FtsW-like protein => putative FtsW-like protein
[10:20:17] Modify product: Uncharacterized protein Rv2926c => putative protein
[10:20:17] Modify product: Uncharacterized protein Rv2927c => putative protein
[10:20:17] Modify product: Probable thioesterase TesA => putative thioesterase TesA
[10:20:17] Modify product: Uncharacterized PPE family protein PPE40 => putative PPE family protein PPE40
[10:20:17] Modify product: Uncharacterized PPE family protein PPE38 => putative PPE family protein PPE38
[10:20:17] Modify product: Uncharacterized PPE family protein PPE42 => putative PPE family protein PPE42
[10:20:17] Modify product: Uncharacterized protein Rv1990c => putative protein
[10:20:17] Modify product: UPF0182 protein Rv3193c => hypothetical protein
[10:20:17] Modify product: Uncharacterized ABC transporter ATP-binding protein Rv0073 => putative ABC transporter ATP-binding protein
[10:20:17] Modify product: Uncharacterized membrane protein Rv3479 => putative membrane protein
[10:20:17] Modify product: Putative diacyglycerol O-acyltransferase Rv3480c => Putative diacyglycerol O-acyltransferase
[10:20:17] Modify product: Uncharacterized membrane protein Rv3486 => putative membrane protein
[10:20:17] Modify product: Transcriptional regulator Rv3488 => Transcriptional regulator
[10:20:17] Modify product: Universal stress protein Rv2623 => Universal stress protein
[10:20:17] Modify product: Universal stress protein Rv2624c => Universal stress protein
[10:20:17] Modify product: Uncharacterized protein MT2702 => putative protein
[10:20:17] Modify product: Putative uncharacterized protein Rv2628 => Putative uncharacterized protein
[10:20:17] Modify product: Uncharacterized protein Rv2629 => putative protein
[10:20:17] Modify product: Probable protein archease => putative protein archease
[10:20:17] Modify product: Uncharacterized protein Rv2632c => putative protein
[10:20:17] Modify product: Uncharacterized protein Rv2633c => putative protein
[10:20:17] Modify product: HTH-type transcriptional repressor Rv1353c => HTH-type transcriptional repressor
[10:20:17] Modify product: Uncharacterized protein Rv1352 => putative protein
[10:20:17] Modify product: Uncharacterized oxidoreductase Rv1350 => putative oxidoreductase
[10:20:17] Modify product: Uncharacterized PPE family protein PPE42 => putative PPE family protein PPE42
[10:20:17] Modify product: Uncharacterized PPE family protein PPE29 => putative PPE family protein PPE29
[10:20:17] Modify product: Uncharacterized PPE family protein PPE33 => putative PPE family protein PPE33
[10:20:17] Modify product: Uncharacterized PPE family protein PPE36 => putative PPE family protein PPE36
[10:20:17] Modify product: Uncharacterized protein Rv2102 => putative protein
[10:20:17] Modify product: Uncharacterized protein Rv2047c => putative protein
[10:20:17] Modify product: Probable CoA-transferase Rv1866 => putative CoA-transferase
[10:20:17] Modify product: Probable oxidoreductase EphD => putative oxidoreductase EphD
[10:20:17] Modify product: Probable alcohol dehydrogenase AdhA => putative alcohol dehydrogenase AdhA
[10:20:17] Modify product: Probable peptidoglycan biosynthesis protein MviN => putative peptidoglycan biosynthesis protein MviN
[10:20:17] Modify product: Universal stress protein Rv2028c => Universal stress protein
[10:20:17] Modify product: Universal stress protein Rv2026c => Universal stress protein
[10:20:17] Modify product: Uncharacterized protein Rv2008c => putative protein
[10:20:17] Modify product: Uncharacterized protein Rv2886c => putative protein
[10:20:17] Modify product: Uncharacterized protein Rv0609B => putative proteinB
[10:20:17] Modify product: Putative peroxiredoxin Rv2521 => Putative peroxiredoxin
[10:20:17] Modify product: Uncharacterized PE family protein PE23 => putative PE family protein PE23
[10:20:17] Modify product: Uncharacterized ABC transporter ATP-binding protein Rv2326c => putative ABC transporter ATP-binding protein
[10:20:17] Modify product: Uncharacterized protein Rv2325c => putative protein
[10:20:17] Modify product: Uncharacterized amino acid permease YhdG => putative amino acid permease YhdG
[10:20:17] Modify product: Universal stress protein Rv2319c => Universal stress protein
[10:20:17] Modify product: Universal stress protein Rv2319c => Universal stress protein
[10:20:17] Modify product: Uncharacterized protein Rv2313c => putative protein
[10:20:17] Modify product: Uncharacterized protein Rv2307c => putative protein
[10:20:17] Modify product: Uncharacterized protein Rv2305 => putative protein
[10:20:17] Modify product: Uncharacterized protein Rv2302 => putative protein
[10:20:17] Modify product: Probable cutinase cut2 => putative cutinase cut2
[10:20:17] Modify product: Probable metallo-hydrolase Rv2300c => putative metallo-hydrolase
[10:20:17] Modify product: Uncharacterized oxidoreductase Rv2298 => putative oxidoreductase
[10:20:17] Modify product: Uncharacterized protein Rv2297 => putative protein
[10:20:17] Modify product: UPF0167 protein Rv2295 => hypothetical protein
[10:20:17] Modify product: Probable CDP-diacylglycerol pyrophosphatase => putative CDP-diacylglycerol pyrophosphatase
[10:20:17] Modify product: Uncharacterized Na(+)/H(+) exchanger Rv2287 => putative Na(+)/H(+) exchanger
[10:20:17] Modify product: HTH-type transcriptional regulator Rv1931c => HTH-type transcriptional regulator
[10:20:17] Modify product: Probable endoribonuclease MazF5 => putative endoribonuclease MazF5
[10:20:17] Modify product: Probable cutinase cut3 => putative cutinase cut3
[10:20:17] Modify product: Probable cutinase cut3 => putative cutinase cut3
[10:20:17] Modify product: Putative glutamine amidotransferase Rv2859c => Putative glutamine amidotransferase
[10:20:17] Modify product: Uncharacterized protein Rv0966c => putative protein
[10:20:17] Modify product: Uncharacterized PPE family protein PPE2 => putative PPE family protein PPE2
[10:20:17] Modify product: Uncharacterized protein Rv0250c => putative protein
[10:20:17] Modify product: Butyryl-CoA dehydrogenase Swol_1933 => Butyryl-CoA dehydrogenase
[10:20:17] Modify product: Putative secreted protein Rv0236.1 => Putative secreted protein.1
[10:20:17] Modify product: Uncharacterized methyltransferase Rv0224c => putative methyltransferase
[10:20:17] Modify product: Putative diacyglycerol O-acyltransferase Rv0221 => Putative diacyglycerol O-acyltransferase
[10:20:17] Modify product: Putative diacyglycerol O-acyltransferase Rv0221 => Putative diacyglycerol O-acyltransferase
[10:20:17] Modify product: Uncharacterized PPE family protein PPE51 => putative PPE family protein PPE51
[10:20:17] Modify product: Uncharacterized protein Rv1708 => putative protein
[10:20:17] Modify product: Uncharacterized RNA pseudouridine synthase Rv1711 => putative RNA pseudouridine synthase
[10:20:17] Modify product: Probable 3-hydroxybutyryl-CoA dehydrogenase => putative 3-hydroxybutyryl-CoA dehydrogenase
[10:20:17] Modify product: Uncharacterized protein Rv1148c => putative protein
[10:20:17] Modify product: Putative diacyglycerol O-acyltransferase Rv1760 => Putative diacyglycerol O-acyltransferase
[10:20:17] Modify product: Probable sensor histidine kinase pdtaS => putative sensor histidine kinase pdtaS
[10:20:17] Modify product: Uncharacterized protein Rv1708 => putative protein
[10:20:17] Modify product: Probable transport accessory protein MmpS3 => putative transport accessory protein MmpS3
[10:20:17] Modify product: Probable adenylyltransferase/sulfurtransferase MoeZ => putative adenylyltransferase/sulfurtransferase MoeZ
[10:20:17] Modify product: Uncharacterized protein Rv3202A => putative proteinA
[10:20:17] Modify product: Putative peroxiredoxin Rv1608c => Putative peroxiredoxin
[10:20:17] Modify product: Probable inositol 1-monophosphatase ImpA => putative inositol 1-monophosphatase ImpA
[10:20:17] Modify product: Probable inactive lipase Rv1592c => putative inactive lipase
[10:20:17] Modify product: Uncharacterized protein Rv1591 => putative protein
[10:20:17] Modify product: Uncharacterized protein Rv1590 => putative protein
[10:20:17] Modify product: Uncharacterized protein Rv1419 => putative protein
[10:20:17] Modify product: Uncharacterized protein Rv1417 => putative protein
[10:20:17] Modify product: Probable triacylglyceride transporter Rv1410c => putative triacylglyceride transporter
[10:20:17] Modify product: Putative methyltransferase Rv1407 => Putative methyltransferase
[10:20:17] Modify product: Uncharacterized protein Rv1405c => putative protein
[10:20:17] Modify product: Probable primosomal protein N' => putative primosomal protein N'
[10:20:17] Modify product: Uncharacterized membrane protein Rv1401 => putative membrane protein
[10:20:17] Modify product: Uncharacterized glycosyltransferase Rv1524 => putative glycosyltransferase
[10:20:17] Modify product: Probable alcohol dehydrogenase adh => putative alcohol dehydrogenase adh
[10:20:17] Modify product: Putative monooxygenase Rv1533 => Putative monooxygenase
[10:20:17] Modify product: Probable L-asparaginase => putative L-asparaginase
[10:20:17] Modify product: Uncharacterized RNA pseudouridine synthase Rv1540 => putative RNA pseudouridine synthase
[10:20:17] Modify product: Uncharacterized oxidoreductase Rv1543 => putative oxidoreductase
[10:20:17] Modify product: Uncharacterized oxidoreductase SA2266 => putative oxidoreductase
[10:20:17] Modify product: Uncharacterized protein Rv1546 => putative protein
[10:20:17] Modify product: Uncharacterized PPE family protein PPE40 => putative PPE family protein PPE40
[10:20:17] Modify product: Uncharacterized HTH-type transcriptional regulator Rv1556 => putative HTH-type transcriptional regulator
[10:20:17] Modify product: F420H(2)-dependent quinone reductase Rv1558 => F420H(2)-dependent quinone reductase
[10:20:17] Modify product: Glycogen operon protein GlgX homolog => Glycogen operon protein GlgX 
[10:20:17] Modify product: Uncharacterized protein Rv2008c => putative protein
[10:20:17] Modify product: Uncharacterized glycosyl hydrolase Rv2006 => putative glycosyl hydrolase
[10:20:17] Modify product: Universal stress protein Rv2005c => Universal stress protein
[10:20:17] Modify product: Uncharacterized protein Rv2004c => putative protein
[10:20:17] Modify product: Uncharacterized protein Rv2003A => putative proteinA
[10:20:17] Modify product: Uncharacterized protein Rv2003c => putative protein
[10:20:17] Modify product: Uncharacterized protein Rv2001 => putative protein
[10:20:17] Modify product: Uncharacterized protein Rv2000 => putative protein
[10:20:17] Modify product: Uncharacterized transporter Rv1999c => putative transporter
[10:20:17] Modify product: Uncharacterized protein Rv1998c => putative protein
[10:20:17] Modify product: Probable cation-transporting ATPase F => putative cation-transporting ATPase F
[10:20:17] Modify product: Universal stress protein Rv1996 => Universal stress protein
[10:20:17] Modify product: Uncharacterized protein Rv1995 => putative protein
[10:20:17] Modify product: Uncharacterized protein Rv1993c => putative protein
[10:20:17] Modify product: Probable cation-transporting ATPase G => putative cation-transporting ATPase G
[10:20:17] Modify product: Uncharacterized protein Rv1990c => putative protein
[10:20:17] Modify product: Uncharacterized protein Rv1989c => putative protein
[10:20:17] Modify product: Uncharacterized HTH-type transcriptional regulator Rv1985c => putative HTH-type transcriptional regulator
[10:20:17] Modify product: Probable cutinase Rv1984c => putative cutinase
[10:20:17] Modify product: Uncharacterized HTH-type transcriptional regulator Rv0377 => putative HTH-type transcriptional regulator
[10:20:17] Modify product: Probable xanthine dehydrogenase subunit A => putative xanthine dehydrogenase subunit A
[10:20:17] Modify product: Uncharacterized membrane protein Rv0364 => putative membrane protein
[10:20:17] Modify product: Uncharacterized PPE family protein PPE29 => putative PPE family protein PPE29
[10:20:17] Modify product: Toxin Rv0910 => Toxin
[10:20:17] Modify product: Antitoxin Rv0909 => Antitoxin
[10:20:17] Modify product: Uncharacterized protein Rv0906 => putative protein
[10:20:17] Modify product: Uncharacterized protein Rv0906 => putative protein
[10:20:17] Modify product: Probable enoyl-CoA hydratase echA6 => putative enoyl-CoA hydratase echA6
[10:20:17] Modify product: Uncharacterized membrane protein ArfC => putative membrane protein ArfC
[10:20:17] Modify product: Uncharacterized membrane protein ArfB => putative membrane protein ArfB
[10:20:17] Modify product: Uncharacterized protein Rv0898c => putative protein
[10:20:17] Modify product: Uncharacterized protein Rv0897c => putative protein
[10:20:17] Modify product: Putative diacyglycerol O-acyltransferase Rv0895 => Putative diacyglycerol O-acyltransferase
[10:20:17] Modify product: Putative HTH-type transcriptional regulator Rv0890c => Putative HTH-type transcriptional regulator
[10:20:17] Modify product: Uncharacterized protein Rv0953c => putative protein
[10:20:17] Modify product: 34 kDa antigenic protein homolog => 34 kDa antigenic protein 
[10:20:17] Modify product: Uncharacterized protein Rv0955 => putative protein
[10:20:17] Modify product: Uncharacterized protein Rv0966c => putative protein
[10:20:17] Modify product: Uncharacterized protein Rv0966c => putative protein
[10:20:17] Modify product: Probable doxorubicin resistance ABC transporter permease protein DrrC => putative doxorubicin resistance ABC transporter permease protein DrrC
[10:20:17] Modify product: PGL/p-HBAD biosynthesis glycosyltransferase Rv2957 => PGL/p-HBAD biosynthesis glycosyltransferase
[10:20:17] Modify product: PGL/p-HBAD biosynthesis glycosyltransferase Rv2958c => PGL/p-HBAD biosynthesis glycosyltransferase
[10:20:17] Modify product: Putative permease Rv2963 => Putative permease
[10:20:17] Modify product: Uncharacterized oxidoreductase Mb2996 => putative oxidoreductase
[10:20:17] Modify product: Uncharacterized protein SA1069 => putative protein
[10:20:17] Modify product: Uncharacterized protein Rv2886c => putative protein
[10:20:17] Modify product: Probable 8-oxo-dGTP diphosphatase 1 => putative 8-oxo-dGTP diphosphatase 1
[10:20:17] Modify product: DNA-binding protein HU homolog => DNA-binding protein HU 
[10:20:17] Modify product: Uncharacterized MFS-type transporter Rv2994 => putative MFS-type transporter
[10:20:17] Modify product: Uncharacterized MFS-type transporter Rv2994 => putative MFS-type transporter
[10:20:17] Modify product: Uncharacterized PPE family protein PPE47/PPE48 => putative PPE family protein PPE47/PPE48
[10:20:17] Modify product: Probable acyl-CoA dehydrogenase FadE10 => putative acyl-CoA dehydrogenase FadE10
[10:20:17] Modify product: Uncharacterized protein Rv0628c => putative protein
[10:20:17] Modify product: Uncharacterized protein Rv0875c => putative protein
[10:20:17] Modify product: Uncharacterized protein Rv0876c => putative protein
[10:20:17] Modify product: Uncharacterized protein Rv0877 => putative protein
[10:20:17] Modify product: Uncharacterized PPE family protein PPE40 => putative PPE family protein PPE40
[10:20:17] Modify product: Uncharacterized HTH-type transcriptional regulator Rv0880 => putative HTH-type transcriptional regulator
[10:20:17] Modify product: Uncharacterized protein Rv0883c => putative protein
[10:20:17] Modify product: Uncharacterized protein Rv0885 => putative protein
[10:20:17] Modify product: Probable ferredoxin/ferredoxin--NADP reductase => putative ferredoxin/ferredoxin--NADP reductase
[10:20:17] Modify product: Uncharacterized protein Rv0887c => putative protein
[10:20:17] Modify product: Putative HTH-type transcriptional regulator Rv0890c => Putative HTH-type transcriptional regulator
[10:20:17] Modify product: Uncharacterized monooxygenase Rv0892 => putative monooxygenase
[10:20:17] Modify product: Putative S-adenosyl-L-methionine-dependent methyltransferase Rv0893c => Putative S-adenosyl-L-methionine-dependent methyltransferase
[10:20:17] Modify product: Uncharacterized PE-PGRS family protein PE_PGRS24 => putative PE-PGRS family protein PE_PGRS24
[10:20:17] Modify product: Uncharacterized protein Rv1324 => putative protein
[10:20:17] Modify product: Probable acetyl-CoA acetyltransferase => putative acetyl-CoA acetyltransferase
[10:20:17] Modify product: Uncharacterized protein Rv1320c => putative protein
[10:20:17] Modify product: Uncharacterized protein Rv1319c => putative protein
[10:20:17] Modify product: Uncharacterized protein Rv1318c => putative protein
[10:20:17] Modify product: Probable bifunctional transcriptional activator/DNA repair enzyme AlkA => putative bifunctional transcriptional activator/DNA repair enzyme AlkA
[10:20:17] Modify product: Proline-rich antigen homolog => Proline-rich antigen 
[10:20:17] Modify product: Uncharacterized protein Rv2575 => putative protein
[10:20:17] Modify product: Uncharacterized protein Rv2576c => putative protein
[10:20:17] Modify product: Uncharacterized protein Rv2581c => putative protein
[10:20:17] Modify product: Probable peptidyl-prolyl cis-trans isomerase B => putative peptidyl-prolyl cis-trans isomerase B
[10:20:17] Modify product: Uncharacterized lipoprotein Rv2585c => putative lipoprotein
[10:20:17] Modify product: Uncharacterized protein Rv2597 => putative protein
[10:20:17] Modify product: Uncharacterized protein Rv2599 => putative protein
[10:20:17] Modify product: Probable transcriptional regulatory protein Rv2603c => putative transcriptional regulatory protein
[10:20:17] Modify product: Probable acyl-CoA dehydrogenase fadE25 => putative acyl-CoA dehydrogenase fadE25
[10:20:17] Modify product: Probable fatty acyl-CoA transferase Rv3272 => putative fatty acyl-CoA transferase
[10:20:17] Modify product: Uncharacterized protein Rv0968 => putative protein
[10:20:17] Modify product: Uncharacterized protein Rv3254 => putative protein
[10:20:17] Modify product: Uncharacterized amino acid permease YhdG => putative amino acid permease YhdG
[10:20:17] Modify product: Uncharacterized membrane protein Rv3835 => putative membrane protein
[10:20:17] Modify product: Probable cell wall biosynthesis protein LcpB => putative cell wall biosynthesis protein LcpB
[10:20:17] Modify product: Probable glycerophosphodiester phosphodiesterase 1 => putative glycerophosphodiester phosphodiesterase 1
[10:20:17] Modify product: Uncharacterized protein Rv3067 => putative protein
[10:20:17] Modify product: Uncharacterized HTH-type transcriptional regulator Rv0472c => putative HTH-type transcriptional regulator
[10:20:17] Modify product: Probable siderophore-binding lipoprotein YfiY => putative siderophore-binding lipoprotein YfiY
[10:20:17] Modify product: Probable cytochrome c oxidase subunit 1 => putative cytochrome c oxidase subunit 1
[10:20:17] Modify product: Uncharacterized ABC transporter ATP-binding protein YlmA => putative ABC transporter ATP-binding protein YlmA
[10:20:17] Modify product: Probable enoyl-CoA hydratase echA17 => putative enoyl-CoA hydratase echA17
[10:20:17] Modify product: Uncharacterized protein Rv3035 => putative protein
[10:20:17] Modify product: Putative acetyltransferase Rv3034c => Putative acetyltransferase
[10:20:17] Modify product: Probable 1,4-alpha-glucan branching enzyme Rv3031 => putative 1,4-alpha-glucan branching enzyme
[10:20:17] Modify product: Probable S-adenosylmethionine-dependent methyltransferase Rv3030 => putative S-adenosylmethionine-dependent methyltransferase
[10:20:17] Modify product: Uncharacterized membrane protein Rv3691 => putative membrane protein
[10:20:17] Modify product: Uncharacterized protein BCG_0605c => putative protein
[10:20:17] Modify product: Probable hercynylcysteine sulfoxide lyase => putative hercynylcysteine sulfoxide lyase
[10:20:17] Modify product: Putative bifunctional exonuclease/endonuclease protein Rv2191 => Putative bifunctional exonuclease/endonuclease protein
[10:20:17] Modify product: Nucleoid-associated protein Rv3716c => Nucleoid-associated protein
[10:20:17] Modify product: N-acetylmuramoyl-L-alanine amidase Rv3717 => N-acetylmuramoyl-L-alanine amidase
[10:20:17] Modify product: Probable fatty acid methyltransferase Rv3720 => putative fatty acid methyltransferase
[10:20:17] Modify product: Putative aminotransferase MSMEG_6286/MSMEI_6121 => Putative aminotransferase/MSMEI_6121
[10:20:17] Modify product: Probable cutinase Rv1984c => putative cutinase
[10:20:17] Modify product: Probable diacyglycerol O-acyltransferase tgs2 => putative diacyglycerol O-acyltransferase tgs2
[10:20:17] Modify product: Uncharacterized PPE family protein PPE47/PPE48 => putative PPE family protein PPE47/PPE48
[10:20:17] Modify product: Putative diacyglycerol O-acyltransferase Rv3740c => Putative diacyglycerol O-acyltransferase
[10:20:17] Modify product: Probable cation-transporting P-type ATPase J => putative cation-transporting P-type ATPase J
[10:20:17] Modify product: Uncharacterized protein Rv0313 => putative protein
[10:20:17] Modify product: Uncharacterized protein Rv1312 => putative protein
[10:20:17] Modify product: Uncharacterized protein Rv1303 => putative protein
[10:20:17] Modify product: Uncharacterized FAD-linked oxidoreductase Rv2280 => putative FAD-linked oxidoreductase
[10:20:17] Modify product: Uncharacterized HTH-type transcriptional regulator Rv2282c => putative HTH-type transcriptional regulator
[10:20:17] Modify product: Putative diacyglycerol O-acyltransferase Rv2285 => Putative diacyglycerol O-acyltransferase
[10:20:17] Modify product: Uncharacterized protein Rv2286c => putative protein
[10:20:17] Modify product: Universal stress protein Rv1636 => Universal stress protein
[10:20:17] Modify product: Probable multidrug-efflux transporter Rv1634 => putative multidrug-efflux transporter
[10:20:17] Modify product: Probable transcriptional regulatory protein pdtaR => putative transcriptional regulatory protein pdtaR
[10:20:17] Modify product: Probable ABC transporter ATP-binding/permease protein HI_0664 => putative ABC transporter ATP-binding/permease protein
[10:20:17] Modify product: Uncharacterized protein Rv0953c => putative protein
[10:20:17] Modify product: Uncharacterized protein Rv0953c => putative protein
[10:20:17] Modify product: Putative diacyglycerol O-acyltransferase Rv3087 => Putative diacyglycerol O-acyltransferase
[10:20:17] Modify product: Putative coenzyme F420-dependent oxidoreductase Rv3520c => Putative coenzyme F420-dependent oxidoreductase
[10:20:17] Modify product: Uncharacterized HTH-type transcriptional regulator Rv3095 => putative HTH-type transcriptional regulator
[10:20:17] Modify product: Uncharacterized protein Rv1364c => putative protein
[10:20:17] Modify product: Uncharacterized protein Rv1363c => putative protein
[10:20:17] Modify product: Uncharacterized protein Rv1362c => putative protein
[10:20:17] Modify product: Uncharacterized protein Rv1360 => putative protein
[10:20:17] Modify product: Uncharacterized signaling protein PA1727 => putative signaling protein
[10:20:17] Modify product: Putative quercetin 2,3-dioxygenase Rv0181c => Putative quercetin 2,3-dioxygenase
[10:20:17] Modify product: Chloramphenicol efflux pump Rv0191 => Chloramphenicol efflux pump
[10:20:17] Modify product: Multidrug efflux ATP-binding/permease protein Rv0194 => Multidrug efflux ATP-binding/permease protein
[10:20:17] Modify product: Uncharacterized HTH-type transcriptional regulator Rv0196 => putative HTH-type transcriptional regulator
[10:20:17] Modify product: Heme-binding protein Rv0203 => Heme-binding protein
[10:20:17] Modify product: Putative transport protein Rv0205 => Putative transport protein
[10:20:17] Modify product: Uncharacterized protein Rv2237 => putative protein
[10:20:17] Modify product: Probable endoribonuclease MazF7 => putative endoribonuclease MazF7
[10:20:17] Modify product: Uncharacterized protein Rv2067c => putative protein
[10:20:17] Modify product: Uncharacterized oxidoreductase Rv2073c => putative oxidoreductase
[10:20:17] Modify product: Uncharacterized protein MRA_2757 => putative protein
[10:20:17] Modify product: Uncharacterized membrane protein Rv2723 => putative membrane protein
[10:20:17] Modify product: UPF0678 fatty acid-binding protein-like protein Rv2717c => hypothetical protein
[10:20:17] Modify product: Uncharacterized protein Rv2716 => putative protein
[10:20:17] Modify product: Uncharacterized protein Rv2715 => putative protein
[10:20:17] Modify product: Probable soluble pyridine nucleotide transhydrogenase => putative soluble pyridine nucleotide transhydrogenase
[10:20:17] Modify product: Fluoroquinolones export ATP-binding protein Rv2688c => Fluoroquinolones export ATP-binding protein
[10:20:17] Modify product: Fluoroquinolones export permease protein Rv2687c => Fluoroquinolones export permease protein
[10:20:17] Modify product: Fluoroquinolones export permease protein Rv2686c => Fluoroquinolones export permease protein
[10:20:17] Modify product: Uncharacterized transporter Rv2685 => putative transporter
[10:20:17] Modify product: Uncharacterized transporter Rv2685 => putative transporter
[10:20:17] Modify product: Probable enoyl-CoA hydratase echA12 => putative enoyl-CoA hydratase echA12
[10:20:17] Modify product: Uncharacterized protein Rv2676c => putative protein
[10:20:17] Modify product: Uncharacterized N-acetyltransferase Rv2669 => putative N-acetyltransferase
[10:20:17] Modify product: UPF0098 protein Rv1910c => hypothetical protein
[10:20:17] Modify product: Probable D-amino-acid oxidase => putative D-amino-acid oxidase
[10:20:17] Modify product: Uncharacterized ABC transporter ATP-binding protein Rv0986 => putative ABC transporter ATP-binding protein
[10:20:17] Modify product: Probable dolichyl-phosphate-mannose--protein mannosyltransferase => putative dolichyl-phosphate-mannose--protein mannosyltransferase
[10:20:17] Modify product: Uncharacterized metal-dependent hydrolase TatD => putative metal-dependent hydrolase TatD
[10:20:17] Modify product: Putative ligase Rv1013 => Putative ligase
[10:20:17] Modify product: Probable sensor histidine kinase TcrY => putative sensor histidine kinase TcrY
[10:20:17] Modify product: Probable transcriptional regulatory protein TcrX => putative transcriptional regulatory protein TcrX
[10:20:17] Modify product: Uncharacterized protein Rv1520 => putative protein
[10:20:17] Modify product: Uncharacterized protein Rv1520 => putative protein
[10:20:17] Modify product: Uncharacterized glycosyltransferase Rv1514c => putative glycosyltransferase
[10:20:17] Modify product: Uncharacterized protein Rv1510 => putative protein
[10:20:17] Modify product: Probable copper-exporting P-type ATPase V => putative copper-exporting P-type ATPase V
[10:20:17] Modify product: Uncharacterized protein Rv0970 => putative protein
[10:20:17] Modify product: Probable enoyl-CoA hydratase => putative enoyl-CoA hydratase
[10:20:17] Modify product: Probable propionyl-CoA carboxylase beta chain 5 => putative propionyl-CoA carboxylase beta chain 5
[10:20:17] Modify product: Putative coenzyme F420-dependent oxidoreductase Rv3520c => Putative coenzyme F420-dependent oxidoreductase
[10:20:17] Modify product: Phosphatase Rv3376 => Phosphatase
[10:20:17] Modify product: Putative diacyglycerol O-acyltransferase Rv3371 => Putative diacyglycerol O-acyltransferase
[10:20:17] Modify product: Serine protease inhibitor Rv3364c => Serine protease inhibitor
[10:20:17] Modify product: ABC transporter ATP-binding/permease protein Rv1747 => ABC transporter ATP-binding/permease protein
[10:20:17] Modify product: Bifunctional protein FolD => Bifunctional protein FolD protein
[10:20:17] Modify product: Putative glutaredoxin Rv3198.1 => Putative glutaredoxin.1
[10:20:17] Modify product: Probable transcriptional regulator WhiB7 => putative transcriptional regulator WhiB7
[10:20:17] Modify product: Uncharacterized protein YlbL => putative protein YlbL
[10:20:17] Modify product: Uncharacterized HTH-type transcriptional regulator Rv1255c => putative HTH-type transcriptional regulator
[10:20:17] Modify product: Serine protease Rv3671c => Serine protease
[10:20:17] Modify product: Putative ATPase Rv3679 => Putative ATPase
[10:20:17] Modify product: Uncharacterized protein Rv3786c => putative protein
[10:20:17] Modify product: Putative S-adenosyl-L-methionine-dependent methyltransferase Rv3787c => Putative S-adenosyl-L-methionine-dependent methyltransferase
[10:20:17] Modify product: Uncharacterized protein Rv3788 => putative protein
[10:20:17] Modify product: Arabinogalactan biosynthesis recruiting protein Rv3789 => Arabinogalactan biosynthesis recruiting protein
[10:20:17] Modify product: Probable arabinosyltransferase C => putative arabinosyltransferase C
[10:20:17] Modify product: Probable arabinosyltransferase A => putative arabinosyltransferase A
[10:20:17] Modify product: Probable arabinosyltransferase B => putative arabinosyltransferase B
[10:20:17] Modify product: Uncharacterized ABC transporter ATP-binding protein Rv0073 => putative ABC transporter ATP-binding protein
[10:20:17] Modify product: Uncharacterized ABC transporter permease Rv0072 => putative ABC transporter permease
[10:20:17] Modify product: UPF0182 protein MSMEG_1959/MSMEI_1915 => hypothetical protein
[10:20:17] Modify product: Uncharacterized FAD-linked oxidoreductase YvdP => putative FAD-linked oxidoreductase YvdP
[10:20:17] Modify product: Probable dual-specificity RNA methyltransferase RlmN => putative dual-specificity RNA methyltransferase RlmN
[10:20:17] Modify product: Uncharacterized protein Rv2886c => putative protein
[10:20:17] Modify product: Uncharacterized HTH-type transcriptional regulator Rv2887 => putative HTH-type transcriptional regulator
[10:20:17] Modify product: UPF0102 protein RPA0323 => hypothetical protein
[10:20:17] Modify product: Uncharacterized oxidoreductase Rv2900c => putative oxidoreductase
[10:20:17] Modify product: Putative S-adenosyl-L-methionine-dependent methyltransferase Rv0145 => Putative S-adenosyl-L-methionine-dependent methyltransferase
[10:20:17] Modify product: Putative S-adenosyl-L-methionine-dependent methyltransferase Rv0146 => Putative S-adenosyl-L-methionine-dependent methyltransferase
[10:20:17] Modify product: Putative short-chain type dehydrogenase/reductase Rv0148 => Putative short-chain type dehydrogenase/reductase
[10:20:17] Modify product: Uncharacterized PE-PGRS family protein PE_PGRS24 => putative PE-PGRS family protein PE_PGRS24
[10:20:17] Modify product: Uncharacterized FAD-linked oxidoreductase Rv2280 => putative FAD-linked oxidoreductase
[10:20:17] Modify product: Uncharacterized response regulatory protein Rv3143 => putative response regulatory protein
[10:20:17] Modify product: Uncharacterized PPE family protein PPE51 => putative PPE family protein PPE51
[10:20:17] Modify product: Universal stress protein Rv3134c => Universal stress protein
[10:20:17] Modify product: Putative NAD(P)H nitroreductase Rv3131 => Putative NAD(P)H nitroreductase
[10:20:17] Modify product: Probable diacyglycerol O-acyltransferase tgs1 => putative diacyglycerol O-acyltransferase tgs1
[10:20:17] Modify product: Uncharacterized protein Rv3127 => putative protein
[10:20:17] Modify product: UPF0678 fatty acid-binding protein-like protein Rv0813c => hypothetical protein
[10:20:17] Modify product: Putative succinyl-CoA transferase Rv0802c => Putative succinyl-CoA transferase
[10:20:17] Modify product: Probable M18 family aminopeptidase 2 => putative M18 family aminopeptidase 2
[10:20:17] Modify product: Uncharacterized PPE family protein PPE36 => putative PPE family protein PPE36
[10:20:17] Modify product: Uncharacterized PPE family protein PPE37 => putative PPE family protein PPE37
[10:20:17] Modify product: Probable nicotinate-nucleotide adenylyltransferase => putative nicotinate-nucleotide adenylyltransferase
[10:20:17] Modify product: DegV domain-containing protein Rv2417c => DegV domain-containing protein
[10:20:17] Modify product: Uncharacterized protein Rv2411c => putative protein
[10:20:17] Modify product: Uncharacterized protein Rv2567 => putative protein
[10:20:17] Modify product: Uncharacterized protein Rv2569c => putative protein
[10:20:17] Modify product: Uncharacterized protein Rv1148c => putative protein
[10:20:17] Modify product: Uncharacterized PPE family protein PPE40 => putative PPE family protein PPE40
[10:20:17] Modify product: Uncharacterized oxidoreductase Rv1144 => putative oxidoreductase
[10:20:17] Modify product: Uncharacterized protein Rv1148c => putative protein
[10:20:17] Modify product: Uncharacterized protein Rv1109c => putative protein
[10:20:17] Modify product: Putative transport protein Rv1101c => Putative transport protein
[10:20:17] Modify product: Putative bifunctional exonuclease/endonuclease protein Rv2191 => Putative bifunctional exonuclease/endonuclease protein
[10:20:17] Modify product: 3'-5' exoribonuclease Rv2179c => 3'-5' exoribonuclease
[10:20:17] Modify product: Probable chromosome-partitioning protein ParB => putative chromosome-partitioning protein ParB
[10:20:17] Modify product: Uncharacterized protein Rv0007 => putative protein
[10:20:17] Modify product: UPF0749 protein Rv1823 => hypothetical protein
[10:20:17] Modify product: Uncharacterized MscS family protein YkuT => putative MscS family protein YkuT
[10:20:17] Modify product: Putative toxin Rv3098A/RVBD_3098A => Putative toxinA/RVBD_3098A
[10:20:17] Modify product: Probable propionyl-CoA carboxylase beta chain 5 => putative propionyl-CoA carboxylase beta chain 5
[10:20:17] Modify product: Putative decaprenylphosphoryl-5-phosphoribose phosphatase Rv3807c => Putative decaprenylphosphoryl-5-phosphoribose phosphatase
[10:20:17] Modify product: Putative Rieske 2Fe-2S iron-sulfur protein Rv3818 => Putative Rieske 2Fe-2S iron-sulfur protein
[10:20:17] Modify product: Uncharacterized protein Rv2886c => putative protein
[10:20:17] Modify product: Probable sulfoacetate--CoA ligase => putative sulfoacetate--CoA ligase
[10:20:17] Modify product: Probable hydrogen peroxide-inducible genes activator => putative hydrogen peroxide-inducible genes activator
[10:20:17] Modify product: Uncharacterized protein Rv0088 => putative protein
[10:20:17] Modify product: Uncharacterized protein Rv0090 => putative protein
[10:20:17] Modify product: Uncharacterized protein Rv0093c => putative protein
[10:20:17] Modify product: Uncharacterized protein Rv1148c => putative protein
[10:20:17] Modify product: Uncharacterized protein Rv1148c => putative protein
[10:20:17] Modify product: Putative dioxygenase Rv0097 => Putative dioxygenase
[10:20:17] Modify product: Uncharacterized protein Rv0098 => putative protein
[10:20:17] Modify product: Uncharacterized protein Rv0100 => putative protein
[10:20:17] Modify product: Uncharacterized protein Rv0102 => putative protein
[10:20:17] Modify product: Uncharacterized protein Rv0106 => putative protein
[10:20:17] Modify product: Probable cation-transporting ATPase I => putative cation-transporting ATPase I
[10:20:17] Modify product: Probable lipoprotein LppE => putative lipoprotein LppE
[10:20:17] Modify product: Putative S-adenosyl-L-methionine-dependent methyltransferase Rv3399 => Putative S-adenosyl-L-methionine-dependent methyltransferase
[10:20:17] Modify product: Putative monooxygenase Rv1533 => Putative monooxygenase
[10:20:17] Modify product: Uncharacterized HTH-type transcriptional regulator Rv0023 => putative HTH-type transcriptional regulator
[10:20:17] Modify product: Uncharacterized protein Rv0025 => putative protein
[10:20:17] Modify product: Uncharacterized protein Rv0028 => putative protein
[10:20:17] Modify product: Uncharacterized protein Rv0028A => putative proteinA
[10:20:17] Modify product: Uncharacterized protein Rv0030 => putative protein
[10:20:17] Modify product: Uncharacterized protein Rv0034 => putative protein
[10:20:17] Modify product: Uncharacterized protein Rv1363c => putative protein
[10:20:17] Modify product: Uncharacterized protein Rv2386A/RVBD_2386A => putative proteinA/RVBD_2386A
[10:20:17] Modify product: Putative HTH-type transcriptional regulator Rv0890c => Putative HTH-type transcriptional regulator
[10:20:17] Modify product: Uncharacterized PPE family protein PPE32 => putative PPE family protein PPE32
[10:20:17] Modify product: Probable transport protein MmpL1 => putative transport protein MmpL1
[10:20:17] Modify product: Probable lipoprotein aminopeptidase LpqL => putative lipoprotein aminopeptidase LpqL
[10:20:17] Modify product: Probable cation-transporting ATPase I => putative cation-transporting ATPase I
[10:20:17] Modify product: Uncharacterized NAD-dependent oxidoreductase Rv0687 => putative NAD-dependent oxidoreductase
[10:20:18] Modify product: Putative S-adenosyl-L-methionine-dependent methyltransferase Rv0726c => Putative S-adenosyl-L-methionine-dependent methyltransferase
[10:20:18] Modify product: Putative S-adenosyl-L-methionine-dependent methyltransferase Rv0731c => Putative S-adenosyl-L-methionine-dependent methyltransferase
[10:20:18] Modify product: Uncharacterized protein Rv0738 => putative protein
[10:20:18] Modify product: Uncharacterized protein Rv0740 => putative protein
[10:20:18] Modify product: Probable 3-hydroxyisobutyrate dehydrogenase => putative 3-hydroxyisobutyrate dehydrogenase
[10:20:18] Modify product: Uncharacterized protein Rv2742A => putative proteinA
[10:20:18] Modify product: Uncharacterized oxidoreductase Rv2750 => putative oxidoreductase
[10:20:18] Modify product: Uncharacterized PPE family protein PPE40 => putative PPE family protein PPE40
[10:20:18] Cleaned 737 /product names
[10:20:18] Deleting unwanted file: prokkaGAA/mtuberculosis.sprot.tmp.44689.faa
[10:20:18] Deleting unwanted file: prokkaGAA/mtuberculosis.sprot.tmp.44689.blast
[10:20:18] There are still 1870 unannotated CDS left (started with 4352)
[10:20:18] Will use hmmer3 to search against /Users/nathanieldavies/miniforge3/envs/genomeassembly/db/hmm/HAMAP.hmm with 8 CPUs
[10:20:18] Running: cat prokkaGAA\/mtuberculosis\.HAMAP\.hmm\.tmp\.44689\.faa | parallel --gnu --plain -j 8 --block 27357 --recstart '>' --pipe hmmscan --noali --notextw --acc -E 1e-09 --cpu 1 /Users/nathanieldavies/miniforge3/envs/genomeassembly/db/hmm/HAMAP.hmm /dev/stdin > prokkaGAA\/mtuberculosis\.HAMAP\.hmm\.tmp\.44689\.hmmer3 2> /dev/null
[10:20:34] Modify product: Uncharacterized Nudix hydrolase NudL => putative Nudix hydrolase NudL
[10:20:34] Cleaned 1 /product names
[10:20:34] Deleting unwanted file: prokkaGAA/mtuberculosis.HAMAP.hmm.tmp.44689.faa
[10:20:34] Deleting unwanted file: prokkaGAA/mtuberculosis.HAMAP.hmm.tmp.44689.hmmer3
[10:20:34] Labelling remaining 1725 proteins as 'hypothetical protein'
[10:20:34] Possible /pseudo 'putative protein' at 11105 position 1033
[10:20:34] Possible /pseudo 'Universal stress protein' at 11256 position 5485
[10:20:34] Possible /pseudo 'putative protein' at 11256 position 14330
[10:20:34] Possible /pseudo 'putative protein' at 11317 position 5937
[10:20:34] Possible /pseudo 'Putative lipoprotein LppA' at 11463 position 23234
[10:20:34] Possible /pseudo 'putative protein' at 11534 position 1764
[10:20:34] Possible /pseudo 'putative protein' at 11534 position 2445
[10:20:34] Possible /pseudo 'Putative peptide transport permease protein' at 11534 position 8992
[10:20:34] Possible /pseudo 'putative oxidoreductase' at 11535 position 16361
[10:20:34] Possible /pseudo 'putative protein' at 11545 position 35455
[10:20:34] Possible /pseudo 'putative protein' at 11545 position 35934
[10:20:34] Possible /pseudo 'Apoptosis inhibitor' at 11551 position 928
[10:20:34] Possible /pseudo 'putative protein' at 11554 position 5993
[10:20:34] Possible /pseudo 'putative protein' at 11554 position 7015
[10:20:34] Possible /pseudo 'putative protein' at 11562 position 2287
[10:20:34] Possible /pseudo 'Putative flavin-containing monoamine oxidase AofH' at 11570 position 12497
[10:20:34] Possible /pseudo 'putative protein' at 11571 position 41633
[10:20:34] Possible /pseudo 'putative protein' at 11573 position 6275
[10:20:34] Possible /pseudo 'putative protein' at 11584 position 3895
[10:20:34] Possible /pseudo 'putative protein' at 11584 position 4753
[10:20:34] Possible /pseudo 'putative protein' at 11584 position 8361
[10:20:34] Possible /pseudo 'putative protein' at 11589 position 18510
[10:20:34] Possible /pseudo 'Universal stress protein' at 11606 position 22010
[10:20:34] Possible /pseudo 'putative cutinase cut3' at 11608 position 5160
[10:20:34] Possible /pseudo 'Hydrogenase maturation factor HypB' at 11609 position 4373
[10:20:34] Possible /pseudo 'Putative diacyglycerol O-acyltransferase' at 11610 position 43140
[10:20:34] Possible /pseudo 'Phthiocerol synthesis polyketide synthase type I PpsD' at 11613 position 8111
[10:20:34] Possible /pseudo 'putative MFS-type transporter' at 11613 position 93288
[10:20:34] Possible /pseudo 'putative protein' at 11614 position 4066
[10:20:34] Possible /pseudo 'putative protein' at 11614 position 4551
[10:20:34] Possible /pseudo 'putative protein' at 11614 position 6362
[10:20:34] Possible /pseudo 'putative protein' at 11615 position 5979
[10:20:34] Possible /pseudo 'putative protein' at 11615 position 7656
[10:20:34] Possible /pseudo 'putative protein' at 11618 position 882
[10:20:34] Possible /pseudo 'putative protein' at 11620 position 25944
[10:20:34] Possible /pseudo 'Carboxylesterase NlhH' at 11621 position 18643
[10:20:34] Possible /pseudo 'putative oxidoreductase' at 11622 position 25088
[10:20:34] Possible /pseudo 'putative protein' at 11623 position 15881
[10:20:34] Possible /pseudo 'putative protein' at 11623 position 29378
[10:20:34] Possible /pseudo 'putative protein' at 11625 position 17689
[10:20:34] Possible /pseudo 'putative protein' at 11625 position 24766
[10:20:34] Possible /pseudo 'putative protein' at 11626 position 15906
[10:20:34] Possible /pseudo 'ATP-dependent DNA helicase Rep' at 11631 position 3035
[10:20:34] Possible /pseudo 'Putative S-adenosyl-L-methionine-dependent methyltransferase' at 11637 position 5546
[10:20:34] Possible /pseudo 'PE family protein PE3' at 11637 position 22315
[10:20:34] Possible /pseudo 'Precorrin-6A reductase' at 11640 position 21691
[10:20:34] Possible /pseudo 'putative protein' at 11641 position 17852
[10:20:34] Possible /pseudo 'Trk system potassium uptake protein TrkA' at 11641 position 36580
[10:20:34] Possible /pseudo 'Fluoroquinolones export permease protein' at 11641 position 42569
[10:20:34] Possible /pseudo 'putative transporter' at 11641 position 44704
[10:20:34] Possible /pseudo 'ISNCY family transposase ISRjo3' at 11643 position 57663
[10:20:34] Possible /pseudo 'ISL3 family transposase IS1557' at 11648 position 680
[10:20:34] Possible /pseudo 'putative protein' at 11651 position 2223
[10:20:34] Possible /pseudo 'putative protein' at 11652 position 2527
[10:20:34] Possible /pseudo 'putative protein' at 11652 position 3309
[10:20:34] Possible /pseudo 'putative protein' at 11654 position 12413
[10:20:34] Possible /pseudo 'putative protein' at 11654 position 13508
[10:20:34] Possible /pseudo 'Transcriptional regulator WhiB5' at 11656 position 5372
[10:20:34] Possible /pseudo 'Putative 8-amino-7-oxononanoate synthase 2' at 11656 position 13085
[10:20:34] Possible /pseudo 'Crotonobetainyl-CoA reductase' at 11661 position 22001
[10:20:34] Possible /pseudo 'ISNCY family transposase ISBli16' at 11661 position 34749
[10:20:34] Possible /pseudo 'putative protein' at 11664 position 12304
[10:20:34] Possible /pseudo 'putative protein' at 11664 position 13281
[10:20:34] Possible /pseudo 'Ribosome-binding ATPase YchF' at 11665 position 2920
[10:20:34] Possible /pseudo '1,2-epoxyphenylacetyl-CoA isomerase' at 11665 position 33159
[10:20:34] Possible /pseudo 'Para-nitrobenzyl esterase' at 11667 position 4492
[10:20:34] Possible /pseudo 'Long-chain-fatty-acid--CoA ligase FadD15' at 11668 position 8284
[10:20:34] Possible /pseudo 'ISL3 family transposase IS1557' at 11671 position 680
[10:20:34] Found 1531 unique /gene codes.
[10:20:34] Fixed 3 duplicate /gene - mmpL3_1 mmpL3_2 mmpL3_3
[10:20:34] Fixed 3 duplicate /gene - xerC_1 xerC_2 xerC_3
[10:20:34] Fixed 2 duplicate /gene - vapC5_1 vapC5_2
[10:20:34] Fixed 4 duplicate /gene - menE_1 menE_2 menE_3 menE_4
[10:20:34] Fixed 2 duplicate /gene - fcl_1 fcl_2
[10:20:34] Fixed 6 duplicate /gene - mmgC_1 mmgC_2 mmgC_3 mmgC_4 mmgC_5 mmgC_6
[10:20:34] Fixed 2 duplicate /gene - dxs_1 dxs_2
[10:20:34] Fixed 2 duplicate /gene - fadH_1 fadH_2
[10:20:34] Fixed 2 duplicate /gene - dipZ_1 dipZ_2
[10:20:34] Fixed 3 duplicate /gene - lipY_1 lipY_2 lipY_3
[10:20:34] Fixed 2 duplicate /gene - bacC_1 bacC_2
[10:20:34] Fixed 2 duplicate /gene - menB_1 menB_2
[10:20:34] Fixed 2 duplicate /gene - eccC5_1 eccC5_2
[10:20:34] Fixed 2 duplicate /gene - mutB_1 mutB_2
[10:20:34] Fixed 2 duplicate /gene - gmd_1 gmd_2
[10:20:34] Fixed 2 duplicate /gene - ppsD_1 ppsD_2
[10:20:34] Fixed 4 duplicate /gene - lcfB_1 lcfB_2 lcfB_3 lcfB_4
[10:20:34] Fixed 2 duplicate /gene - egtC_1 egtC_2
[10:20:34] Fixed 2 duplicate /gene - espH_1 espH_2
[10:20:34] Fixed 2 duplicate /gene - rpsR1_1 rpsR1_2
[10:20:34] Fixed 2 duplicate /gene - fabG2_1 fabG2_2
[10:20:34] Fixed 5 duplicate /gene - caiD_1 caiD_2 caiD_3 caiD_4 caiD_5
[10:20:34] Fixed 3 duplicate /gene - mmpS4_1 mmpS4_2 mmpS4_3
[10:20:34] Fixed 2 duplicate /gene - frdB_1 frdB_2
[10:20:34] Fixed 3 duplicate /gene - betI_1 betI_2 betI_3
[10:20:34] Fixed 2 duplicate /gene - lcpA_1 lcpA_2
[10:20:34] Fixed 2 duplicate /gene - msiK_1 msiK_2
[10:20:34] Fixed 2 duplicate /gene - ephB_1 ephB_2
[10:20:34] Fixed 2 duplicate /gene - ychF_1 ychF_2
[10:20:34] Fixed 2 duplicate /gene - tesB_1 tesB_2
[10:20:34] Fixed 2 duplicate /gene - ephD_1 ephD_2
[10:20:34] Fixed 2 duplicate /gene - trkA_1 trkA_2
[10:20:34] Fixed 2 duplicate /gene - ddn_1 ddn_2
[10:20:34] Fixed 3 duplicate /gene - tcrY_1 tcrY_2 tcrY_3
[10:20:34] Fixed 2 duplicate /gene - sdhA_1 sdhA_2
[10:20:34] Fixed 3 duplicate /gene - dap_1 dap_2 dap_3
[10:20:34] Fixed 4 duplicate /gene - aes_1 aes_2 aes_3 aes_4
[10:20:34] Fixed 3 duplicate /gene - pnbA_1 pnbA_2 pnbA_3
[10:20:34] Fixed 2 duplicate /gene - mmsB_1 mmsB_2
[10:20:34] Fixed 2 duplicate /gene - uctC_1 uctC_2
[10:20:34] Fixed 2 duplicate /gene - qorA_1 qorA_2
[10:20:34] Fixed 2 duplicate /gene - mmpL5_1 mmpL5_2
[10:20:34] Fixed 2 duplicate /gene - cobK_1 cobK_2
[10:20:34] Fixed 2 duplicate /gene - araQ_1 araQ_2
[10:20:34] Fixed 3 duplicate /gene - sadH_1 sadH_2 sadH_3
[10:20:34] Fixed 2 duplicate /gene - vapC3_1 vapC3_2
[10:20:34] Fixed 2 duplicate /gene - drrA_1 drrA_2
[10:20:34] Fixed 2 duplicate /gene - pspA_1 pspA_2
[10:20:34] Fixed 2 duplicate /gene - moeZ_1 moeZ_2
[10:20:34] Fixed 4 duplicate /gene - hmp_1 hmp_2 hmp_3 hmp_4
[10:20:34] Fixed 2 duplicate /gene - hepT_1 hepT_2
[10:20:34] Fixed 2 duplicate /gene - cocE_1 cocE_2
[10:20:34] Fixed 2 duplicate /gene - mshA_1 mshA_2
[10:20:34] Fixed 4 duplicate /gene - gloB_1 gloB_2 gloB_3 gloB_4
[10:20:34] Fixed 2 duplicate /gene - dnaK_1 dnaK_2
[10:20:34] Fixed 4 duplicate /gene - hcaB_1 hcaB_2 hcaB_3 hcaB_4
[10:20:34] Fixed 2 duplicate /gene - whiB5_1 whiB5_2
[10:20:34] Fixed 3 duplicate /gene - nlhH_1 nlhH_2 nlhH_3
[10:20:34] Fixed 4 duplicate /gene - fadA_1 fadA_2 fadA_3 fadA_4
[10:20:34] Fixed 2 duplicate /gene - ribBA_1 ribBA_2
[10:20:34] Fixed 2 duplicate /gene - priA_1 priA_2
[10:20:34] Fixed 2 duplicate /gene - ideR_1 ideR_2
[10:20:34] Fixed 2 duplicate /gene - ugpA_1 ugpA_2
[10:20:34] Fixed 3 duplicate /gene - accD5_1 accD5_2 accD5_3
[10:20:34] Fixed 2 duplicate /gene - inhA_1 inhA_2
[10:20:34] Fixed 2 duplicate /gene - sap_1 sap_2
[10:20:34] Fixed 2 duplicate /gene - PE3_1 PE3_2
[10:20:34] Fixed 3 duplicate /gene - ethA_1 ethA_2 ethA_3
[10:20:34] Fixed 2 duplicate /gene - higA2_1 higA2_2
[10:20:34] Fixed 2 duplicate /gene - virS_1 virS_2
[10:20:34] Fixed 2 duplicate /gene - higB2_1 higB2_2
[10:20:34] Fixed 2 duplicate /gene - ethR_1 ethR_2
[10:20:34] Fixed 2 duplicate /gene - eccB1_1 eccB1_2
[10:20:34] Fixed 2 duplicate /gene - pyrE_1 pyrE_2
[10:20:34] Fixed 2 duplicate /gene - eccD1_1 eccD1_2
[10:20:34] Fixed 2 duplicate /gene - mtnN_1 mtnN_2
[10:20:34] Fixed 2 duplicate /gene - ppsC_1 ppsC_2
[10:20:34] Fixed 2 duplicate /gene - mmpL4_1 mmpL4_2
[10:20:34] Fixed 2 duplicate /gene - plcA_1 plcA_2
[10:20:34] Fixed 2 duplicate /gene - deaD_1 deaD_2
[10:20:34] Fixed 2 duplicate /gene - accA1_1 accA1_2
[10:20:34] Fixed 2 duplicate /gene - caeB_1 caeB_2
[10:20:34] Fixed 4 duplicate /gene - tadA_1 tadA_2 tadA_3 tadA_4
[10:20:34] Fixed 2 duplicate /gene - aofH_1 aofH_2
[10:20:34] Fixed 3 duplicate /gene - narK_1 narK_2 narK_3
[10:20:34] Fixed 2 duplicate /gene - argO_1 argO_2
[10:20:34] Fixed 3 duplicate /gene - bpoC_1 bpoC_2 bpoC_3
[10:20:34] Fixed 2 duplicate /gene - rsfA_1 rsfA_2
[10:20:34] Fixed 2 duplicate /gene - yhdG_1 yhdG_2
[10:20:34] Fixed 2 duplicate /gene - vapC9_1 vapC9_2
[10:20:34] Fixed 2 duplicate /gene - rep_1 rep_2
[10:20:34] Fixed 2 duplicate /gene - cobB_1 cobB_2
[10:20:34] Fixed 2 duplicate /gene - mshB_1 mshB_2
[10:20:34] Fixed 3 duplicate /gene - cysA1_1 cysA1_2 cysA1_3
[10:20:34] Fixed 2 duplicate /gene - hisB_1 hisB_2
[10:20:34] Fixed 2 duplicate /gene - dhmA2_1 dhmA2_2
[10:20:34] Fixed 2 duplicate /gene - cysG_1 cysG_2
[10:20:34] Fixed 2 duplicate /gene - narX_1 narX_2
[10:20:34] Fixed 2 duplicate /gene - dinB1_1 dinB1_2
[10:20:34] Fixed 2 duplicate /gene - mmpS3_1 mmpS3_2
[10:20:34] Fixed 3 duplicate /gene - echA8_1 echA8_2 echA8_3
[10:20:34] Fixed 2 duplicate /gene - paaG_1 paaG_2
[10:20:34] Fixed 2 duplicate /gene - pknD_1 pknD_2
[10:20:34] Fixed 2 duplicate /gene - moaC1_1 moaC1_2
[10:20:34] Fixed 2 duplicate /gene - kshA_1 kshA_2
[10:20:34] Fixed 2 duplicate /gene - rpmB_1 rpmB_2
[10:20:34] Fixed 2 duplicate /gene - rpmG2_1 rpmG2_2
[10:20:34] Fixed 2 duplicate /gene - lysX_1 lysX_2
[10:20:34] Fixed 2 duplicate /gene - cut3_1 cut3_2
[10:20:34] Fixed 2 duplicate /gene - COQ5_1 COQ5_2
[10:20:34] Fixed 2 duplicate /gene - ord_1 ord_2
[10:20:34] Fixed 2 duplicate /gene - fdxA_1 fdxA_2
[10:20:34] Fixed 2 duplicate /gene - lpqH_1 lpqH_2
[10:20:34] Fixed 2 duplicate /gene - carB_1 carB_2
[10:20:34] Fixed 2 duplicate /gene - ettA_1 ettA_2
[10:20:34] Fixed 2 duplicate /gene - tuf_1 tuf_2
[10:20:34] Fixed 2 duplicate /gene - lpdA_1 lpdA_2
[10:20:34] Fixed 2 duplicate /gene - hypB_1 hypB_2
[10:20:34] Fixed 2 duplicate /gene - eccB3_1 eccB3_2
[10:20:34] Fixed 3 duplicate /gene - espI_1 espI_2 espI_3
[10:20:34] Fixed 2 duplicate /gene - fgd1_1 fgd1_2
[10:20:34] Fixed 2 duplicate /gene - htpX_1 htpX_2
[10:20:34] Fixed 2 duplicate /gene - lppA_1 lppA_2
[10:20:34] Fixed 3 duplicate /gene - pks1_1 pks1_2 pks1_3
[10:20:34] Fixed 2 duplicate /gene - rbn_1 rbn_2
[10:20:34] Fixed 3 duplicate /gene - ephA_1 ephA_2 ephA_3
[10:20:34] Fixed 2 duplicate /gene - adhB_1 adhB_2
[10:20:34] Fixed 2 duplicate /gene - aspC_1 aspC_2
[10:20:34] Fixed 2 duplicate /gene - acdA_1 acdA_2
[10:20:34] Fixed 5 duplicate /gene - caiA_1 caiA_2 caiA_3 caiA_4 caiA_5
[10:20:34] Fixed 2 duplicate /gene - ligD_1 ligD_2
[10:20:34] Fixed 2 duplicate /gene - amiD_1 amiD_2
[10:20:34] Fixed 2 duplicate /gene - lprJ_1 lprJ_2
[10:20:34] Fixed 2 duplicate /gene - dhaA_1 dhaA_2
[10:20:34] Fixed 4 duplicate /gene - mdtD_1 mdtD_2 mdtD_3 mdtD_4
[10:20:34] Fixed 2 duplicate /gene - nei1_1 nei1_2
[10:20:34] Fixed 2 duplicate /gene - hutI_1 hutI_2
[10:20:34] Fixed 3 duplicate /gene - COQ3_1 COQ3_2 COQ3_3
[10:20:34] Fixed 2 duplicate /gene - ftsH_1 ftsH_2
[10:20:34] Fixed 2 duplicate /gene - embR_1 embR_2
[10:20:34] Fixed 3 duplicate /gene - lprN_1 lprN_2 lprN_3
[10:20:34] Fixed 2 duplicate /gene - PE5_1 PE5_2
[10:20:34] Fixed 3 duplicate /gene - moaA_1 moaA_2 moaA_3
[10:20:34] Fixed 2 duplicate /gene - hsaA_1 hsaA_2
[10:20:34] Fixed 2 duplicate /gene - bioF2_1 bioF2_2
[10:20:34] Fixed 4 duplicate /gene - dapE_1 dapE_2 dapE_3 dapE_4
[10:20:34] Fixed 2 duplicate /gene - ppm1_1 ppm1_2
[10:20:34] Fixed 2 duplicate /gene - ctpI_1 ctpI_2
[10:20:34] Fixed 3 duplicate /gene - tcrX_1 tcrX_2 tcrX_3
[10:20:34] Fixed 2 duplicate /gene - moaE2_1 moaE2_2
[10:20:34] Fixed 2 duplicate /gene - mmpL8_1 mmpL8_2
[10:20:34] Fixed 3 duplicate /gene - resA_1 resA_2 resA_3
[10:20:34] Fixed 152 colliding /gene names.
[10:20:34] Adding /locus_tag identifiers
[10:20:34] Assigned 4409 locus_tags to CDS and RNA features.
[10:20:34] Writing outputs to prokkaGAA/
[10:20:35] Generating annotation statistics file
[10:20:35] Generating Genbank and Sequin files
[10:20:35] Running: tbl2asn -V b -a r10k -l paired-ends -M n -N 1 -y 'Annotated using Prokka 1.14.6 from https://github.com/tseemann/prokka' -Z prokkaGAA\/mtuberculosis\.err -i prokkaGAA\/mtuberculosis\.fsa 2> /dev/null
[10:20:41] Deleting unwanted file: prokkaGAA/errorsummary.val
[10:20:41] Deleting unwanted file: prokkaGAA/mtuberculosis.dr
[10:20:41] Deleting unwanted file: prokkaGAA/mtuberculosis.fixedproducts
[10:20:41] Deleting unwanted file: prokkaGAA/mtuberculosis.ecn
[10:20:41] Deleting unwanted file: prokkaGAA/mtuberculosis.val
[10:20:41] Repairing broken .GBK output that tbl2asn produces...
[10:20:41] Running: sed 's/COORDINATES: profile/COORDINATES:profile/' < prokkaGAA\/mtuberculosis\.gbf > prokkaGAA\/mtuberculosis\.gbk
[10:20:41] Deleting unwanted file: prokkaGAA/mtuberculosis.gbf
[10:20:41] Output files:
[10:20:41] prokkaGAA/mtuberculosis.faa
[10:20:41] prokkaGAA/mtuberculosis.fsa
[10:20:41] prokkaGAA/mtuberculosis.gbk
[10:20:41] prokkaGAA/mtuberculosis.gbf-r
[10:20:41] prokkaGAA/mtuberculosis.log
[10:20:41] prokkaGAA/mtuberculosis.ffn
[10:20:41] prokkaGAA/mtuberculosis.tsv
[10:20:41] prokkaGAA/mtuberculosis.fna
[10:20:41] prokkaGAA/mtuberculosis.err
[10:20:41] prokkaGAA/mtuberculosis.gff
[10:20:41] prokkaGAA/mtuberculosis.tbl
[10:20:41] prokkaGAA/mtuberculosis.sqn
[10:20:41] prokkaGAA/mtuberculosis.txt
[10:20:41] Annotation finished successfully.
[10:20:41] Walltime used: 1.42 minutes
[10:20:41] If you use this result please cite the Prokka paper:
[10:20:41] Seemann T (2014) Prokka: rapid prokaryotic genome annotation. Bioinformatics. 30(14):2068-9.
[10:20:41] Type 'prokka --citation' for more details.
[10:20:41] Share and enjoy!
