[15:41:38] This is Prokka 1.14.6
[15:41:38] Written by Torsten Seemann <torsten.seemann@gmail.com>
[15:41:38] Homepage is https://github.com/tseemann/prokka
[15:41:38] Local time is Thu Mar 28 15:41:38 2024
[15:41:38] You are nathanieldavies
[15:41:38] Operating system is darwin
[15:41:38] You have BioPerl 1.7.8
[15:41:38] System has 11 cores.
[15:41:38] Will use maximum of 8 cores.
[15:41:38] Annotating as >>> Bacteria <<<
[15:41:38] Generating locus_tag from 'AbyssOutputGAA/unknown-8.fa' contents.
[15:41:38] Setting --locustag BIAJFAGN from MD5 b2a3fa074a6219177f4ac39c8dbdc4e8
[15:41:38] Creating new output folder: prokkaGAA
[15:41:38] Running: mkdir -p prokkaGAA
[15:41:38] Using filename prefix: unknown.XXX
[15:41:38] Setting HMMER_NCPU=1
[15:41:38] Writing log to: prokkaGAA/unknown.log
[15:41:38] Command: /Users/nathanieldavies/miniforge3/envs/genomeassembly/bin/Prokka --outdir prokkaGAA --prefix unknown AbyssOutputGAA/unknown-8.fa
[15:41:38] Appending to PATH: /Users/nathanieldavies/miniforge3/envs/genomeassembly/bin
[15:41:38] Looking for 'aragorn' - found /Users/nathanieldavies/miniforge3/envs/genomeassembly/bin/aragorn
[15:41:38] Determined aragorn version is 001002 from 'ARAGORN v1.2.41 Dean Laslett'
[15:41:38] Looking for 'barrnap' - found /Users/nathanieldavies/miniforge3/envs/genomeassembly/bin/barrnap
[15:41:38] Determined barrnap version is 000009 from 'barrnap 0.9'
[15:41:38] Looking for 'blastp' - found /Users/nathanieldavies/miniforge3/envs/genomeassembly/bin/blastp
[15:41:38] Determined blastp version is 002015 from 'blastp: 2.15.0+'
[15:41:38] Looking for 'cmpress' - found /Users/nathanieldavies/miniforge3/envs/genomeassembly/bin/cmpress
[15:41:38] Determined cmpress version is 001001 from '# INFERNAL 1.1.5 (Sep 2023)'
[15:41:38] Looking for 'cmscan' - found /Users/nathanieldavies/miniforge3/envs/genomeassembly/bin/cmscan
[15:41:38] Determined cmscan version is 001001 from '# INFERNAL 1.1.5 (Sep 2023)'
[15:41:38] Looking for 'egrep' - found /usr/bin/egrep
[15:41:38] Looking for 'find' - found /usr/bin/find
[15:41:38] Looking for 'grep' - found /usr/bin/grep
[15:41:38] Looking for 'hmmpress' - found /Users/nathanieldavies/miniforge3/envs/genomeassembly/bin/hmmpress
[15:41:38] Determined hmmpress version is 003004 from '# HMMER 3.4 (Aug 2023); http://hmmer.org/'
[15:41:38] Looking for 'hmmscan' - found /Users/nathanieldavies/miniforge3/envs/genomeassembly/bin/hmmscan
[15:41:38] Determined hmmscan version is 003004 from '# HMMER 3.4 (Aug 2023); http://hmmer.org/'
[15:41:38] Looking for 'java' - found /usr/bin/java
[15:41:38] Looking for 'makeblastdb' - found /Users/nathanieldavies/miniforge3/envs/genomeassembly/bin/makeblastdb
[15:41:38] Determined makeblastdb version is 002015 from 'makeblastdb: 2.15.0+'
[15:41:38] Looking for 'minced' - found /Users/nathanieldavies/miniforge3/envs/genomeassembly/bin/minced
[15:41:39] Determined minced version is 004002 from 'minced 0.4.2'
[15:41:39] Looking for 'parallel' - found /Users/nathanieldavies/miniforge3/envs/genomeassembly/bin/parallel
[15:41:39] Determined parallel version is 20240122 from 'GNU parallel 20240122'
[15:41:39] Looking for 'prodigal' - found /Users/nathanieldavies/miniforge3/envs/genomeassembly/bin/prodigal
[15:41:39] Determined prodigal version is 002006 from 'Prodigal V2.6.3: February, 2016'
[15:41:39] Looking for 'prokka-genbank_to_fasta_db' - found /Users/nathanieldavies/miniforge3/envs/genomeassembly/bin/prokka-genbank_to_fasta_db
[15:41:39] Looking for 'sed' - found /usr/bin/sed
[15:41:39] Looking for 'tbl2asn' - found /Users/nathanieldavies/miniforge3/envs/genomeassembly/bin/tbl2asn
[15:41:39] Determined tbl2asn version is 025007 from 'tbl2asn 25.7   arguments:'
[15:41:39] Using genetic code table 11.
[15:41:39] Loading and checking input file: AbyssOutputGAA/unknown-8.fa
[15:41:39] Wrote 470 contigs totalling 5586737 bp.
[15:41:39] Predicting tRNAs and tmRNAs
[15:41:39] Running: aragorn -l -gc11  -w prokkaGAA\/unknown\.fna
[15:41:41] 1 tRNA-Glu c[61,136] 35 (ttc)
[15:41:41] 1 tRNA-Ile [145,221] 35 (gat)
[15:41:41] 2 tRNA-Ala [258,333] 34 (tgc)
[15:41:41] 1 tRNA-Ile [119,195] 35 (gat)
[15:41:41] 2 tRNA-Ala [301,376] 34 (tgc)
[15:41:41] 1 tRNA-Val c[16816,16892] 35 (gac)
[15:41:41] 2 tRNA-Val c[16897,16973] 35 (gac)
[15:41:41] 3 tRNA-Val c[16978,17054] 35 (gac)
[15:41:41] 1 tRNA-Ser [4107,4193] 36 (gga)
[15:41:41] 1 tRNA-Met c[18086,18162] 35 (cat)
[15:41:41] 2 tRNA-Leu c[22093,22179] 35 (gag)
[15:41:41] 1 tRNA-Met c[14933,15008] 34 (cat)
[15:41:41] 1 tRNA-Gly c[37557,37632] 34 (gcc)
[15:41:41] 2 tRNA-Gly c[37705,37780] 34 (gcc)
[15:41:41] 3 tRNA-Gly c[37849,37924] 34 (gcc)
[15:41:41] 4 tRNA-Phe [78888,78963] 34 (gaa)
[15:41:41] 1 tRNA-Met [8128,8204] 35 (cat)
[15:41:41] 2 tRNA-Leu [8213,8297] 35 (tag)
[15:41:41] 3 tRNA-Gln [8321,8395] 33 (ttg)
[15:41:41] 4 tRNA-Gln [8432,8506] 33 (ttg)
[15:41:41] 5 tRNA-Met [8530,8606] 35 (cat)
[15:41:41] 6 tRNA-Gln [8654,8728] 33 (ctg)
[15:41:41] 7 tRNA-Gln [8804,8878] 33 (ctg)
[15:41:41] 1 tRNA-Asp [182,258] 35 (gtc)
[15:41:41] 2 tRNA-Trp [312,387] 34 (cca)
[15:41:41] 3 tRNA-Arg [38418,38494] 35 (ccg)
[15:41:41] 4 tRNA-His [38550,38625] 34 (gtg)
[15:41:41] 5 tRNA-Leu [38649,38735] 35 (cag)
[15:41:41] 6 tRNA-Pro [38778,38854] 35 (tgg)
[15:41:41] 1 tRNA-Ser c[661,748] 35 (gga)
[15:41:41] 1 tRNA-Thr [194,269] 34 (ggt)
[15:41:41] 1 tRNA-Leu c[2587,2673] 35 (taa)
[15:41:41] 2 tRNA-Cys c[2687,2760] 33 (gca)
[15:41:41] 3 tRNA-Gly c[2801,2876] 34 (gcc)
[15:41:41] 1 tRNA-Gly [9385,9458] 33 (ccc)
[15:41:41] 1 tRNA-Lys [3658,3733] 34 (ttt)
[15:41:41] 2 tRNA-Val [3859,3934] 34 (tac)
[15:41:41] 3 tRNA-Lys [3937,4012] 34 (ttt)
[15:41:41] 4 tRNA-Val [4162,4237] 34 (tac)
[15:41:41] 5 tRNA-Lys [4241,4316] 34 (ttt)
[15:41:41] 6 tRNA-Lys [4463,4538] 34 (ttt)
[15:41:41] 7 tRNA-Lys [4672,4747] 34 (ttt)
[15:41:41] 1 tmRNA c[68621,68983] 90,125 ANDENYALAA**
[15:41:41] 1 tRNA-Tyr c[300,384] 35 (gta)
[15:41:41] 2 tRNA-Tyr c[600,684] 35 (gta)
[15:41:41] 1 tRNA-Pro [80228,80304] 35 (ggg)
[15:41:41] 2 tRNA-Arg [209237,209311] 34 (cct)
[15:41:41] 3 tRNA-Ala c[229635,229710] 34 (ggc)
[15:41:41] 4 tRNA-Ala c[229752,229827] 34 (ggc)
[15:41:41] 5 tRNA-Val [232526,232601] 34 (tac)
[15:41:41] 6 tRNA-Val [232647,232722] 34 (tac)
[15:41:41] 7 tRNA-Val [232769,232844] 34 (tac)
[15:41:41] 8 tRNA-Lys [232849,232924] 34 (ttt)
[15:41:41] 1 tRNA-Leu [199187,199273] 35 (cag)
[15:41:41] 2 tRNA-Leu [199302,199388] 35 (cag)
[15:41:41] 3 tRNA-Leu [199420,199506] 35 (cag)
[15:41:41] 1 tRNA-Thr c[1258,1333] 34 (ggt)
[15:41:41] 2 tRNA-Gly c[1339,1413] 34 (tcc)
[15:41:41] 3 tRNA-Tyr c[1529,1613] 35 (gta)
[15:41:41] 4 tRNA-Thr c[1624,1699] 34 (tgt)
[15:41:41] 1 tRNA-Ser [84701,84788] 35 (tga)
[15:41:41] 1 tRNA-Phe [31700,31775] 34 (gaa)
[15:41:41] 1 tRNA-Met [84310,84386] 35 (cat)
[15:41:41] 2 tRNA-Met [84473,84549] 35 (cat)
[15:41:41] 1 tRNA-Thr [8432,8507] 34 (cgt)
[15:41:41] 2 tRNA-Asp c[91018,91094] 35 (gtc)
[15:41:41] 3 tRNA-Asp c[100471,100547] 35 (gtc)
[15:41:41] 1 tRNA-Leu [17874,17958] 35 (caa)
[15:41:41] 1 tRNA-Ser [14784,14876] 35 (gct)
[15:41:41] 2 tRNA-Arg [14881,14957] 35 (acg)
[15:41:41] 3 tRNA-Arg [15108,15184] 35 (acg)
[15:41:41] 4 tRNA-Arg [15246,15322] 35 (acg)
[15:41:41] 5 tRNA-Arg [15551,15627] 35 (acg)
[15:41:41] 1 tRNA-Asn c[30258,30332] 35 (gtt)
[15:41:41] 2 tRNA-Asn [32089,32164] 34 (gtt)
[15:41:41] 3 tRNA-Asn c[41008,41083] 34 (gtt)
[15:41:41] 4 tRNA-Asn c[46254,46329] 34 (gtt)
[15:41:41] 5 tRNA-Ser [47321,47410] 35 (cga)
[15:41:41] 1 tRNA-Arg c[43235,43311] 35 (tct)
[15:41:41] 1 tRNA-SeC c[14658,14752] 35 (tca)
[15:41:41] 2 tRNA-Pro [144497,144573] 35 (cgg)
[15:41:41] Found 81 tRNAs
[15:41:41] Predicting Ribosomal RNAs
[15:41:41] Running Barrnap with 8 threads
[15:41:41] 1 1702 2 5S ribosomal RNA (partial)
[15:41:41] 2 3945 3 16S ribosomal RNA (partial)
[15:41:41] 3 4096 11 5S ribosomal RNA
[15:41:41] 4 4096 86930 16S ribosomal RNA (partial)
[15:41:41] 5 4107 66 5S ribosomal RNA
[15:41:41] 6 4107 310 5S ribosomal RNA
[15:41:41] 7 4138 119191 5S ribosomal RNA
[15:41:41] 8 4153 95861 16S ribosomal RNA (partial)
[15:41:41] 9 4199 4 16S ribosomal RNA (partial)
[15:41:41] 10 4210 163 5S ribosomal RNA
[15:41:41] 11 4210 94622 16S ribosomal RNA (partial)
[15:41:41] 12 4216 100608 5S ribosomal RNA (partial)
[15:41:41] 13 4222 4 16S ribosomal RNA (partial)
[15:41:41] 14 4222 498 23S ribosomal RNA (partial)
[15:41:41] Found 14 rRNAs
[15:41:41] Skipping ncRNA search, enable with --rfam if desired.
[15:41:41] Total of 94 tRNA + rRNA features
[15:41:41] Searching for CRISPR repeats
[15:41:42] CRISPR1 4132 18946 with 10 spacers
[15:41:42] CRISPR2 4132 28277 with 12 spacers
[15:41:42] Found 2 CRISPRs
[15:41:42] Predicting coding sequences
[15:41:42] Contigs total 5586737 bp, so using single mode
[15:41:42] Running: prodigal -i prokkaGAA\/unknown\.fna -c -m -g 11 -p single -f sco -q
[15:41:44] Excluding CDS which overlaps existing RNA (tRNA) at 3645:16818..17303 on + strand
[15:41:45] Excluding CDS which overlaps existing RNA (tRNA) at 4067:17987..18193 on + strand
[15:41:45] Excluding CDS which overlaps existing RNA (tRNA) at 4096:38754..38906 on - strand
[15:41:46] Found 5249 CDS
[15:41:46] Connecting features back to sequences
[15:41:46] Not using genus-specific database. Try --usegenus to enable it.
[15:41:46] Annotating CDS, please be patient.
[15:41:46] Will use 8 CPUs for similarity searching.
[15:41:47] There are still 5249 unannotated CDS left (started with 5249)
[15:41:47] Will use blast to search against /Users/nathanieldavies/miniforge3/envs/genomeassembly/db/kingdom/Bacteria/IS with 8 CPUs
[15:41:47] Running: cat prokkaGAA\/unknown\.IS\.tmp\.16542\.faa | parallel --gnu --plain -j 8 --block 101984 --recstart '>' --pipe blastp -query - -db /Users/nathanieldavies/miniforge3/envs/genomeassembly/db/kingdom/Bacteria/IS -evalue 1e-30 -qcov_hsp_perc 90 -num_threads 1 -num_descriptions 1 -num_alignments 1 -seg no > prokkaGAA\/unknown\.IS\.tmp\.16542\.blast 2> /dev/null
[15:41:57] Deleting unwanted file: prokkaGAA/unknown.IS.tmp.16542.faa
[15:41:57] Deleting unwanted file: prokkaGAA/unknown.IS.tmp.16542.blast
[15:41:58] There are still 5178 unannotated CDS left (started with 5249)
[15:41:58] Will use blast to search against /Users/nathanieldavies/miniforge3/envs/genomeassembly/db/kingdom/Bacteria/AMR with 8 CPUs
[15:41:58] Running: cat prokkaGAA\/unknown\.AMR\.tmp\.16542\.faa | parallel --gnu --plain -j 8 --block 100732 --recstart '>' --pipe blastp -query - -db /Users/nathanieldavies/miniforge3/envs/genomeassembly/db/kingdom/Bacteria/AMR -evalue 1e-300 -qcov_hsp_perc 90 -num_threads 1 -num_descriptions 1 -num_alignments 1 -seg no > prokkaGAA\/unknown\.AMR\.tmp\.16542\.blast 2> /dev/null
[15:42:05] Deleting unwanted file: prokkaGAA/unknown.AMR.tmp.16542.faa
[15:42:05] Deleting unwanted file: prokkaGAA/unknown.AMR.tmp.16542.blast
[15:42:06] There are still 5177 unannotated CDS left (started with 5249)
[15:42:06] Will use blast to search against /Users/nathanieldavies/miniforge3/envs/genomeassembly/db/kingdom/Bacteria/sprot with 8 CPUs
[15:42:06] Running: cat prokkaGAA\/unknown\.sprot\.tmp\.16542\.faa | parallel --gnu --plain -j 8 --block 100666 --recstart '>' --pipe blastp -query - -db /Users/nathanieldavies/miniforge3/envs/genomeassembly/db/kingdom/Bacteria/sprot -evalue 1e-09 -qcov_hsp_perc 80 -num_threads 1 -num_descriptions 1 -num_alignments 1 -seg no > prokkaGAA\/unknown\.sprot\.tmp\.16542\.blast 2> /dev/null
[15:42:43] Modify product: Probable diguanylate cyclase DgcQ => putative diguanylate cyclase DgcQ
[15:42:43] Modify product: Uncharacterized inner membrane transporter YedA => putative inner membrane transporter YedA
[15:42:43] Modify product: Uncharacterized protein YedJ => putative protein YedJ
[15:42:43] Modify product: Uncharacterized membrane protein YdfK => putative membrane protein YdfK
[15:42:43] Modify product: Uncharacterized protein YjdJ => putative protein YjdJ
[15:42:43] Modify product: Probable major fimbrial subunit LpfA => putative major fimbrial subunit LpfA
[15:42:43] Modify product: Probable fimbrial chaperone YadV => putative fimbrial chaperone YadV
[15:42:43] Modify product: Uncharacterized lipoprotein YgdR => putative lipoprotein YgdR
[15:42:43] Modify product: UPF0053 inner membrane protein YgdQ => hypothetical protein
[15:42:43] Modify product: Probable 3-phenylpropionic acid transporter => putative 3-phenylpropionic acid transporter
[15:42:43] Modify product: Uncharacterized protein YphB => putative protein YphB
[15:42:43] Modify product: Uncharacterized tRNA/rRNA methyltransferase YfiF => putative tRNA/rRNA methyltransferase YfiF
[15:42:44] Modify product: Uncharacterized lipoprotein YajI => putative lipoprotein YajI
[15:42:44] Modify product: UPF0234 protein YajQ => hypothetical protein
[15:42:44] Modify product: Uncharacterized protein HI_1008 => putative protein
[15:42:44] Modify product: UPF0716 protein FxsA => hypothetical protein
[15:42:44] Modify product: Probable major fimbrial subunit LpfA => putative major fimbrial subunit LpfA
[15:42:44] Modify product: Probable L-galactonate transporter => putative L-galactonate transporter
[15:42:44] Modify product: UPF0482 protein YnfB => hypothetical protein
[15:42:44] Modify product: Uncharacterized protein YnfD => putative protein YnfD
[15:42:44] Modify product: Uncharacterized periplasmic iron-binding protein HI_0362 => putative periplasmic iron-binding protein
[15:42:44] Modify product: UPF0438 protein YifE => hypothetical protein
[15:42:44] Modify product: Uncharacterized membrane protein YdfK => putative membrane protein YdfK
[15:42:44] Modify product: Probable ECA polymerase => putative ECA polymerase
[15:42:44] Modify product: Probable transport protein YifK => putative transport protein YifK
[15:42:44] Modify product: Probable protein kinase UbiB => putative protein kinase UbiB
[15:42:44] Modify product: Probable transport protein HsrA => putative transport protein HsrA
[15:42:44] Modify product: Probable hydrolase YcaC => putative hydrolase YcaC
[15:42:44] Modify product: Probable cyclic di-GMP phosphodiesterase PdeG => putative cyclic di-GMP phosphodiesterase PdeG
[15:42:44] Modify product: Probable cyclic di-GMP phosphodiesterase PdeB => putative cyclic di-GMP phosphodiesterase PdeB
[15:42:44] Modify product: Probable succinyl-CoA:3-ketoacid coenzyme A transferase subunit A => putative succinyl-CoA:3-ketoacid coenzyme A transferase subunit A
[15:42:44] Modify product: Probable succinyl-CoA:3-ketoacid coenzyme A transferase subunit B => putative succinyl-CoA:3-ketoacid coenzyme A transferase subunit B
[15:42:44] Modify product: Probable quorum-quenching lactonase YtnP => putative quorum-quenching lactonase YtnP
[15:42:44] Modify product: Uncharacterized membrane protein YhdT => putative membrane protein YhdT
[15:42:44] Modify product: Uncharacterized protease YhbU => putative protease YhbU
[15:42:44] Modify product: Uncharacterized inner membrane transporter YhbE => putative inner membrane transporter YhbE
[15:42:44] Modify product: UPF0102 protein RPA0323 => hypothetical protein
[15:42:44] Modify product: Probable galactarate transporter => putative galactarate transporter
[15:42:44] Modify product: Uncharacterized protein YqjD => putative protein YqjD
[15:42:44] Modify product: Probable cyclic di-GMP phosphodiesterase PdeG => putative cyclic di-GMP phosphodiesterase PdeG
[15:42:44] Modify product: UPF0401 protein YkfF => hypothetical protein
[15:42:44] Modify product: UPF0758 protein => hypothetical protein
[15:42:44] Modify product: Probable glycerol-3-phosphate acyltransferase => putative glycerol-3-phosphate acyltransferase
[15:42:44] Modify product: Probable fimbrial chaperone EcpB => putative fimbrial chaperone EcpB
[15:42:44] Modify product: Probable outer membrane usher protein EcpC => putative outer membrane usher protein EcpC
[15:42:44] Modify product: Probable fimbrial chaperone EcpE => putative fimbrial chaperone EcpE
[15:42:44] Modify product: Probable glutamine ABC transporter permease protein GlnP => putative glutamine ABC transporter permease protein GlnP
[15:42:44] Modify product: Probable L-ascorbate-6-phosphate lactonase UlaG => putative L-ascorbate-6-phosphate lactonase UlaG
[15:42:44] Modify product: Probable D,D-dipeptide transport ATP-binding protein DdpD => putative D,D-dipeptide transport ATP-binding protein DdpD
[15:42:44] Modify product: Uncharacterized HTH-type transcriptional regulator YahB => putative HTH-type transcriptional regulator YahB
[15:42:44] Modify product: Uncharacterized protein YaeQ => putative protein YaeQ
[15:42:44] Modify product: UPF0253 protein YaeP => hypothetical protein
[15:42:44] Modify product: UPF0126 inner membrane protein YadS => hypothetical protein
[15:42:44] Modify product: Probable phosphatase YcdX => putative phosphatase YcdX
[15:42:44] Modify product: UPF0509 protein YciZ => hypothetical protein
[15:42:44] Modify product: Uncharacterized protein YciH => putative protein YciH
[15:42:44] Modify product: Probable protease SohB => putative protease SohB
[15:42:44] Modify product: Uncharacterized oxidoreductase YciK => putative oxidoreductase YciK
[15:42:44] Modify product: Uncharacterized protein YciO => putative protein YciO
[15:42:44] Modify product: UPF0267 protein YqfB => hypothetical protein
[15:42:44] Modify product: UPF0073 inner membrane protein YqfA => hypothetical protein
[15:42:44] Modify product: Leu/Ile/Val-binding protein homolog 3 => Leu/Ile/Val-binding protein 
[15:42:44] Modify product: Uncharacterized amino acid permease YhdG => putative amino acid permease YhdG
[15:42:44] Modify product: UPF0178 protein YaiI => hypothetical protein
[15:42:44] Modify product: Uncharacterized protein YaiA => putative protein YaiA
[15:42:44] Modify product: Probable D,D-dipeptide-binding periplasmic protein DdpA => putative D,D-dipeptide-binding periplasmic protein DdpA
[15:42:44] Modify product: Probable siderophore transport system permease protein YfiZ => putative siderophore transport system permease protein YfiZ
[15:42:44] Modify product: Probable L,D-transpeptidase YcfS => putative L,D-transpeptidase YcfS
[15:42:44] Modify product: UPF0227 protein YcfP => hypothetical protein
[15:42:44] Modify product: Uncharacterized metal-dependent hydrolase YcfH => putative metal-dependent hydrolase YcfH
[15:42:44] Modify product: UPF0401 protein YkfF => hypothetical protein
[15:42:44] Modify product: Probable multidrug resistance ABC transporter ATP-binding/permease protein YheI => putative multidrug resistance ABC transporter ATP-binding/permease protein YheI
[15:42:44] Modify product: UPF0176 protein YceA => hypothetical protein
[15:42:44] Modify product: Uncharacterized protein YceO => putative protein YceO
[15:42:44] Modify product: Uncharacterized lipoprotein YceB => putative lipoprotein YceB
[15:42:44] Modify product: UPF0502 protein YceH => hypothetical protein
[15:42:44] Modify product: Probable lipid II flippase MurJ => putative lipid II flippase MurJ
[15:42:44] Modify product: Uncharacterized acyl-CoA thioester hydrolase HI_0827 => putative acyl-CoA thioester hydrolase
[15:42:44] Modify product: Probable intracellular septation protein A => putative intracellular septation protein A
[15:42:44] Modify product: UPF0259 membrane protein YciC => hypothetical protein
[15:42:44] Modify product: PKHD-type hydroxylase Sbal_3634 => PKHD-type hydroxylase
[15:42:44] Modify product: Probable tartrate dehydrogenase/decarboxylase TtuC' => putative tartrate dehydrogenase/decarboxylase TtuC'
[15:42:44] Modify product: Probable transcriptional regulator PhnF => putative transcriptional regulator PhnF
[15:42:44] Modify product: Probable fimbrial chaperone LpfB => putative fimbrial chaperone LpfB
[15:42:44] Modify product: Uncharacterized fimbrial-like protein YcbV => putative fimbrial-like protein YcbV
[15:42:44] Modify product: Probable cyclic di-GMP phosphodiesterase PdeC => putative cyclic di-GMP phosphodiesterase PdeC
[15:42:44] Modify product: Uncharacterized protein YjbR => putative protein YjbR
[15:42:44] Modify product: UPF0337 protein YjbJ => hypothetical protein
[15:42:44] Modify product: UPF0597 protein YhaM => hypothetical protein
[15:42:44] Modify product: Uncharacterized protein HI_1163 => putative protein
[15:42:44] Modify product: Uncharacterized protein Rv3292 => putative protein
[15:42:44] Modify product: Probable transporter SCO4007 => putative transporter
[15:42:44] Modify product: Uncharacterized oxidoreductase YdgJ => putative oxidoreductase YdgJ
[15:42:44] Modify product: Uncharacterized protein YccJ => putative protein YccJ
[15:42:44] Modify product: Probable malonic semialdehyde reductase RutE => putative malonic semialdehyde reductase RutE
[15:42:44] Modify product: Uncharacterized lipoprotein ChiQ => putative lipoprotein ChiQ
[15:42:44] Modify product: Uncharacterized protein YbfE => putative protein YbfE
[15:42:44] Modify product: GTP cyclohydrolase 1 type 2 homolog => GTP cyclohydrolase 1 type 2 
[15:42:44] Modify product: 23S rRNA 5-hydroxycytidine C2501 synthase => 23S rRNA 5-hydroxycytidine synthase
[15:42:44] Modify product: Uncharacterized protein YdcY => putative protein YdcY
[15:42:44] Modify product: UPF0381 protein YiiS => hypothetical protein
[15:42:44] Modify product: Uncharacterized protein YncE => putative protein YncE
[15:42:44] Modify product: Uncharacterized lipoprotein YgdR => putative lipoprotein YgdR
[15:42:44] Modify product: Probable nitrate reductase molybdenum cofactor assembly chaperone NarW => putative nitrate reductase molybdenum cofactor assembly chaperone NarW
[15:42:44] Modify product: Probable two-component-system connector protein AriR => putative two-component-system connector protein AriR
[15:42:44] Modify product: Probable two-component-system connector protein YcgZ => putative two-component-system connector protein YcgZ
[15:42:44] Modify product: Probable cation-transporting ATPase F => putative cation-transporting ATPase F
[15:42:44] Modify product: UPF0098 protein YbhB => hypothetical protein
[15:42:44] Modify product: Probable multidrug ABC transporter permease YbhR => putative multidrug ABC transporter permease YbhR
[15:42:44] Modify product: Probable multidrug ABC transporter permease YbhS => putative multidrug ABC transporter permease YbhS
[15:42:44] Modify product: Probable multidrug ABC transporter ATP-binding protein YbhF => putative multidrug ABC transporter ATP-binding protein YbhF
[15:42:44] Modify product: UPF0194 membrane protein YbhG => hypothetical protein
[15:42:44] Modify product: Probable glucarate transporter => putative glucarate transporter
[15:42:44] Modify product: Probable propionate kinase => putative propionate kinase
[15:42:44] Modify product: Probable amino-acid metabolite efflux pump => putative amino-acid metabolite efflux pump
[15:42:44] Modify product: UPF0056 inner membrane protein MarC => hypothetical protein
[15:42:44] Modify product: Uncharacterized isomerase YddE => putative isomerase YddE
[15:42:44] Modify product: Probable galactarate transporter => putative galactarate transporter
[15:42:44] Modify product: Uncharacterized MFS-type transporter YhhS => putative MFS-type transporter YhhS
[15:42:44] Modify product: Uncharacterized protein YycE => putative protein YycE
[15:42:44] Modify product: Acetyltransferase Atu2258 => Acetyltransferase
[15:42:44] Modify product: Uncharacterized protein YcjX => putative protein YcjX
[15:42:44] Modify product: UPF0283 membrane protein YcjF => hypothetical protein
[15:42:44] Modify product: Probable 6-phospho-beta-glucosidase => putative 6-phospho-beta-glucosidase
[15:42:44] Modify product: Probable fimbrial chaperone YraI => putative fimbrial chaperone YraI
[15:42:44] Modify product: Probable fimbrial chaperone YadV => putative fimbrial chaperone YadV
[15:42:44] Modify product: Uncharacterized protein YbiI => putative protein YbiI
[15:42:44] Modify product: UPF0125 protein RatB => hypothetical protein
[15:42:44] Modify product: UPF0053 inner membrane protein YfjD => hypothetical protein
[15:42:44] Modify product: Uncharacterized protein YhcO => putative protein YhcO
[15:42:44] Modify product: Probable succinyl-diaminopimelate desuccinylase => putative succinyl-diaminopimelate desuccinylase
[15:42:44] Modify product: Probable 3-hydroxyisobutyrate dehydrogenase => putative 3-hydroxyisobutyrate dehydrogenase
[15:42:44] Modify product: Uncharacterized signaling protein CC_0091 => putative signaling protein
[15:42:44] Modify product: Probable fimbrial chaperone YraI => putative fimbrial chaperone YraI
[15:42:44] Modify product: Probable 6-phospho-beta-glucosidase => putative 6-phospho-beta-glucosidase
[15:42:44] Modify product: Probable licABCH operon regulator => putative licABCH operon regulator
[15:42:44] Modify product: Deacetylase EF_0837 => Deacetylase
[15:42:44] Modify product: UPF0307 protein YjgA => hypothetical protein
[15:42:44] Modify product: UPF0053 inner membrane protein YtfL => hypothetical protein
[15:42:44] Modify product: Uncharacterized protein YtfJ => putative protein YtfJ
[15:42:44] Modify product: Uncharacterized oxidoreductase YgfF => putative oxidoreductase YgfF
[15:42:44] Modify product: UPF0250 protein YbeD => hypothetical protein
[15:42:44] Modify product: Uncharacterized HTH-type transcriptional regulator YbdO => putative HTH-type transcriptional regulator YbdO
[15:42:44] Modify product: Uncharacterized HTH-type transcriptional regulator YbdO => putative HTH-type transcriptional regulator YbdO
[15:42:44] Modify product: Uncharacterized protein YbdM => putative protein YbdM
[15:42:44] Modify product: Uncharacterized sugar kinase YdjH => putative sugar kinase YdjH
[15:42:44] Modify product: Uncharacterized lipoprotein YbaY => putative lipoprotein YbaY
[15:42:44] Modify product: Probable cyclic di-GMP phosphodiesterase PdeB => putative cyclic di-GMP phosphodiesterase PdeB
[15:42:44] Modify product: Probable cyclic di-GMP phosphodiesterase PdeB => putative cyclic di-GMP phosphodiesterase PdeB
[15:42:44] Modify product: Uncharacterized lipoprotein YbjP => putative lipoprotein YbjP
[15:42:44] Modify product: Uncharacterized protein YbjN => putative protein YbjN
[15:42:45] Modify product: Uncharacterized protein YbiU => putative protein YbiU
[15:42:45] Modify product: Uncharacterized ABC transporter ATP-binding protein YbiT => putative ABC transporter ATP-binding protein YbiT
[15:42:45] Modify product: Probable L,D-transpeptidase YbiS => putative L,D-transpeptidase YbiS
[15:42:45] Modify product: Uncharacterized protein McbA => putative protein McbA
[15:42:45] Modify product: Uncharacterized protein YbiI => putative protein YbiI
[15:42:45] Modify product: Uncharacterized protein YbiB => putative protein YbiB
[15:42:45] Modify product: Uncharacterized protein Rv2569c => putative protein
[15:42:45] Modify product: Uncharacterized protein Rv2567 => putative protein
[15:42:45] Modify product: Uncharacterized protein Rv2411c => putative protein
[15:42:45] Modify product: Uncharacterized oxidoreductase YtbE => putative oxidoreductase YtbE
[15:42:45] Modify product: Uncharacterized protein PA2218 => putative protein
[15:42:45] Modify product: Probable D-methionine-binding lipoprotein MetQ => putative D-methionine-binding lipoprotein MetQ
[15:42:45] Modify product: Uncharacterized oxidoreductase YdgJ => putative oxidoreductase YdgJ
[15:42:45] Modify product: Uncharacterized protein HI_1472 => putative protein
[15:42:45] Modify product: Probable ABC transporter permease protein HI_1471 => putative ABC transporter permease protein
[15:42:45] Modify product: Uncharacterized ABC transporter ATP-binding protein HI_1470 => putative ABC transporter ATP-binding protein
[15:42:45] Modify product: Probable L,D-transpeptidase YnhG => putative L,D-transpeptidase YnhG
[15:42:45] Modify product: Probable ATP-dependent transporter SufC => putative ATP-dependent transporter SufC
[15:42:45] Modify product: UPF0225 protein YchJ => hypothetical protein
[15:42:45] Modify product: Uncharacterized NTE family protein Rv1063c => putative NTE family protein
[15:42:45] Modify product: Probable glucarate transporter => putative glucarate transporter
[15:42:45] Modify product: Uncharacterized lipoprotein YgdR => putative lipoprotein YgdR
[15:42:45] Modify product: Probable inner membrane protein Smp => putative inner membrane protein Smp
[15:42:45] Modify product: Uncharacterized metal-dependent hydrolase YjjV => putative metal-dependent hydrolase YjjV
[15:42:45] Modify product: UPF0442 protein YjjB => hypothetical protein
[15:42:45] Modify product: Probable 2-dehydro-3-deoxygalactonokinase DgoK1 => putative 2-dehydro-3-deoxygalactonokinase DgoK1
[15:42:45] Modify product: Uncharacterized protein HI_0461 => putative protein
[15:42:45] Modify product: Uncharacterized protein YebV => putative protein YebV
[15:42:45] Modify product: Probable manganese efflux pump MntP => putative manganese efflux pump MntP
[15:42:45] Modify product: UPF0266 membrane protein YobD => hypothetical protein
[15:42:45] Modify product: UPF0053 inner membrane protein YoaE => hypothetical protein
[15:42:45] Modify product: Probable cyclic di-GMP phosphodiesterase PdeD => putative cyclic di-GMP phosphodiesterase PdeD
[15:42:45] Modify product: Probable ATP-dependent DNA helicase YoaA => putative ATP-dependent DNA helicase YoaA
[15:42:45] Modify product: Uncharacterized protein YcgM => putative protein YcgM
[15:42:45] Modify product: Uncharacterized protein YeaR => putative protein YeaR
[15:42:45] Modify product: Probable siderophore transport system ATP-binding protein YusV => putative siderophore transport system ATP-binding protein YusV
[15:42:45] Modify product: Probable DNA endonuclease SmrA => putative DNA endonuclease SmrA
[15:42:45] Modify product: UPF0149 protein HI_0817 => hypothetical protein
[15:42:45] Modify product: Uncharacterized protein HI_0431 => putative protein
[15:42:45] Modify product: Uncharacterized MFS-type transporter YcaD => putative MFS-type transporter YcaD
[15:42:45] Modify product: Probable formate transporter 1 => putative formate transporter 1
[15:42:45] Modify product: UPF0434 protein YcaR => hypothetical protein
[15:42:45] Modify product: Probable L,D-transpeptidase YcbB => putative L,D-transpeptidase YcbB
[15:42:45] Modify product: Uncharacterized protein YcbX => putative protein YcbX
[15:42:45] Modify product: Uncharacterized protein YcbX => putative protein YcbX
[15:42:45] Modify product: Uncharacterized protein YccU => putative protein YccU
[15:42:45] Modify product: UPF0098 protein YbcL => hypothetical protein
[15:42:45] Modify product: Putative anti-sigma factor antagonist TM_1442 => Putative anti-sigma factor antagonist
[15:42:45] Modify product: Probable cyclic di-GMP phosphodiesterase PdeG => putative cyclic di-GMP phosphodiesterase PdeG
[15:42:45] Modify product: UPF0301 protein YqgE => hypothetical protein
[15:42:45] Modify product: Uncharacterized protein YggR => putative protein YggR
[15:42:45] Modify product: UPF0235 protein YggU => hypothetical protein
[15:42:45] Modify product: Uncharacterized protein HI_0341 => putative protein
[15:42:45] Modify product: Probable Fe(2+)-trafficking protein => putative Fe(2+)-trafficking protein
[15:42:45] Modify product: Uncharacterized membrane protein YdfK => putative membrane protein YdfK
[15:42:45] Modify product: Probable fimbrial chaperone YraI => putative fimbrial chaperone YraI
[15:42:45] Modify product: Probable fimbrial chaperone protein ElfD => putative fimbrial chaperone protein ElfD
[15:42:45] Modify product: Probable fimbrial chaperone protein ElfD => putative fimbrial chaperone protein ElfD
[15:42:45] Modify product: Putative cystathionine beta-synthase Rv1077 => Putative cystathionine beta-synthase
[15:42:45] Modify product: Probable quinol monooxygenase YgiN => putative quinol monooxygenase YgiN
[15:42:45] Modify product: Uncharacterized inner membrane transporter YicL => putative inner membrane transporter YicL
[15:42:45] Modify product: UPF0053 inner membrane protein YoaE => hypothetical protein
[15:42:45] Modify product: Probable transcriptional regulatory protein YebC => putative transcriptional regulatory protein YebC
[15:42:45] Modify product: Stress response UPF0229 protein YhbH => hypothetical protein
[15:42:45] Modify product: Uncharacterized membrane protein YoaK => putative membrane protein YoaK
[15:42:45] Modify product: Probable zinc-binding alcohol dehydrogenase Rv1895 => putative zinc-binding alcohol dehydrogenase
[15:42:45] Modify product: Uncharacterized protein YgaM => putative protein YgaM
[15:42:45] Modify product: Probable HTH-type transcriptional regulator YgaV => putative HTH-type transcriptional regulator YgaV
[15:42:45] Modify product: UPF0265 protein YeeX => hypothetical protein
[15:42:45] Modify product: Uncharacterized protein YeaR => putative protein YeaR
[15:42:45] Modify product: Probable FMN/FAD exporter YeeO => putative FMN/FAD exporter YeeO
[15:42:45] Modify product: Probable acrylyl-CoA reductase AcuI => putative acrylyl-CoA reductase AcuI
[15:42:45] Modify product: Probable L,D-transpeptidase ErfK/SrfK => putative L,D-transpeptidase ErfK/SrfK
[15:42:45] Modify product: Uncharacterized HTH-type transcriptional regulator CBU_1416 => putative HTH-type transcriptional regulator
[15:42:45] Modify product: Probable cadaverine/lysine antiporter => putative cadaverine/lysine antiporter
[15:42:45] Modify product: Bifunctional protein FolD => Bifunctional protein FolD protein
[15:42:45] Modify product: Uncharacterized protein YbcJ => putative protein YbcJ
[15:42:45] Modify product: Uncharacterized HTH-type transcriptional regulator RhmR => putative HTH-type transcriptional regulator RhmR
[15:42:45] Modify product: UPF0304 protein YfbU => hypothetical protein
[15:42:45] Modify product: UPF0208 membrane protein YfbV => hypothetical protein
[15:42:45] Modify product: Uncharacterized Nudix hydrolase YfcD => putative Nudix hydrolase YfcD
[15:42:45] Modify product: Epimerase family protein SA0724 => Epimerase family protein
[15:42:45] Modify product: Uncharacterized MFS-type transporter YfcJ => putative MFS-type transporter YfcJ
[15:42:45] Modify product: Probable membrane transporter protein YfcA => putative membrane transporter protein YfcA
[15:42:45] Modify product: UPF0381 protein YiiS => hypothetical protein
[15:42:45] Modify product: Uncharacterized transporter YycB => putative transporter YycB
[15:42:45] Modify product: Probable cyclic di-GMP phosphodiesterase PdeA => putative cyclic di-GMP phosphodiesterase PdeA
[15:42:45] Modify product: Uncharacterized protein YybH => putative protein YybH
[15:42:45] Modify product: Uncharacterized protein YfeY => putative protein YfeY
[15:42:45] Modify product: Probable iron export ATP-binding protein FetA => putative iron export ATP-binding protein FetA
[15:42:45] Modify product: Probable iron export permease protein FetB => putative iron export permease protein FetB
[15:42:45] Modify product: UPF0070 protein HI_0370 => hypothetical protein
[15:42:45] Modify product: Uncharacterized protein YfgJ => putative protein YfgJ
[15:42:45] Modify product: Uncharacterized protein YfgD => putative protein YfgD
[15:42:45] Modify product: Uncharacterized ABC transporter ATP-binding protein YadG => putative ABC transporter ATP-binding protein YadG
[15:42:45] Modify product: UPF0231 protein YacL => hypothetical protein
[15:42:45] Modify product: Probable peptidoglycan glycosyltransferase FtsW => putative peptidoglycan glycosyltransferase FtsW
[15:42:45] Modify product: UPF0056 inner membrane protein MarC => hypothetical protein
[15:42:45] Modify product: UPF0263 protein YciU => hypothetical protein
[15:42:45] Modify product: Probable ketoamine kinase HMPREF0351_12196 => putative ketoamine kinase
[15:42:45] Modify product: Uncharacterized protein YhfG => putative protein YhfG
[15:42:45] Modify product: Probable protein adenylyltransferase Fic => putative protein adenylyltransferase Fic
[15:42:45] Modify product: UPF0270 protein PA3463 => hypothetical protein
[15:42:45] Modify product: Uncharacterized ABC transporter ATP-binding protein YheS => putative ABC transporter ATP-binding protein YheS
[15:42:45] Modify product: Uncharacterized ABC transporter ATP-binding protein YheS => putative ABC transporter ATP-binding protein YheS
[15:42:45] Modify product: Protein SlyX homolog => Protein SlyX 
[15:42:45] Modify product: Probable 2-dehydro-3-deoxygalactonokinase DgoK1 => putative 2-dehydro-3-deoxygalactonokinase DgoK1
[15:42:45] Modify product: Probable glucosamine-6-phosphate deaminase 2 => putative glucosamine-6-phosphate deaminase 2
[15:42:45] Modify product: Uncharacterized N-acetyltransferase YafP => putative N-acetyltransferase YafP
[15:42:45] Modify product: UPF0387 membrane protein YohO => hypothetical protein
[15:42:45] Modify product: UPF0299 membrane protein YohJ => hypothetical protein
[15:42:45] Modify product: UPF0324 inner membrane protein YeiH => hypothetical protein
[15:42:45] Modify product: UPF0153 protein YeiW => hypothetical protein
[15:42:45] Modify product: Probable cyclic di-GMP phosphodiesterase PdeN => putative cyclic di-GMP phosphodiesterase PdeN
[15:42:45] Modify product: Uncharacterized ABC transporter ATP-binding protein YejF => putative ABC transporter ATP-binding protein YejF
[15:42:45] Modify product: Uncharacterized protein YejG => putative protein YejG
[15:42:45] Modify product: UPF0352 protein YejL => hypothetical protein
[15:42:45] Modify product: Putative transport protein Rv1101c => Putative transport protein
[15:42:45] Modify product: 23S rRNA 5-hydroxycytidine C2501 synthase => 23S rRNA 5-hydroxycytidine synthase
[15:42:45] Modify product: Probable lipid kinase YegS => putative lipid kinase YegS
[15:42:45] Modify product: Probable acyltransferase YihG => putative acyltransferase YihG
[15:42:45] Modify product: Probable GTP-binding protein EngB => putative GTP-binding protein EngB
[15:42:45] Modify product: UPF0761 membrane protein YihY => hypothetical protein
[15:42:45] Modify product: Probable cystine transporter YijE => putative cystine transporter YijE
[15:42:45] Modify product: Probable UbiX-like flavin prenyltransferase => putative UbiX-like flavin prenyltransferase
[15:42:45] Modify product: Probable glucarate transporter => putative glucarate transporter
[15:42:45] Modify product: Uncharacterized protein PA3435 => putative protein
[15:42:45] Modify product: Uncharacterized protein YqcC => putative protein YqcC
[15:42:45] Modify product: Uncharacterized HTH-type transcriptional regulator YdjF => putative HTH-type transcriptional regulator YdjF
[15:42:45] Modify product: UPF0382 inner membrane protein YgdD => hypothetical protein
[15:42:45] Modify product: Uncharacterized lipoprotein YgdR => putative lipoprotein YgdR
[15:42:45] Modify product: Probable cobalt-factor III C(17)-methyltransferase => putative cobalt-factor III C(17)-methyltransferase
[15:42:45] Modify product: Probable allantoin permease => putative allantoin permease
[15:42:45] Modify product: Putative thiamine biosynthesis protein HI_0357 => Putative thiamine biosynthesis protein
[15:42:45] Modify product: UPF0702 transmembrane protein YetF => hypothetical protein
[15:42:45] Modify product: Uncharacterized oxidoreductase YghA => putative oxidoreductase YghA
[15:42:45] Modify product: Uncharacterized ABC transporter ATP-binding protein YheS => putative ABC transporter ATP-binding protein YheS
[15:42:46] Modify product: Probable D,D-dipeptide transport ATP-binding protein DdpF => putative D,D-dipeptide transport ATP-binding protein DdpF
[15:42:46] Modify product: Probable cation-transporting ATPase F => putative cation-transporting ATPase F
[15:42:46] Modify product: Uncharacterized protein Rv0906 => putative protein
[15:42:46] Modify product: Uncharacterized protein YncE => putative protein YncE
[15:42:46] Modify product: Probable phosphatase Rv3661 => putative phosphatase
[15:42:46] Modify product: Uncharacterized protein YjhP => putative protein YjhP
[15:42:46] Modify product: UPF0255 protein VV1_0328 => hypothetical protein
[15:42:46] Modify product: Uncharacterized N-acetyltransferase YafP => putative N-acetyltransferase YafP
[15:42:46] Modify product: Uncharacterized protein Rv2277c => putative protein
[15:42:46] Modify product: Uncharacterized methyltransferase YcgJ => putative methyltransferase YcgJ
[15:42:46] Modify product: Probable D,D-dipeptide transport system permease protein DdpC => putative D,D-dipeptide transport system permease protein DdpC
[15:42:46] Modify product: UPF0394 inner membrane protein YedE => hypothetical protein
[15:42:46] Modify product: Uncharacterized protein YdfO => putative protein YdfO
[15:42:46] Modify product: Probable transport protein HsrA => putative transport protein HsrA
[15:42:46] Modify product: Zinc-type alcohol dehydrogenase-like protein SA1988 => Zinc-type alcohol dehydrogenase-like protein
[15:42:46] Modify product: UPF0311 protein CA_C3321 => hypothetical protein
[15:42:46] Modify product: UPF0126 inner membrane protein YicG => hypothetical protein
[15:42:46] Modify product: Uncharacterized protein Rv1998c => putative protein
[15:42:46] Modify product: UPF0701 protein YicC => hypothetical protein
[15:42:46] Modify product: UPF0194 membrane protein YbhG => hypothetical protein
[15:42:46] Modify product: Probable multidrug ABC transporter ATP-binding protein YbhF => putative multidrug ABC transporter ATP-binding protein YbhF
[15:42:46] Modify product: Probable multidrug ABC transporter permease YbhR => putative multidrug ABC transporter permease YbhR
[15:42:46] Modify product: UPF0758 protein YsxA => hypothetical protein
[15:42:46] Modify product: Uncharacterized protein YibN => putative protein YibN
[15:42:46] Modify product: Uncharacterized protein YibL => putative protein YibL
[15:42:46] Modify product: Uncharacterized GST-like protein YibF => putative GST-like protein YibF
[15:42:46] Modify product: Uncharacterized ABC transporter ATP-binding protein YheS => putative ABC transporter ATP-binding protein YheS
[15:42:46] Modify product: Probable lipoprotein YiaD => putative lipoprotein YiaD
[15:42:46] Modify product: Uncharacterized MFS-type transporter YhjX => putative MFS-type transporter YhjX
[15:42:46] Modify product: Probable cyclic di-GMP phosphodiesterase PdeK => putative cyclic di-GMP phosphodiesterase PdeK
[15:42:46] Modify product: Uncharacterized protein HI_0933 => putative protein
[15:42:46] Modify product: Probable 4-deoxy-4-formamido-L-arabinose-phosphoundecaprenol deformylase ArnD => putative 4-deoxy-4-formamido-L-arabinose-phosphoundecaprenol deformylase ArnD
[15:42:46] Modify product: Probable 4-amino-4-deoxy-L-arabinose-phosphoundecaprenol flippase subunit ArnE => putative 4-amino-4-deoxy-L-arabinose-phosphoundecaprenol flippase subunit ArnE
[15:42:46] Modify product: Probable 4-amino-4-deoxy-L-arabinose-phosphoundecaprenol flippase subunit ArnF => putative 4-amino-4-deoxy-L-arabinose-phosphoundecaprenol flippase subunit ArnF
[15:42:46] Modify product: Uncharacterized MFS-type transporter YhhS => putative MFS-type transporter YhhS
[15:42:46] Modify product: Uncharacterized protein YhhA => putative protein YhhA
[15:42:46] Modify product: Uncharacterized oxidoreductase YhhX => putative oxidoreductase YhhX
[15:42:46] Modify product: Probable [Fe-S]-dependent transcriptional repressor => putative [Fe-S]-dependent transcriptional repressor
[15:42:46] Cleaned 326 /product names
[15:42:46] Deleting unwanted file: prokkaGAA/unknown.sprot.tmp.16542.faa
[15:42:46] Deleting unwanted file: prokkaGAA/unknown.sprot.tmp.16542.blast
[15:42:46] There are still 1518 unannotated CDS left (started with 5249)
[15:42:46] Will use hmmer3 to search against /Users/nathanieldavies/miniforge3/envs/genomeassembly/db/hmm/HAMAP.hmm with 8 CPUs
[15:42:46] Running: cat prokkaGAA\/unknown\.HAMAP\.hmm\.tmp\.16542\.faa | parallel --gnu --plain -j 8 --block 23314 --recstart '>' --pipe hmmscan --noali --notextw --acc -E 1e-09 --cpu 1 /Users/nathanieldavies/miniforge3/envs/genomeassembly/db/hmm/HAMAP.hmm /dev/stdin > prokkaGAA\/unknown\.HAMAP\.hmm\.tmp\.16542\.hmmer3 2> /dev/null
[15:43:00] Modify product: Uncharacterized MFS-type transporter YfcJ => putative MFS-type transporter YfcJ
[15:43:00] Modify product: Uncharacterized MFS-type transporter YcaD => putative MFS-type transporter YcaD
[15:43:00] Modify product: Uncharacterized Nudix hydrolase NudL => putative Nudix hydrolase NudL
[15:43:00] Cleaned 3 /product names
[15:43:00] Deleting unwanted file: prokkaGAA/unknown.HAMAP.hmm.tmp.16542.faa
[15:43:00] Deleting unwanted file: prokkaGAA/unknown.HAMAP.hmm.tmp.16542.hmmer3
[15:43:00] Labelling remaining 1372 proteins as 'hypothetical protein'
[15:43:00] Possible /pseudo 'Manganese transport system membrane protein MntB' at 4094 position 14388
[15:43:00] Possible /pseudo 'Peptidyl-prolyl cis-trans isomerase C' at 4096 position 13269
[15:43:00] Possible /pseudo 'HTH-type transcriptional regulator DmlR' at 4120 position 22333
[15:43:00] Possible /pseudo 'ISKra4 family transposase ISCep1' at 4131 position 37470
[15:43:00] Possible /pseudo 'Sucrose-6-phosphate hydrolase' at 4131 position 64252
[15:43:00] Possible /pseudo 'Cytochrome c-type biogenesis protein CcmF' at 4132 position 39183
[15:43:00] Possible /pseudo 'Catecholate siderophore receptor Fiu' at 4136 position 25569
[15:43:00] Possible /pseudo 'Transcriptional regulatory protein OmpR' at 4138 position 21733
[15:43:00] Possible /pseudo 'Formate dehydrogenase H' at 4138 position 23049
[15:43:00] Possible /pseudo 'NADP/NAD-dependent aldehyde dehydrogenase PuuC' at 4142 position 6944
[15:43:00] Possible /pseudo 'ABC transporter ATP-binding protein ModF' at 4146 position 15862
[15:43:00] Possible /pseudo 'Threonine-phosphate decarboxylase' at 4147 position 12172
[15:43:00] Possible /pseudo 'High-affinity branched-chain amino acid transport ATP-binding protein LivF' at 4149 position 11982
[15:43:00] Possible /pseudo 'D-threonate kinase' at 4149 position 25042
[15:43:00] Possible /pseudo 'putative cyclic di-GMP phosphodiesterase PdeB' at 4154 position 10358
[15:43:00] Possible /pseudo 'putative protein' at 4160 position 31924
[15:43:00] Possible /pseudo 'putative protein' at 4160 position 32847
[15:43:00] Possible /pseudo 'Phenylacetaldehyde dehydrogenase' at 4163 position 31811
[15:43:00] Possible /pseudo 'Bifunctional protein PaaZ' at 4163 position 38062
[15:43:00] Possible /pseudo 'putative ABC transporter ATP-binding protein YheS' at 4170 position 26032
[15:43:00] Possible /pseudo 'Protein ClpV1' at 4172 position 8819
[15:43:00] Possible /pseudo 'Phosphate acetyltransferase' at 4174 position 169724
[15:43:00] Possible /pseudo 'USG-1 protein' at 4174 position 187663
[15:43:00] Possible /pseudo 'RNA polymerase-associated protein RapA' at 4184 position 113942
[15:43:00] Possible /pseudo 'Homoprotocatechuate catabolism bifunctional isomerase/decarboxylase' at 4184 position 234487
[15:43:00] Possible /pseudo 'putative protein YcbX' at 4201 position 57865
[15:43:00] Possible /pseudo 'Xylulose kinase' at 4209 position 72190
[15:43:00] Possible /pseudo 'Formate dehydrogenase-O major subunit' at 4210 position 27800
[15:43:00] Possible /pseudo 'Siroheme synthase' at 4211 position 21107
[15:43:00] Possible /pseudo 'Oxamate amidohydrolase proenzyme' at 4212 position 6871
[15:43:00] Possible /pseudo 'Arylsulfatase' at 4214 position 54981
[15:43:00] Possible /pseudo 'Formate dehydrogenase, nitrate-inducible, major subunit' at 4217 position 6990
[15:43:00] Possible /pseudo 'IS3 family transposase IS1400' at 4220 position 38286
[15:43:00] Possible /pseudo 'IS3 family transposase ISYpe1' at 4220 position 44990
[15:43:00] Possible /pseudo '3-methylmercaptopropionyl-CoA ligase' at 4224 position 109279
[15:43:00] Possible /pseudo 'IS3 family transposase ISEc15' at 4230 position 13717
[15:43:00] Possible /pseudo 'Cellulose synthase operon protein C' at 4231 position 160614
[15:43:00] Found 2970 unique /gene codes.
[15:43:00] Fixed 2 duplicate /gene - ycaD_1 ycaD_2
[15:43:00] Fixed 2 duplicate /gene - ydiB_1 ydiB_2
[15:43:00] Fixed 2 duplicate /gene - ygiW_1 ygiW_2
[15:43:00] Fixed 4 duplicate /gene - potA_1 potA_2 potA_3 potA_4
[15:43:00] Fixed 2 duplicate /gene - zapE_1 zapE_2
[15:43:00] Fixed 2 duplicate /gene - lyx_1 lyx_2
[15:43:00] Fixed 2 duplicate /gene - nlpD_1 nlpD_2
[15:43:00] Fixed 11 duplicate /gene - fabG_1 fabG_2 fabG_3 fabG_4 fabG_5 fabG_6 fabG_7 fabG_8 fabG_9 fabG_10 fabG_11
[15:43:00] Fixed 3 duplicate /gene - hcpA_1 hcpA_2 hcpA_3
[15:43:00] Fixed 2 duplicate /gene - recF_1 recF_2
[15:43:00] Fixed 2 duplicate /gene - mngR_1 mngR_2
[15:43:00] Fixed 2 duplicate /gene - msbA_1 msbA_2
[15:43:00] Fixed 2 duplicate /gene - nudK_1 nudK_2
[15:43:00] Fixed 2 duplicate /gene - vapC_1 vapC_2
[15:43:00] Fixed 2 duplicate /gene - ctpF_1 ctpF_2
[15:43:00] Fixed 2 duplicate /gene - malG_1 malG_2
[15:43:00] Fixed 2 duplicate /gene - ppiC_1 ppiC_2
[15:43:00] Fixed 2 duplicate /gene - ahpC_1 ahpC_2
[15:43:00] Fixed 3 duplicate /gene - suhB_1 suhB_2 suhB_3
[15:43:00] Fixed 2 duplicate /gene - cobC_1 cobC_2
[15:43:00] Fixed 2 duplicate /gene - tyrB_1 tyrB_2
[15:43:00] Fixed 2 duplicate /gene - bhsA_1 bhsA_2
[15:43:00] Fixed 2 duplicate /gene - nupC_1 nupC_2
[15:43:00] Fixed 2 duplicate /gene - tam_1 tam_2
[15:43:00] Fixed 12 duplicate /gene - rhaS_1 rhaS_2 rhaS_3 rhaS_4 rhaS_5 rhaS_6 rhaS_7 rhaS_8 rhaS_9 rhaS_10 rhaS_11 rhaS_12
[15:43:00] Fixed 2 duplicate /gene - dppD_1 dppD_2
[15:43:00] Fixed 2 duplicate /gene - bcsB_1 bcsB_2
[15:43:00] Fixed 3 duplicate /gene - norR_1 norR_2 norR_3
[15:43:00] Fixed 2 duplicate /gene - flu_1 flu_2
[15:43:00] Fixed 2 duplicate /gene - yohK_1 yohK_2
[15:43:00] Fixed 4 duplicate /gene - hipO_1 hipO_2 hipO_3 hipO_4
[15:43:00] Fixed 3 duplicate /gene - cydB_1 cydB_2 cydB_3
[15:43:00] Fixed 2 duplicate /gene - ubiX_1 ubiX_2
[15:43:00] Fixed 2 duplicate /gene - rluA_1 rluA_2
[15:43:00] Fixed 2 duplicate /gene - rbn_1 rbn_2
[15:43:00] Fixed 2 duplicate /gene - atsA_1 atsA_2
[15:43:00] Fixed 3 duplicate /gene - ssuB_1 ssuB_2 ssuB_3
[15:43:00] Fixed 3 duplicate /gene - feaB_1 feaB_2 feaB_3
[15:43:00] Fixed 2 duplicate /gene - yrdA_1 yrdA_2
[15:43:00] Fixed 2 duplicate /gene - ssuC_1 ssuC_2
[15:43:00] Fixed 5 duplicate /gene - nimR_1 nimR_2 nimR_3 nimR_4 nimR_5
[15:43:00] Fixed 3 duplicate /gene - livH_1 livH_2 livH_3
[15:43:00] Fixed 2 duplicate /gene - paaZ_1 paaZ_2
[15:43:00] Fixed 2 duplicate /gene - fdnG_1 fdnG_2
[15:43:00] Fixed 2 duplicate /gene - dmsA_1 dmsA_2
[15:43:00] Fixed 6 duplicate /gene - gcvA_1 gcvA_2 gcvA_3 gcvA_4 gcvA_5 gcvA_6
[15:43:00] Fixed 3 duplicate /gene - lsrD_1 lsrD_2 lsrD_3
[15:43:00] Fixed 2 duplicate /gene - pat_1 pat_2
[15:43:00] Fixed 2 duplicate /gene - yeaR_1 yeaR_2
[15:43:00] Fixed 2 duplicate /gene - elfD_1 elfD_2
[15:43:00] Fixed 2 duplicate /gene - dnaA_1 dnaA_2
[15:43:00] Fixed 3 duplicate /gene - csbX_1 csbX_2 csbX_3
[15:43:00] Fixed 3 duplicate /gene - metN_1 metN_2 metN_3
[15:43:00] Fixed 3 duplicate /gene - hmuU_1 hmuU_2 hmuU_3
[15:43:00] Fixed 2 duplicate /gene - kduD_1 kduD_2
[15:43:00] Fixed 2 duplicate /gene - btuF_1 btuF_2
[15:43:00] Fixed 4 duplicate /gene - dam_1 dam_2 dam_3 dam_4
[15:43:00] Fixed 3 duplicate /gene - dauA_1 dauA_2 dauA_3
[15:43:00] Fixed 2 duplicate /gene - bglH_1 bglH_2
[15:43:00] Fixed 2 duplicate /gene - bluF_1 bluF_2
[15:43:00] Fixed 3 duplicate /gene - dapA_1 dapA_2 dapA_3
[15:43:00] Fixed 2 duplicate /gene - abaF_1 abaF_2
[15:43:00] Fixed 3 duplicate /gene - umuC_1 umuC_2 umuC_3
[15:43:00] Fixed 2 duplicate /gene - mrdA_1 mrdA_2
[15:43:00] Fixed 3 duplicate /gene - argP_1 argP_2 argP_3
[15:43:00] Fixed 2 duplicate /gene - trxA_1 trxA_2
[15:43:00] Fixed 2 duplicate /gene - malT_1 malT_2
[15:43:00] Fixed 2 duplicate /gene - clcB_1 clcB_2
[15:43:00] Fixed 2 duplicate /gene - roxA_1 roxA_2
[15:43:00] Fixed 3 duplicate /gene - fdhF_1 fdhF_2 fdhF_3
[15:43:00] Fixed 3 duplicate /gene - pdeG_1 pdeG_2 pdeG_3
[15:43:00] Fixed 3 duplicate /gene - hin_1 hin_2 hin_3
[15:43:00] Fixed 3 duplicate /gene - fruA_1 fruA_2 fruA_3
[15:43:00] Fixed 2 duplicate /gene - catM_1 catM_2
[15:43:00] Fixed 2 duplicate /gene - ybhR_1 ybhR_2
[15:43:00] Fixed 2 duplicate /gene - pta_1 pta_2
[15:43:00] Fixed 2 duplicate /gene - uxaB_1 uxaB_2
[15:43:00] Fixed 2 duplicate /gene - ddrA_1 ddrA_2
[15:43:00] Fixed 6 duplicate /gene - rhaR_1 rhaR_2 rhaR_3 rhaR_4 rhaR_5 rhaR_6
[15:43:00] Fixed 2 duplicate /gene - cutC_1 cutC_2
[15:43:00] Fixed 2 duplicate /gene - agp_1 agp_2
[15:43:00] Fixed 2 duplicate /gene - rlhA_1 rlhA_2
[15:43:00] Fixed 2 duplicate /gene - thpA_1 thpA_2
[15:43:00] Fixed 2 duplicate /gene - modF_1 modF_2
[15:43:00] Fixed 2 duplicate /gene - pyrG_1 pyrG_2
[15:43:00] Fixed 4 duplicate /gene - rbsK_1 rbsK_2 rbsK_3 rbsK_4
[15:43:00] Fixed 2 duplicate /gene - talB_1 talB_2
[15:43:00] Fixed 2 duplicate /gene - srlB_1 srlB_2
[15:43:00] Fixed 2 duplicate /gene - astA_1 astA_2
[15:43:00] Fixed 4 duplicate /gene - rbsR_1 rbsR_2 rbsR_3 rbsR_4
[15:43:00] Fixed 2 duplicate /gene - trmL_1 trmL_2
[15:43:00] Fixed 2 duplicate /gene - hpxW_1 hpxW_2
[15:43:00] Fixed 2 duplicate /gene - ybiI_1 ybiI_2
[15:43:00] Fixed 5 duplicate /gene - gltC_1 gltC_2 gltC_3 gltC_4 gltC_5
[15:43:00] Fixed 2 duplicate /gene - ftsH_1 ftsH_2
[15:43:00] Fixed 2 duplicate /gene - cpdA_1 cpdA_2
[15:43:00] Fixed 5 duplicate /gene - ttuB_1 ttuB_2 ttuB_3 ttuB_4 ttuB_5
[15:43:00] Fixed 2 duplicate /gene - hyfA_1 hyfA_2
[15:43:00] Fixed 3 duplicate /gene - tktA_1 tktA_2 tktA_3
[15:43:00] Fixed 2 duplicate /gene - codA_1 codA_2
[15:43:00] Fixed 2 duplicate /gene - frcA_1 frcA_2
[15:43:00] Fixed 3 duplicate /gene - intA_1 intA_2 intA_3
[15:43:00] Fixed 4 duplicate /gene - mdtA_1 mdtA_2 mdtA_3 mdtA_4
[15:43:00] Fixed 2 duplicate /gene - proA_1 proA_2
[15:43:00] Fixed 2 duplicate /gene - ygaZ_1 ygaZ_2
[15:43:00] Fixed 3 duplicate /gene - lrp_1 lrp_2 lrp_3
[15:43:00] Fixed 3 duplicate /gene - yhaJ_1 yhaJ_2 yhaJ_3
[15:43:00] Fixed 2 duplicate /gene - can_1 can_2
[15:43:00] Fixed 2 duplicate /gene - ydgJ_1 ydgJ_2
[15:43:00] Fixed 2 duplicate /gene - acrF_1 acrF_2
[15:43:00] Fixed 3 duplicate /gene - metC_1 metC_2 metC_3
[15:43:00] Fixed 2 duplicate /gene - bglF_1 bglF_2
[15:43:00] Fixed 2 duplicate /gene - pduA_1 pduA_2
[15:43:00] Fixed 2 duplicate /gene - fepA_1 fepA_2
[15:43:00] Fixed 3 duplicate /gene - gabR_1 gabR_2 gabR_3
[15:43:00] Fixed 2 duplicate /gene - iolU_1 iolU_2
[15:43:00] Fixed 2 duplicate /gene - paaJ_1 paaJ_2
[15:43:00] Fixed 2 duplicate /gene - glpE_1 glpE_2
[15:43:00] Fixed 9 duplicate /gene - pgrR_1 pgrR_2 pgrR_3 pgrR_4 pgrR_5 pgrR_6 pgrR_7 pgrR_8 pgrR_9
[15:43:00] Fixed 2 duplicate /gene - leuE_1 leuE_2
[15:43:00] Fixed 2 duplicate /gene - cutD_1 cutD_2
[15:43:00] Fixed 3 duplicate /gene - lon_1 lon_2 lon_3
[15:43:00] Fixed 5 duplicate /gene - rbsA_1 rbsA_2 rbsA_3 rbsA_4 rbsA_5
[15:43:00] Fixed 2 duplicate /gene - dtnK_1 dtnK_2
[15:43:00] Fixed 2 duplicate /gene - ppa_1 ppa_2
[15:43:00] Fixed 2 duplicate /gene - ribZ_1 ribZ_2
[15:43:00] Fixed 2 duplicate /gene - cdaR_1 cdaR_2
[15:43:00] Fixed 2 duplicate /gene - kefC_1 kefC_2
[15:43:00] Fixed 2 duplicate /gene - clpP_1 clpP_2
[15:43:00] Fixed 2 duplicate /gene - acsAB_1 acsAB_2
[15:43:00] Fixed 3 duplicate /gene - ascG_1 ascG_2 ascG_3
[15:43:00] Fixed 2 duplicate /gene - ilvI_1 ilvI_2
[15:43:00] Fixed 2 duplicate /gene - fdoG_1 fdoG_2
[15:43:00] Fixed 3 duplicate /gene - cmpR_1 cmpR_2 cmpR_3
[15:43:00] Fixed 2 duplicate /gene - hisJ_1 hisJ_2
[15:43:00] Fixed 2 duplicate /gene - asd_1 asd_2
[15:43:00] Fixed 3 duplicate /gene - emrA_1 emrA_2 emrA_3
[15:43:00] Fixed 3 duplicate /gene - tsaR_1 tsaR_2 tsaR_3
[15:43:00] Fixed 2 duplicate /gene - ompN_1 ompN_2
[15:43:00] Fixed 2 duplicate /gene - aaeB_1 aaeB_2
[15:43:00] Fixed 2 duplicate /gene - yciE_1 yciE_2
[15:43:00] Fixed 2 duplicate /gene - ftnA_1 ftnA_2
[15:43:00] Fixed 2 duplicate /gene - map_1 map_2
[15:43:00] Fixed 2 duplicate /gene - dnaK_1 dnaK_2
[15:43:00] Fixed 2 duplicate /gene - ftsI_1 ftsI_2
[15:43:00] Fixed 2 duplicate /gene - oppA_1 oppA_2
[15:43:00] Fixed 2 duplicate /gene - cusC_1 cusC_2
[15:43:00] Fixed 2 duplicate /gene - tuf1_1 tuf1_2
[15:43:00] Fixed 3 duplicate /gene - lsrB_1 lsrB_2 lsrB_3
[15:43:00] Fixed 2 duplicate /gene - cra_1 cra_2
[15:43:00] Fixed 3 duplicate /gene - sotB_1 sotB_2 sotB_3
[15:43:00] Fixed 3 duplicate /gene - lysN_1 lysN_2 lysN_3
[15:43:00] Fixed 4 duplicate /gene - exuT_1 exuT_2 exuT_3 exuT_4
[15:43:00] Fixed 3 duplicate /gene - umuD_1 umuD_2 umuD_3
[15:43:00] Fixed 2 duplicate /gene - rhtB_1 rhtB_2
[15:43:00] Fixed 2 duplicate /gene - aspT_1 aspT_2
[15:43:00] Fixed 2 duplicate /gene - mglA_1 mglA_2
[15:43:00] Fixed 2 duplicate /gene - ugpC_1 ugpC_2
[15:43:00] Fixed 2 duplicate /gene - ulaB_1 ulaB_2
[15:43:00] Fixed 2 duplicate /gene - cytR_1 cytR_2
[15:43:00] Fixed 2 duplicate /gene - mdtM_1 mdtM_2
[15:43:00] Fixed 2 duplicate /gene - kefF_1 kefF_2
[15:43:00] Fixed 2 duplicate /gene - hisQ_1 hisQ_2
[15:43:00] Fixed 2 duplicate /gene - dsbD_1 dsbD_2
[15:43:00] Fixed 3 duplicate /gene - rhtC_1 rhtC_2 rhtC_3
[15:43:00] Fixed 4 duplicate /gene - ygdR_1 ygdR_2 ygdR_3 ygdR_4
[15:43:00] Fixed 4 duplicate /gene - iolE_1 iolE_2 iolE_3 iolE_4
[15:43:00] Fixed 2 duplicate /gene - manZ_1 manZ_2
[15:43:00] Fixed 2 duplicate /gene - pcpR_1 pcpR_2
[15:43:00] Fixed 2 duplicate /gene - ugpB_1 ugpB_2
[15:43:00] Fixed 2 duplicate /gene - norG_1 norG_2
[15:43:00] Fixed 2 duplicate /gene - mshA_1 mshA_2
[15:43:00] Fixed 2 duplicate /gene - ulaC_1 ulaC_2
[15:43:00] Fixed 2 duplicate /gene - intS_1 intS_2
[15:43:00] Fixed 2 duplicate /gene - nodD2_1 nodD2_2
[15:43:00] Fixed 2 duplicate /gene - lsrF_1 lsrF_2
[15:43:00] Fixed 2 duplicate /gene - shlB_1 shlB_2
[15:43:00] Fixed 2 duplicate /gene - uxuA_1 uxuA_2
[15:43:00] Fixed 2 duplicate /gene - fiu_1 fiu_2
[15:43:00] Fixed 2 duplicate /gene - dppB_1 dppB_2
[15:43:00] Fixed 7 duplicate /gene - btuD_1 btuD_2 btuD_3 btuD_4 btuD_5 btuD_6 btuD_7
[15:43:00] Fixed 2 duplicate /gene - blc_1 blc_2
[15:43:00] Fixed 2 duplicate /gene - lacI_1 lacI_2
[15:43:00] Fixed 2 duplicate /gene - fimG_1 fimG_2
[15:43:00] Fixed 2 duplicate /gene - ada_1 ada_2
[15:43:00] Fixed 2 duplicate /gene - glpF_1 glpF_2
[15:43:00] Fixed 2 duplicate /gene - osmY_1 osmY_2
[15:43:00] Fixed 7 duplicate /gene - glnQ_1 glnQ_2 glnQ_3 glnQ_4 glnQ_5 glnQ_6 glnQ_7
[15:43:00] Fixed 2 duplicate /gene - fhuA_1 fhuA_2
[15:43:00] Fixed 3 duplicate /gene - metI_1 metI_2 metI_3
[15:43:00] Fixed 2 duplicate /gene - clpV1_1 clpV1_2
[15:43:00] Fixed 2 duplicate /gene - dmdB_1 dmdB_2
[15:43:00] Fixed 3 duplicate /gene - cobD_1 cobD_2 cobD_3
[15:43:00] Fixed 2 duplicate /gene - gsiA_1 gsiA_2
[15:43:00] Fixed 2 duplicate /gene - malK_1 malK_2
[15:43:00] Fixed 2 duplicate /gene - mqo_1 mqo_2
[15:43:00] Fixed 4 duplicate /gene - oxyR_1 oxyR_2 oxyR_3 oxyR_4
[15:43:00] Fixed 2 duplicate /gene - mexB_1 mexB_2
[15:43:00] Fixed 2 duplicate /gene - garP_1 garP_2
[15:43:00] Fixed 3 duplicate /gene - uspG_1 uspG_2 uspG_3
[15:43:00] Fixed 2 duplicate /gene - lldD_1 lldD_2
[15:43:00] Fixed 2 duplicate /gene - norW_1 norW_2
[15:43:00] Fixed 4 duplicate /gene - gstB_1 gstB_2 gstB_3 gstB_4
[15:43:00] Fixed 2 duplicate /gene - sacA_1 sacA_2
[15:43:00] Fixed 3 duplicate /gene - sasA_1 sasA_2 sasA_3
[15:43:00] Fixed 2 duplicate /gene - glmS_1 glmS_2
[15:43:00] Fixed 2 duplicate /gene - cycA_1 cycA_2
[15:43:00] Fixed 5 duplicate /gene - chbA_1 chbA_2 chbA_3 chbA_4 chbA_5
[15:43:00] Fixed 3 duplicate /gene - xylG_1 xylG_2 xylG_3
[15:43:00] Fixed 2 duplicate /gene - sad_1 sad_2
[15:43:00] Fixed 3 duplicate /gene - cysG_1 cysG_2 cysG_3
[15:43:00] Fixed 2 duplicate /gene - xylA_1 xylA_2
[15:43:00] Fixed 6 duplicate /gene - livF_1 livF_2 livF_3 livF_4 livF_5 livF_6
[15:43:00] Fixed 3 duplicate /gene - yicJ_1 yicJ_2 yicJ_3
[15:43:00] Fixed 2 duplicate /gene - lpdC_1 lpdC_2
[15:43:00] Fixed 2 duplicate /gene - yabI_1 yabI_2
[15:43:00] Fixed 3 duplicate /gene - fimC_1 fimC_2 fimC_3
[15:43:00] Fixed 2 duplicate /gene - xanP_1 xanP_2
[15:43:00] Fixed 2 duplicate /gene - amiC_1 amiC_2
[15:43:00] Fixed 2 duplicate /gene - livJ_1 livJ_2
[15:43:00] Fixed 2 duplicate /gene - pdxA2_1 pdxA2_2
[15:43:00] Fixed 2 duplicate /gene - mdtH_1 mdtH_2
[15:43:00] Fixed 5 duplicate /gene - iolG_1 iolG_2 iolG_3 iolG_4 iolG_5
[15:43:00] Fixed 2 duplicate /gene - adhE_1 adhE_2
[15:43:00] Fixed 2 duplicate /gene - oppF_1 oppF_2
[15:43:00] Fixed 3 duplicate /gene - garK_1 garK_2 garK_3
[15:43:00] Fixed 2 duplicate /gene - dppA_1 dppA_2
[15:43:00] Fixed 2 duplicate /gene - mepS_1 mepS_2
[15:43:00] Fixed 2 duplicate /gene - ybhF_1 ybhF_2
[15:43:00] Fixed 2 duplicate /gene - carA_1 carA_2
[15:43:00] Fixed 2 duplicate /gene - ftsA_1 ftsA_2
[15:43:00] Fixed 2 duplicate /gene - rutD_1 rutD_2
[15:43:00] Fixed 6 duplicate /gene - malP_1 malP_2 malP_3 malP_4 malP_5 malP_6
[15:43:00] Fixed 2 duplicate /gene - murR_1 murR_2
[15:43:00] Fixed 2 duplicate /gene - pal_1 pal_2
[15:43:00] Fixed 3 duplicate /gene - oprM_1 oprM_2 oprM_3
[15:43:00] Fixed 2 duplicate /gene - ibpB_1 ibpB_2
[15:43:00] Fixed 3 duplicate /gene - purR_1 purR_2 purR_3
[15:43:00] Fixed 2 duplicate /gene - mglB_1 mglB_2
[15:43:00] Fixed 3 duplicate /gene - ulaA_1 ulaA_2 ulaA_3
[15:43:00] Fixed 2 duplicate /gene - betI_1 betI_2
[15:43:00] Fixed 2 duplicate /gene - ugpA_1 ugpA_2
[15:43:00] Fixed 2 duplicate /gene - gpFI_1 gpFI_2
[15:43:00] Fixed 2 duplicate /gene - glpT_1 glpT_2
[15:43:00] Fixed 2 duplicate /gene - ghxP_1 ghxP_2
[15:43:00] Fixed 3 duplicate /gene - lptB_1 lptB_2 lptB_3
[15:43:00] Fixed 2 duplicate /gene - pdeH_1 pdeH_2
[15:43:00] Fixed 2 duplicate /gene - hpcE_1 hpcE_2
[15:43:00] Fixed 2 duplicate /gene - fabD_1 fabD_2
[15:43:00] Fixed 2 duplicate /gene - dctA_1 dctA_2
[15:43:00] Fixed 3 duplicate /gene - pncC_1 pncC_2 pncC_3
[15:43:00] Fixed 2 duplicate /gene - ycbX_1 ycbX_2
[15:43:00] Fixed 2 duplicate /gene - lpxL_1 lpxL_2
[15:43:00] Fixed 2 duplicate /gene - mak_1 mak_2
[15:43:00] Fixed 4 duplicate /gene - xylB_1 xylB_2 xylB_3 xylB_4
[15:43:00] Fixed 2 duplicate /gene - azoR_1 azoR_2
[15:43:00] Fixed 4 duplicate /gene - dinI_1 dinI_2 dinI_3 dinI_4
[15:43:00] Fixed 2 duplicate /gene - manP_1 manP_2
[15:43:00] Fixed 3 duplicate /gene - ydfK_1 ydfK_2 ydfK_3
[15:43:00] Fixed 3 duplicate /gene - lldR_1 lldR_2 lldR_3
[15:43:00] Fixed 2 duplicate /gene - ybdO_1 ybdO_2
[15:43:00] Fixed 2 duplicate /gene - lpfA_1 lpfA_2
[15:43:00] Fixed 2 duplicate /gene - gsiC_1 gsiC_2
[15:43:00] Fixed 2 duplicate /gene - artM_1 artM_2
[15:43:00] Fixed 3 duplicate /gene - bglA_1 bglA_2 bglA_3
[15:43:00] Fixed 2 duplicate /gene - puuB_1 puuB_2
[15:43:00] Fixed 5 duplicate /gene - yajO_1 yajO_2 yajO_3 yajO_4 yajO_5
[15:43:00] Fixed 2 duplicate /gene - hisC_1 hisC_2
[15:43:00] Fixed 3 duplicate /gene - nepI_1 nepI_2 nepI_3
[15:43:00] Fixed 2 duplicate /gene - epsF_1 epsF_2
[15:43:00] Fixed 5 duplicate /gene - fliY_1 fliY_2 fliY_3 fliY_4 fliY_5
[15:43:00] Fixed 2 duplicate /gene - ccmF_1 ccmF_2
[15:43:00] Fixed 2 duplicate /gene - puuC_1 puuC_2
[15:43:00] Fixed 2 duplicate /gene - fhuC_1 fhuC_2
[15:43:00] Fixed 2 duplicate /gene - xylF_1 xylF_2
[15:43:00] Fixed 2 duplicate /gene - hxpB_1 hxpB_2
[15:43:00] Fixed 2 duplicate /gene - msiK_1 msiK_2
[15:43:00] Fixed 2 duplicate /gene - gltR_1 gltR_2
[15:43:00] Fixed 2 duplicate /gene - bamA_1 bamA_2
[15:43:00] Fixed 9 duplicate /gene - rbsC_1 rbsC_2 rbsC_3 rbsC_4 rbsC_5 rbsC_6 rbsC_7 rbsC_8 rbsC_9
[15:43:00] Fixed 2 duplicate /gene - pduE_1 pduE_2
[15:43:00] Fixed 2 duplicate /gene - yhhS_1 yhhS_2
[15:43:00] Fixed 3 duplicate /gene - menH_1 menH_2 menH_3
[15:43:00] Fixed 3 duplicate /gene - rob_1 rob_2 rob_3
[15:43:00] Fixed 4 duplicate /gene - ompR_1 ompR_2 ompR_3 ompR_4
[15:43:00] Fixed 3 duplicate /gene - era_1 era_2 era_3
[15:43:00] Fixed 3 duplicate /gene - mltF_1 mltF_2 mltF_3
[15:43:00] Fixed 3 duplicate /gene - rbsB_1 rbsB_2 rbsB_3
[15:43:00] Fixed 2 duplicate /gene - sbnD_1 sbnD_2
[15:43:00] Fixed 2 duplicate /gene - epsE_1 epsE_2
[15:43:00] Fixed 6 duplicate /gene - xerC_1 xerC_2 xerC_3 xerC_4 xerC_5 xerC_6
[15:43:00] Fixed 3 duplicate /gene - yecS_1 yecS_2 yecS_3
[15:43:00] Fixed 2 duplicate /gene - scmP_1 scmP_2
[15:43:00] Fixed 2 duplicate /gene - frmA_1 frmA_2
[15:43:00] Fixed 2 duplicate /gene - topA_1 topA_2
[15:43:00] Fixed 20 duplicate /gene - dmlR_1 dmlR_2 dmlR_3 dmlR_4 dmlR_5 dmlR_6 dmlR_7 dmlR_8 dmlR_9 dmlR_10 dmlR_11 dmlR_12 dmlR_13 dmlR_14 dmlR_15 dmlR_16 dmlR_17 dmlR_18 dmlR_19 dmlR_20
[15:43:00] Fixed 2 duplicate /gene - srlR_1 srlR_2
[15:43:00] Fixed 2 duplicate /gene - yncE_1 yncE_2
[15:43:00] Fixed 2 duplicate /gene - gabD_1 gabD_2
[15:43:00] Fixed 2 duplicate /gene - rssB_1 rssB_2
[15:43:00] Fixed 2 duplicate /gene - sdaC_1 sdaC_2
[15:43:00] Fixed 2 duplicate /gene - yeaX_1 yeaX_2
[15:43:00] Fixed 2 duplicate /gene - mtlK_1 mtlK_2
[15:43:00] Fixed 2 duplicate /gene - proY_1 proY_2
[15:43:00] Fixed 2 duplicate /gene - yadV_1 yadV_2
[15:43:00] Fixed 2 duplicate /gene - astD_1 astD_2
[15:43:00] Fixed 2 duplicate /gene - leuA_1 leuA_2
[15:43:00] Fixed 2 duplicate /gene - surE_1 surE_2
[15:43:00] Fixed 2 duplicate /gene - bdcA_1 bdcA_2
[15:43:00] Fixed 2 duplicate /gene - sorC_1 sorC_2
[15:43:00] Fixed 2 duplicate /gene - licH_1 licH_2
[15:43:00] Fixed 2 duplicate /gene - aaeA_1 aaeA_2
[15:43:00] Fixed 2 duplicate /gene - lacG_1 lacG_2
[15:43:00] Fixed 2 duplicate /gene - fimF_1 fimF_2
[15:43:00] Fixed 5 duplicate /gene - hdfR_1 hdfR_2 hdfR_3 hdfR_4 hdfR_5
[15:43:00] Fixed 2 duplicate /gene - nagC_1 nagC_2
[15:43:00] Fixed 3 duplicate /gene - vldW_1 vldW_2 vldW_3
[15:43:00] Fixed 2 duplicate /gene - dadA_1 dadA_2
[15:43:00] Fixed 3 duplicate /gene - ydcV_1 ydcV_2 ydcV_3
[15:43:00] Fixed 2 duplicate /gene - folP_1 folP_2
[15:43:00] Fixed 2 duplicate /gene - proP_1 proP_2
[15:43:00] Fixed 2 duplicate /gene - ytfQ_1 ytfQ_2
[15:43:00] Fixed 2 duplicate /gene - betB_1 betB_2
[15:43:00] Fixed 3 duplicate /gene - benM_1 benM_2 benM_3
[15:43:00] Fixed 2 duplicate /gene - rafB_1 rafB_2
[15:43:00] Fixed 2 duplicate /gene - kgtP_1 kgtP_2
[15:43:00] Fixed 4 duplicate /gene - metQ_1 metQ_2 metQ_3 metQ_4
[15:43:00] Fixed 2 duplicate /gene - aroP_1 aroP_2
[15:43:00] Fixed 2 duplicate /gene - yibH_1 yibH_2
[15:43:00] Fixed 3 duplicate /gene - scrY_1 scrY_2 scrY_3
[15:43:00] Fixed 2 duplicate /gene - emrB_1 emrB_2
[15:43:00] Fixed 2 duplicate /gene - cysH_1 cysH_2
[15:43:00] Fixed 2 duplicate /gene - dsdC_1 dsdC_2
[15:43:00] Fixed 2 duplicate /gene - cobT_1 cobT_2
[15:43:00] Fixed 2 duplicate /gene - dapE_1 dapE_2
[15:43:00] Fixed 2 duplicate /gene - xylH_1 xylH_2
[15:43:00] Fixed 2 duplicate /gene - dgoK1_1 dgoK1_2
[15:43:00] Fixed 2 duplicate /gene - rhlE_1 rhlE_2
[15:43:00] Fixed 2 duplicate /gene - ghrA_1 ghrA_2
[15:43:00] Fixed 2 duplicate /gene - ccpA_1 ccpA_2
[15:43:00] Fixed 3 duplicate /gene - pdeB_1 pdeB_2 pdeB_3
[15:43:00] Fixed 2 duplicate /gene - zntB_1 zntB_2
[15:43:00] Fixed 2 duplicate /gene - fruB_1 fruB_2
[15:43:00] Fixed 2 duplicate /gene - sutR_1 sutR_2
[15:43:00] Fixed 2 duplicate /gene - glcR_1 glcR_2
[15:43:00] Fixed 2 duplicate /gene - ubiJ_1 ubiJ_2
[15:43:00] Fixed 2 duplicate /gene - eutC_1 eutC_2
[15:43:00] Fixed 3 duplicate /gene - gudP_1 gudP_2 gudP_3
[15:43:00] Fixed 2 duplicate /gene - namA_1 namA_2
[15:43:00] Fixed 2 duplicate /gene - nikB_1 nikB_2
[15:43:00] Fixed 2 duplicate /gene - gdhA_1 gdhA_2
[15:43:00] Fixed 3 duplicate /gene - bla_1 bla_2 bla_3
[15:43:00] Fixed 3 duplicate /gene - rapA_1 rapA_2 rapA_3
[15:43:00] Fixed 2 duplicate /gene - dgoA_1 dgoA_2
[15:43:00] Fixed 2 duplicate /gene - eutB_1 eutB_2
[15:43:00] Fixed 2 duplicate /gene - gntR_1 gntR_2
[15:43:00] Fixed 3 duplicate /gene - slyA_1 slyA_2 slyA_3
[15:43:00] Fixed 3 duplicate /gene - lamB_1 lamB_2 lamB_3
[15:43:00] Fixed 2 duplicate /gene - dnaC_1 dnaC_2
[15:43:00] Fixed 2 duplicate /gene - gmuD_1 gmuD_2
[15:43:00] Fixed 2 duplicate /gene - tenA_1 tenA_2
[15:43:00] Fixed 2 duplicate /gene - astB_1 astB_2
[15:43:00] Fixed 3 duplicate /gene - pcaR_1 pcaR_2 pcaR_3
[15:43:00] Fixed 2 duplicate /gene - prmC_1 prmC_2
[15:43:00] Fixed 2 duplicate /gene - citG_1 citG_2
[15:43:00] Fixed 2 duplicate /gene - hsrA_1 hsrA_2
[15:43:00] Fixed 2 duplicate /gene - dhaK_1 dhaK_2
[15:43:00] Fixed 2 duplicate /gene - msuD_1 msuD_2
[15:43:00] Fixed 2 duplicate /gene - ydhP_1 ydhP_2
[15:43:00] Fixed 2 duplicate /gene - fimH_1 fimH_2
[15:43:00] Fixed 2 duplicate /gene - yofA_1 yofA_2
[15:43:00] Fixed 2 duplicate /gene - apbE_1 apbE_2
[15:43:00] Fixed 4 duplicate /gene - ompA_1 ompA_2 ompA_3 ompA_4
[15:43:00] Fixed 2 duplicate /gene - yhhT_1 yhhT_2
[15:43:00] Fixed 2 duplicate /gene - artQ_1 artQ_2
[15:43:00] Fixed 2 duplicate /gene - kdgR_1 kdgR_2
[15:43:00] Fixed 2 duplicate /gene - astC_1 astC_2
[15:43:00] Fixed 6 duplicate /gene - cynR_1 cynR_2 cynR_3 cynR_4 cynR_5 cynR_6
[15:43:00] Fixed 4 duplicate /gene - celA_1 celA_2 celA_3 celA_4
[15:43:00] Fixed 2 duplicate /gene - lpxD_1 lpxD_2
[15:43:00] Fixed 2 duplicate /gene - rppH_1 rppH_2
[15:43:00] Fixed 2 duplicate /gene - gltA_1 gltA_2
[15:43:00] Fixed 2 duplicate /gene - galR_1 galR_2
[15:43:00] Fixed 2 duplicate /gene - kdgK_1 kdgK_2
[15:43:00] Fixed 2 duplicate /gene - ribX_1 ribX_2
[15:43:00] Fixed 4 duplicate /gene - glpR_1 glpR_2 glpR_3 glpR_4
[15:43:00] Fixed 3 duplicate /gene - iprA_1 iprA_2 iprA_3
[15:43:00] Fixed 3 duplicate /gene - soxS_1 soxS_2 soxS_3
[15:43:00] Fixed 2 duplicate /gene - fabF_1 fabF_2
[15:43:00] Fixed 2 duplicate /gene - pckA_1 pckA_2
[15:43:00] Fixed 2 duplicate /gene - hdeB_1 hdeB_2
[15:43:00] Fixed 3 duplicate /gene - glnH_1 glnH_2 glnH_3
[15:43:00] Fixed 2 duplicate /gene - astE_1 astE_2
[15:43:00] Fixed 2 duplicate /gene - metR_1 metR_2
[15:43:00] Fixed 2 duplicate /gene - frmR_1 frmR_2
[15:43:00] Fixed 3 duplicate /gene - pcaK_1 pcaK_2 pcaK_3
[15:43:00] Fixed 2 duplicate /gene - aroE_1 aroE_2
[15:43:00] Fixed 2 duplicate /gene - xerD_1 xerD_2
[15:43:00] Fixed 3 duplicate /gene - yraI_1 yraI_2 yraI_3
[15:43:00] Fixed 2 duplicate /gene - mrkD_1 mrkD_2
[15:43:00] Fixed 2 duplicate /gene - bcr_1 bcr_2
[15:43:00] Fixed 2 duplicate /gene - gsiD_1 gsiD_2
[15:43:00] Fixed 2 duplicate /gene - araB_1 araB_2
[15:43:00] Fixed 2 duplicate /gene - mdh_1 mdh_2
[15:43:00] Fixed 2 duplicate /gene - phoP_1 phoP_2
[15:43:00] Fixed 2 duplicate /gene - artJ_1 artJ_2
[15:43:00] Fixed 2 duplicate /gene - pgl_1 pgl_2
[15:43:00] Fixed 2 duplicate /gene - entF_1 entF_2
[15:43:00] Fixed 2 duplicate /gene - glnP_1 glnP_2
[15:43:00] Fixed 2 duplicate /gene - bioD1_1 bioD1_2
[15:43:00] Fixed 3 duplicate /gene - thlA_1 thlA_2 thlA_3
[15:43:00] Fixed 2 duplicate /gene - klcA_1 klcA_2
[15:43:00] Fixed 2 duplicate /gene - araC_1 araC_2
[15:43:00] Fixed 2 duplicate /gene - adh_1 adh_2
[15:43:00] Fixed 2 duplicate /gene - jefA_1 jefA_2
[15:43:00] Fixed 2 duplicate /gene - bcsQ_1 bcsQ_2
[15:43:00] Fixed 2 duplicate /gene - aptB_1 aptB_2
[15:43:00] Fixed 2 duplicate /gene - glgS_1 glgS_2
[15:43:00] Fixed 2 duplicate /gene - ybdG_1 ybdG_2
[15:43:00] Fixed 2 duplicate /gene - fim_1 fim_2
[15:43:00] Fixed 4 duplicate /gene - yheS_1 yheS_2 yheS_3 yheS_4
[15:43:00] Fixed 2 duplicate /gene - acsC_1 acsC_2
[15:43:00] Fixed 2 duplicate /gene - acrR_1 acrR_2
[15:43:00] Fixed 2 duplicate /gene - lexA_1 lexA_2
[15:43:00] Fixed 2 duplicate /gene - ydfG_1 ydfG_2
[15:43:00] Fixed 2 duplicate /gene - murQ_1 murQ_2
[15:43:00] Fixed 2 duplicate /gene - usg_1 usg_2
[15:43:00] Fixed 3 duplicate /gene - dgoT_1 dgoT_2 dgoT_3
[15:43:00] Fixed 2 duplicate /gene - ssuA_1 ssuA_2
[15:43:00] Fixed 2 duplicate /gene - rutC_1 rutC_2
[15:43:00] Fixed 2 duplicate /gene - dsbA_1 dsbA_2
[15:43:00] Fixed 2 duplicate /gene - yafP_1 yafP_2
[15:43:00] Fixed 2 duplicate /gene - yfcJ_1 yfcJ_2
[15:43:00] Fixed 2 duplicate /gene - nfdA_1 nfdA_2
[15:43:00] Fixed 2 duplicate /gene - dmsC_1 dmsC_2
[15:43:00] Fixed 2 duplicate /gene - gltJ_1 gltJ_2
[15:43:00] Fixed 2 duplicate /gene - rutB_1 rutB_2
[15:43:00] Fixed 2 duplicate /gene - fusA_1 fusA_2
[15:43:00] Fixed 3 duplicate /gene - dmsB_1 dmsB_2 dmsB_3
[15:43:00] Fixed 8 duplicate /gene - fimD_1 fimD_2 fimD_3 fimD_4 fimD_5 fimD_6 fimD_7 fimD_8
[15:43:00] Fixed 5 duplicate /gene - rcsC_1 rcsC_2 rcsC_3 rcsC_4 rcsC_5
[15:43:00] Fixed 2 duplicate /gene - ridA_1 ridA_2
[15:43:00] Fixed 5 duplicate /gene - mntB_1 mntB_2 mntB_3 mntB_4 mntB_5
[15:43:00] Fixed 2 duplicate /gene - guaD_1 guaD_2
[15:43:00] Fixed 2 duplicate /gene - sgrR_1 sgrR_2
[15:43:00] Fixed 2 duplicate /gene - yagG_1 yagG_2
[15:43:00] Fixed 7 duplicate /gene - licC_1 licC_2 licC_3 licC_4 licC_5 licC_6 licC_7
[15:43:00] Fixed 2 duplicate /gene - rsxC_1 rsxC_2
[15:43:00] Fixed 3 duplicate /gene - cydA_1 cydA_2 cydA_3
[15:43:00] Fixed 4 duplicate /gene - hexR_1 hexR_2 hexR_3 hexR_4
[15:43:00] Fixed 450 colliding /gene names.
[15:43:00] Adding /locus_tag identifiers
[15:43:00] Assigned 5344 locus_tags to CDS and RNA features.
[15:43:00] Writing outputs to prokkaGAA/
[15:43:02] Generating annotation statistics file
[15:43:02] Generating Genbank and Sequin files
[15:43:02] Running: tbl2asn -V b -a r10k -l paired-ends -M n -N 1 -y 'Annotated using Prokka 1.14.6 from https://github.com/tseemann/prokka' -Z prokkaGAA\/unknown\.err -i prokkaGAA\/unknown\.fsa 2> /dev/null
[15:43:08] Deleting unwanted file: prokkaGAA/errorsummary.val
[15:43:08] Deleting unwanted file: prokkaGAA/unknown.dr
[15:43:08] Deleting unwanted file: prokkaGAA/unknown.fixedproducts
[15:43:08] Deleting unwanted file: prokkaGAA/unknown.ecn
[15:43:08] Deleting unwanted file: prokkaGAA/unknown.val
[15:43:08] Repairing broken .GBK output that tbl2asn produces...
[15:43:08] Running: sed 's/COORDINATES: profile/COORDINATES:profile/' < prokkaGAA\/unknown\.gbf > prokkaGAA\/unknown\.gbk
[15:43:08] Deleting unwanted file: prokkaGAA/unknown.gbf
[15:43:08] Output files:
[15:43:08] prokkaGAA/unknown.gbf-r
[15:43:08] prokkaGAA/unknown.txt
[15:43:08] prokkaGAA/unknown.sqn
[15:43:08] prokkaGAA/unknown.tbl
[15:43:08] prokkaGAA/unknown.gff
[15:43:08] prokkaGAA/unknown.err
[15:43:08] prokkaGAA/unknown.fna
[15:43:08] prokkaGAA/unknown.tsv
[15:43:08] prokkaGAA/unknown.ffn
[15:43:08] prokkaGAA/unknown.log
[15:43:08] prokkaGAA/unknown.gbk
[15:43:08] prokkaGAA/unknown.fsa
[15:43:08] prokkaGAA/unknown.faa
[15:43:08] Annotation finished successfully.
[15:43:08] Walltime used: 1.50 minutes
[15:43:08] If you use this result please cite the Prokka paper:
[15:43:08] Seemann T (2014) Prokka: rapid prokaryotic genome annotation. Bioinformatics. 30(14):2068-9.
[15:43:08] Type 'prokka --citation' for more details.
[15:43:08] Thank you, come again.
